[logger] 2021-06-17T01:03:25.395Z POST /user/login?_t=1623891804713 401 38 - 292.339 ms
[logger] 2021-06-17T01:03:34.658Z POST /user/login?_t=1623891814344 401 38 - 2.317 ms
[logger] 2021-06-17T01:06:21.880Z POST /user/login?_t=1623891981862 401 38 - 0.685 ms
[logger] 2021-06-17T01:07:10.778Z POST /user/login?_t=1623892030770 401 38 - 0.595 ms
[logger] 2021-06-17T01:12:35.625Z POST /user/login?_t=1623892355296 200 70 - 15.157 ms
[logger] 2021-06-17T01:13:16.609Z POST /user/login?_t=1623892396591 200 67 - 5.005 ms
[logger] 2021-06-17T01:15:36.316Z POST /user/login?_t=1623892535975 200 67 - 18.857 ms
[logger] 2021-06-17T01:15:54.862Z POST /user/login?_t=1623892554831 200 56 - 15.786 ms
[logger] 2021-06-17T01:19:04.805Z POST /user/login?_t=1623892744460 200 56 - 17.839 ms
[logger] 2021-06-17T01:21:41.842Z POST /user/login?_t=1623892901524 200 56 - 4.318 ms
[logger] 2021-06-17T01:21:53.896Z POST /user/login?_t=1623892913847 200 56 - 21.386 ms
[logger] 2021-06-17T01:23:33.624Z POST /user/login?_t=1623893013265 200 68 - 26.653 ms
[logger] 2021-06-17T01:23:52.396Z POST /user/login?_t=1623893032359 200 79 - 17.328 ms
[logger] 2021-06-17T01:24:13.118Z POST /user/login?_t=1623893052778 200 68 - 20.545 ms
[logger] 2021-06-17T01:25:59.144Z POST /user/login?_t=1623893158835 200 68 - 2.278 ms
[logger] 2021-06-17T01:26:28.820Z POST /user/login?_t=1623893188784 200 68 - 16.271 ms
[logger] 2021-06-17T02:00:04.894Z POST /user/creat?_t=1623895204790 401 38 - 16.363 ms
[logger] 2021-06-17T02:07:54.301Z POST /user/creat?_t=1623895674266 200 49 - 21.471 ms
[logger] 2021-06-17T02:08:23.189Z POST /user/creat?_t=1623895702727 200 56 - 133.091 ms
[logger] 2021-06-17T02:12:13.980Z POST /user/login?_t=1623895933646 401 38 - 13.935 ms
[logger] 2021-06-17T02:16:22.177Z POST /user/login?_t=1623896182071 401 38 - 19.417 ms
[logger] 2021-06-17T02:16:34.141Z POST /user/login?_t=1623896193993 200 68 - 124.130 ms
[logger] 2021-06-17T02:19:01.423Z POST /user/login?_t=1623896340993 200 418 - 117.102 ms
[logger] 2021-06-17T02:19:40.392Z POST /sys/dictMain/list?_t=1623896380066 404 157 - 9.153 ms
[logger] 2021-06-17T02:19:49.648Z POST /demo/users/list?_t=1623896389642 404 155 - 1.295 ms
[logger] 2021-06-17T03:06:00.895Z POST /user/modifyPwd?_t=1623899098397 - - - - ms
[logger] 2021-06-17T03:14:49.574Z POST /user/modifyPwd?_t=1623899689272 200 422 - 212.927 ms
[logger] 2021-06-17T03:15:07.053Z POST /user/modifyPwd?_t=1623899706700 200 59 - 25.855 ms
[logger] 2021-06-17T03:16:33.574Z POST /user/modifyPwd?_t=1623899793240 200 59 - 21.412 ms
[logger] 2021-06-17T03:16:53.806Z POST /user/modifyPwd?_t=1623899813776 200 59 - 18.918 ms
[logger] 2021-06-17T03:18:52.585Z POST /user/modifyPwd?_t=1623899932250 200 59 - 18.968 ms
[logger] 2021-06-17T03:21:22.692Z POST /user/modifyPwd?_t=1623900082353 200 85 - 22.188 ms
[logger] 2021-06-17T03:22:14.439Z POST /user/modifyPwd?_t=1623900134340 200 85 - 2.380 ms
[logger] 2021-06-17T05:34:24.378Z POST /user/modifyPwd?_t=1623908063876 200 85 - 114.914 ms
[logger] 2021-06-17T05:34:46.744Z POST /user/modifyPwd?_t=1623908086552 200 85 - 2.416 ms
[logger] 2021-06-17T05:35:03.437Z POST /user/modifyPwd?_t=1623908103124 200 85 - 2.434 ms
[logger] 2021-06-17T05:35:36.516Z POST /user/modifyPwd?_t=1623908136508 200 85 - 1.900 ms
[logger] 2021-06-17T05:35:44.868Z POST /user/modifyPwd?_t=1623908144557 200 85 - 2.279 ms
[logger] 2021-06-17T05:44:29.157Z POST /user/login?_t=1623908669076 200 68 - 1.862 ms
[logger] 2021-06-17T05:44:35.973Z POST /user/login?_t=1623908675661 200 68 - 1.051 ms
[logger] 2021-06-17T05:45:18.978Z POST /user/creat?_t=1623908718971 401 38 - 1.350 ms
[logger] 2021-06-17T05:45:43.910Z POST /user/creat?_t=1623908743313 200 56 - 268.831 ms
[logger] 2021-06-17T05:46:36.943Z POST /user/creat?_t=1623908796820 200 56 - 112.162 ms
[logger] 2021-06-17T05:47:01.718Z POST /user/login?_t=1623908821593 200 426 - 114.019 ms
[logger] 2021-06-17T06:13:28.927Z POST /user/modifyPwd?_t=1623910408297 200 426 - 315.833 ms
[logger] 2021-06-17T06:14:10.930Z POST /user/modifyPwd?_t=1623910450730 200 426 - 192.805 ms
[logger] 2021-06-17T06:14:35.113Z POST /user/modifyPwd?_t=1623910474525 200 426 - 280.790 ms
[logger] 2021-06-17T06:17:41.977Z POST /user/modifyPwd?_t=1623910661479 200 426 - 188.653 ms
[logger] 2021-06-17T06:21:50.909Z POST /user/modifyPwd?_t=1623910910344 200 426 - 250.743 ms
[logger] 2021-06-17T06:21:58.069Z POST /user/modifyPwd?_t=1623910917853 200 426 - 209.740 ms
[logger] 2021-06-17T06:22:19.414Z POST /user/modifyPwd?_t=1623910939151 200 426 - 187.443 ms
[logger] 2021-06-17T06:23:49.183Z POST /user/modifyPwd?_t=1623911028728 200 85 - 139.216 ms
[logger] 2021-06-17T06:23:57.099Z POST /user/modifyPwd?_t=1623911037012 200 85 - 81.782 ms
[logger] 2021-06-17T06:24:03.158Z POST /user/modifyPwd?_t=1623911042755 200 85 - 92.594 ms
[logger] 2021-06-17T06:24:13.166Z POST /user/modifyPwd?_t=1623911052969 200 444 - 192.950 ms
[logger] 2021-06-17T06:24:23.248Z POST /user/modifyPwd?_t=1623911062671 200 444 - 270.675 ms
[logger] 2021-06-17T06:24:27.541Z POST /user/modifyPwd?_t=1623911067243 200 444 - 287.320 ms
[logger] 2021-06-17T06:24:43.201Z POST /user/modifyPwd?_t=1623911082711 200 444 - 181.048 ms
[logger] 2021-06-17T06:28:28.461Z POST /user/modifyPwd?_t=1623911307877 200 444 - 274.084 ms
[logger] 2021-06-17T06:28:49.736Z POST /user/modifyPwd?_t=1623911329176 200 444 - 181.964 ms
[logger] 2021-06-17T06:30:43.628Z POST /user/modifyPwd?_t=1623911443234 200 85 - 87.253 ms
[logger] 2021-06-17T06:30:53.053Z POST /user/modifyPwd?_t=1623911452769 200 444 - 276.941 ms
[logger] 2021-06-17T06:31:24.588Z POST /user/modifyPwd?_t=1623911484244 200 444 - 270.719 ms
[logger] 2021-06-17T06:32:52.372Z POST /user/login?_t=1623911572218 200 426 - 80.751 ms
[logger] 2021-06-17T06:33:31.074Z POST /user/modifyPwd?_t=1623911610714 200 444 - 277.286 ms
[logger] 2021-06-17T06:35:10.249Z POST /user/modifyPwd?_t=1623911709893 200 444 - 283.310 ms
[logger] 2021-06-17T06:36:16.808Z POST /user/modifyPwd?_t=1623911776461 200 444 - 262.418 ms
[logger] 2021-06-17T06:36:44.324Z POST /user/modifyPwd?_t=1623911804040 200 444 - 265.890 ms
[logger] 2021-06-17T06:37:16.508Z POST /user/modifyPwd?_t=1623911836315 200 444 - 184.388 ms
[logger] 2021-06-17T06:38:03.384Z POST /user/modifyPwd?_t=1623911882803 200 444 - 271.952 ms
[logger] 2021-06-17T06:38:39.830Z POST /user/modifyPwd?_t=1623911919570 200 444 - 255.719 ms
[logger] 2021-06-17T06:39:45.179Z POST /user/modifyPwd?_t=1623911984598 200 444 - 271.605 ms
[logger] 2021-06-17T06:48:48.008Z POST /user/login?_t=1623912527909 200 426 - 85.566 ms
[logger] 2021-06-17T07:06:37.502Z POST /user/login?_t=1623913597403 200 426 - 80.795 ms
[logger] 2021-06-17T07:08:38.816Z POST /user/login?_t=1623913718705 200 426 - 87.386 ms
[logger] 2021-06-17T07:11:10.146Z POST /user/login?_t=1623913870055 200 426 - 80.005 ms
[logger] 2021-06-17T07:11:18.083Z POST /user/login?_t=1623913877992 200 426 - 84.139 ms
[logger] 2021-06-17T07:11:39.719Z POST /user/login?_t=1623913899617 200 426 - 86.480 ms
[logger] 2021-06-17T07:11:53.603Z POST /user/login?_t=1623913913502 200 426 - 84.198 ms
[logger] 2021-06-17T07:13:57.436Z POST /user/login?_t=1623914036975 200 426 - 78.827 ms
[logger] 2021-06-17T07:14:00.259Z POST /sys/dictMain/list?_t=1623914040252 404 157 - 2.576 ms
[logger] 2021-06-17T07:16:35.459Z POST /user/login?_t=1623914195066 200 426 - 79.608 ms
[logger] 2021-06-17T07:23:41.163Z POST /demo/users/list?_t=1623914621155 404 155 - 1.151 ms
[logger] 2021-06-17T07:45:15.026Z POST /demo/users/list?_t=1623915914997 404 155 - 11.226 ms
[logger] 2021-06-17T07:54:04.326Z POST /user/login?_t=1623916444193 200 426 - 113.837 ms
[logger] 2021-06-17T07:56:40.109Z POST /product/list?_t=1623916500097 - - - - ms
[logger] 2021-06-17T07:59:22.041Z POST /product/list?_t=1623916747310 - - - - ms
[logger] 2021-06-17T08:01:18.601Z POST /product/list?_t=1623916778532 - - - - ms
[logger] 2021-06-17T08:26:34.232Z POST /user/login?_t=1623918394128 200 426 - 82.629 ms
[logger] 2021-06-17T08:26:57.935Z POST /product/list?_t=1623918399595 - - - - ms
[logger] 2021-06-17T08:27:14.582Z POST /product/list?_t=1623918430732 - - - - ms
[logger] 2021-06-17T08:28:58.106Z POST /product/list?_t=1623918438093 - - - - ms
[logger] 2021-06-17T08:31:37.360Z POST /sys/dictMain/list?_t=1623918697051 404 157 - 1.919 ms
[logger] 2021-06-17T08:31:44.556Z POST /sys/dictMain/list?_t=1623918704549 404 157 - 0.935 ms
[logger] 2021-06-17T08:33:33.054Z POST /product/list?_t=1623918713046 - - - - ms
[logger] 2021-06-17T08:34:20.270Z POST /product/list?_t=1623918818720 - - - - ms
[logger] 2021-06-17T08:35:27.791Z POST /product/list?_t=1623918861995 - - - - ms
[logger] 2021-06-17T08:35:29.497Z POST /product/list?_t=1623918929357 - - - - ms
[logger] 2021-06-17T08:35:38.061Z POST /sys/dictMain/list?_t=1623918937735 404 157 - 0.902 ms
[logger] 2021-06-17T08:37:11.182Z POST /product/list?_t=1623918931176 - - - - ms
[logger] 2021-06-17T08:37:58.992Z POST /product/list?_t=1623919078981 200 8213 - 4.582 ms
[logger] 2021-06-17T08:38:12.236Z POST /product/list?_t=1623919092215 200 8213 - 2.982 ms
[logger] 2021-06-17T08:38:21.936Z POST /product/list?_t=1623919101923 200 8213 - 4.391 ms
[logger] 2021-06-17T08:38:41.381Z POST /product/list?_t=1623919121370 200 8213 - 2.757 ms
[logger] 2021-06-17T08:39:25.383Z POST /product/list?_t=1623919165371 200 8213 - 3.589 ms
[logger] 2021-06-17T08:39:47.666Z POST /product/list?_t=1623919187655 200 8213 - 4.483 ms
[logger] 2021-06-17T08:40:13.477Z POST /product/list?_t=1623919213466 200 8213 - 4.108 ms
[logger] 2021-06-17T08:40:26.335Z POST /product/list?_t=1623919226327 200 8213 - 2.383 ms
[logger] 2021-06-17T08:42:57.140Z POST /product/list?_t=1623919376996 200 8213 - 4.370 ms
[logger] 2021-06-17T08:43:05.940Z POST /product/list?_t=1623919385930 200 8213 - 2.891 ms
[logger] 2021-06-17T08:43:12.787Z POST /product/list?_t=1623919392780 200 8213 - 2.411 ms
[logger] 2021-06-17T08:43:17.084Z POST /product/list?_t=1623919397073 200 8213 - 2.372 ms
[logger] 2021-06-17T08:43:56.045Z POST /product/list?_t=1623919436036 200 8213 - 2.776 ms
[logger] 2021-06-17T08:43:57.785Z POST /product/list?_t=1623919437773 200 8213 - 2.791 ms
[logger] 2021-06-17T08:44:22.234Z POST /product/list?_t=1623919462216 200 8213 - 3.141 ms
[logger] 2021-06-17T08:44:27.316Z POST /product/list?_t=1623919467304 200 8213 - 5.154 ms
[logger] 2021-06-17T08:44:36.158Z POST /product/list?_t=1623919476078 200 8213 - 2.688 ms
[logger] 2021-06-17T08:44:38.439Z POST /product/list?_t=1623919478430 200 8213 - 2.495 ms
[logger] 2021-06-17T08:45:45.319Z POST /product/list?_t=1623919545042 200 8213 - 2.253 ms
[logger] 2021-06-17T08:48:35.273Z POST /product/list?_t=1623919615258 - - - - ms
[logger] 2021-06-17T08:48:37.252Z POST /product/list?_t=1623919617245 - - - - ms
[logger] 2021-06-17T08:49:02.860Z POST /product/list?_t=1623919742736 200 8213 - 4.104 ms
[logger] 2021-06-17T08:49:04.548Z POST /product/list?_t=1623919644542 - - - - ms
[logger] 2021-06-17T08:49:10.999Z POST /product/list?_t=1623919750989 200 8213 - 2.717 ms
[logger] 2021-06-17T08:50:07.716Z POST /product/list?_t=1623919807444 200 8213 - 2.748 ms
[logger] 2021-06-17T08:50:35.064Z POST /product/list?_t=1623919835053 200 8213 - 3.315 ms
[logger] 2021-06-17T08:50:58.558Z POST /product/list?_t=1623919858265 200 8213 - 2.153 ms
[logger] 2021-06-17T08:51:12.731Z POST /product/list?_t=1623919772704 - - - - ms
[logger] 2021-06-17T08:51:50.261Z POST /product/list?_t=1623919810256 - - - - ms
[logger] 2021-06-17T08:52:18.541Z POST /product/list?_t=1623919838534 - - - - ms
[logger] 2021-06-17T08:52:41.716Z POST /product/list?_t=1623919861708 - - - - ms
[logger] 2021-06-17T08:52:44.996Z POST /product/list?_t=1623919964800 200 8213 - 2.135 ms
[logger] 2021-06-17T08:52:47.439Z POST /product/list?_t=1623919967426 200 8213 - 2.742 ms
[logger] 2021-06-17T08:53:05.657Z POST /product/list?_t=1623919985365 200 8213 - 2.909 ms
[logger] 2021-06-17T08:53:18.169Z POST /product/list?_t=1623919998063 200 8213 - 5.836 ms
[logger] 2021-06-17T08:53:26.701Z POST /product/list?_t=1623920003458 - - - - ms
[logger] 2021-06-17T08:53:28.142Z POST /product/list?_t=1623920008133 200 8213 - 2.432 ms
[logger] 2021-06-17T08:55:24.226Z POST /product/list?_t=1623920024201 - - - - ms
[logger] 2021-06-17T08:55:37.496Z POST /product/list?_t=1623920137414 200 8213 - 2.547 ms
[logger] 2021-06-17T08:55:41.749Z POST /product/list?_t=1623920052500 - - - - ms
[logger] 2021-06-17T08:55:41.749Z POST /product/list?_t=1623920052498 - - - - ms
[logger] 2021-06-17T08:55:43.160Z POST /product/list?_t=1623920143152 200 8213 - 2.643 ms
[logger] 2021-06-17T08:56:05.096Z POST /product/list?_t=1623920164783 200 2530 - 2.156 ms
[logger] 2021-06-17T08:56:10.147Z POST /product/list?_t=1623920170139 200 8213 - 2.658 ms
[logger] 2021-06-17T08:56:11.706Z POST /product/list?_t=1623920171398 200 2530 - 2.823 ms
[logger] 2021-06-17T08:56:15.133Z POST /product/list?_t=1623920175124 200 8213 - 2.470 ms
[logger] 2021-06-17T08:56:17.199Z POST /product/list?_t=1623920177193 200 2530 - 1.931 ms
[logger] 2021-06-17T08:56:18.991Z POST /product/list?_t=1623920178671 200 8213 - 7.377 ms
[logger] 2021-06-17T08:56:20.944Z POST /product/list?_t=1623920180933 200 2530 - 2.215 ms
[logger] 2021-06-17T09:01:39.075Z POST /product/list?_t=1623920499065 200 8213 - 2.770 ms
[logger] 2021-06-17T09:01:45.234Z POST /product/list?_t=1623920505225 200 8213 - 3.139 ms
[logger] 2021-06-17T09:01:50.473Z POST /product/list?_t=1623920510462 200 8213 - 3.645 ms
[logger] 2021-06-17T09:02:05.536Z POST /product/list?_t=1623920525527 200 8213 - 2.191 ms
[logger] 2021-06-17T09:02:09.440Z POST /product/list?_t=1623920529433 200 8213 - 2.112 ms
[logger] 2021-06-17T09:02:49.431Z POST /product/list?_t=1623920569419 200 8213 - 3.013 ms
[logger] 2021-06-17T09:08:47.282Z POST /product/list?_t=1623920927272 200 8213 - 2.594 ms
[logger] 2021-06-17T09:09:21.845Z POST /product/list?_t=1623920961832 200 8213 - 5.856 ms
[logger] 2021-06-17T09:11:19.810Z POST /product/list?_t=1623921079799 200 8213 - 2.381 ms
[logger] 2021-06-17T09:17:23.277Z POST /product/list?_t=1623921443259 200 8213 - 3.837 ms
[logger] 2021-06-17T09:19:46.371Z POST /product/list?_t=1623921586355 200 8213 - 4.069 ms
[logger] 2021-06-17T09:26:00.748Z POST /product/list?_t=1623921960730 200 8213 - 2.969 ms
[logger] 2021-06-17T09:26:22.989Z POST /product/list?_t=1623921982979 200 8213 - 2.575 ms
[logger] 2021-06-17T09:27:05.791Z POST /product/list?_t=1623922025777 200 8213 - 2.679 ms
[logger] 2021-06-17T09:27:39.884Z POST /product/list?_t=1623922059876 200 8213 - 2.345 ms
[logger] 2021-06-17T09:28:54.260Z POST /product/list?_t=1623922134251 200 8213 - 2.658 ms
[logger] 2021-06-17T09:29:44.551Z POST /product/list?_t=1623922184538 200 8213 - 2.645 ms
[logger] 2021-06-17T09:34:18.658Z POST /product/list?_t=1623922458642 200 8213 - 2.641 ms
[logger] 2021-06-17T09:39:21.461Z POST /product/list?_t=1623922761439 200 8213 - 6.358 ms
[logger] 2021-06-17T09:50:09.660Z POST /product/list?_t=1623923409639 200 8213 - 3.561 ms
