[logger] 2021-06-29T01:11:14.532Z POST /user/login?_t=1624929074281 200 426 - 228.837 ms
[logger] 2021-06-29T01:11:19.947Z POST /classify/list?_t=1624929079867 200 412 - 74.531 ms
[logger] 2021-06-29T01:11:30.694Z POST /product/list?_t=1624929090378 200 8213 - 4.546 ms
[logger] 2021-06-29T01:13:14.697Z POST /classify/list?_t=1624929094692 - - - - ms
[logger] 2021-06-29T01:15:24.250Z POST /classify/list?_t=1624929224225 - - - - ms
[logger] 2021-06-29T01:16:30.795Z POST /product/list?_t=1624929390557 200 8213 - 4.568 ms
[logger] 2021-06-29T01:16:38.033Z POST /product/list?_t=1624929397923 200 8213 - 6.418 ms
[logger] 2021-06-29T01:16:39.868Z POST /product/list?_t=1624929399857 200 8213 - 2.903 ms
[logger] 2021-06-29T01:17:05.798Z POST /product/list?_t=1624929425777 200 8213 - 3.927 ms
[logger] 2021-06-29T01:27:38.434Z POST /product/list?_t=1624930058342 200 8213 - 4.791 ms
[logger] 2021-06-29T01:28:13.220Z POST /product/list?_t=1624930093199 200 8213 - 3.715 ms
[logger] 2021-06-29T01:39:02.616Z POST /product/list?_t=1624930742517 200 8213 - 2.656 ms
[logger] 2021-06-29T01:40:41.901Z POST /product/list?_t=1624930841799 200 8213 - 4.630 ms
[logger] 2021-06-29T01:40:46.086Z POST /product/list?_t=1624930846077 200 8213 - 3.480 ms
[logger] 2021-06-29T01:52:46.586Z POST /product/list?_t=1624931566369 200 8213 - 3.531 ms
[logger] 2021-06-29T01:52:51.098Z POST /product/list?_t=1624931571087 200 8213 - 3.933 ms
[logger] 2021-06-29T01:53:22.724Z POST /product/list?_t=1624931602407 200 8213 - 2.768 ms
[logger] 2021-06-29T01:53:36.603Z POST /product/list?_t=1624931616287 200 8213 - 2.634 ms
[logger] 2021-06-29T01:53:38.751Z POST /product/list?_t=1624931618740 200 8213 - 3.322 ms
[logger] 2021-06-29T01:53:50.934Z POST /product/list?_t=1624931630696 200 8213 - 2.640 ms
[logger] 2021-06-29T01:53:52.882Z POST /product/list?_t=1624931632869 200 8213 - 3.366 ms
[logger] 2021-06-29T01:54:16.003Z POST /product/list?_t=1624931655699 200 8213 - 2.290 ms
[logger] 2021-06-29T01:54:19.025Z POST /product/list?_t=1624931659014 200 8213 - 2.805 ms
[logger] 2021-06-29T01:55:50.315Z POST /product/list?_t=1624931749954 200 8213 - 2.841 ms
[logger] 2021-06-29T01:55:50.533Z POST /product/list?_t=1624931750436 200 8213 - 2.268 ms
[logger] 2021-06-29T01:56:56.935Z POST /product/list?_t=1624931816849 200 8213 - 3.307 ms
[logger] 2021-06-29T01:57:01.665Z POST /product/list?_t=1624931821656 200 8213 - 2.698 ms
[logger] 2021-06-29T01:57:49.071Z POST /product/list?_t=1624931868778 200 8213 - 3.045 ms
[logger] 2021-06-29T01:58:46.740Z POST /product/list?_t=1624931926617 200 8213 - 3.635 ms
[logger] 2021-06-29T01:58:49.939Z POST /product/list?_t=1624931929929 200 8213 - 3.129 ms
[logger] 2021-06-29T01:59:31.605Z POST /product/list?_t=1624931971405 200 8213 - 2.640 ms
[logger] 2021-06-29T01:59:37.325Z POST /product/list?_t=1624931977315 200 8213 - 3.233 ms
[logger] 2021-06-29T02:02:16.400Z POST /product/list?_t=1624932136249 200 8213 - 2.352 ms
[logger] 2021-06-29T02:02:18.738Z POST /product/list?_t=1624932138727 200 8213 - 4.126 ms
[logger] 2021-06-29T02:08:15.578Z POST /product/list?_t=1624932495566 200 8213 - 2.606 ms
[logger] 2021-06-29T02:08:17.267Z POST /product/list?_t=1624932497258 200 8213 - 2.599 ms
[logger] 2021-06-29T02:08:35.926Z POST /product/list?_t=1624932515616 200 2530 - 1.965 ms
[logger] 2021-06-29T02:08:42.789Z POST /product/list?_t=1624932522779 200 8213 - 2.749 ms
[logger] 2021-06-29T02:08:52.756Z POST /product/list?_t=1624932532746 200 8213 - 3.040 ms
[logger] 2021-06-29T02:09:54.389Z POST /product/list?_t=1624932594276 200 8213 - 2.483 ms
[logger] 2021-06-29T02:09:58.315Z POST /product/list?_t=1624932598306 200 8213 - 2.358 ms
[logger] 2021-06-29T02:10:06.151Z POST /product/list?_t=1624932606048 200 8213 - 3.051 ms
[logger] 2021-06-29T02:10:10.183Z POST /product/list?_t=1624932610172 200 8213 - 2.345 ms
[logger] 2021-06-29T02:10:59.795Z POST /product/list?_t=1624932659486 200 8213 - 2.169 ms
[logger] 2021-06-29T02:11:04.121Z POST /product/list?_t=1624932664112 200 8213 - 2.686 ms
[logger] 2021-06-29T02:11:07.750Z POST /product/list?_t=1624932667742 200 2530 - 1.917 ms
[logger] 2021-06-29T02:11:09.915Z POST /product/list?_t=1624932669602 200 8213 - 4.603 ms
[logger] 2021-06-29T02:11:12.800Z POST /product/list?_t=1624932672791 200 8213 - 2.698 ms
[logger] 2021-06-29T02:11:35.137Z POST /product/list?_t=1624932695058 200 8213 - 3.985 ms
[logger] 2021-06-29T02:11:38.824Z POST /product/list?_t=1624932698814 200 8213 - 2.591 ms
[logger] 2021-06-29T02:11:59.791Z POST /product/list?_t=1624932719464 200 8213 - 7.348 ms
[logger] 2021-06-29T02:12:01.953Z POST /product/list?_t=1624932721941 200 8213 - 3.582 ms
[logger] 2021-06-29T02:12:20.490Z POST /product/list?_t=1624932740197 200 8213 - 2.916 ms
[logger] 2021-06-29T02:12:24.185Z POST /product/list?_t=1624932744176 200 8213 - 3.489 ms
[logger] 2021-06-29T02:12:40.066Z POST /product/list?_t=1624932760056 200 8213 - 2.080 ms
[logger] 2021-06-29T02:12:48.493Z POST /product/list?_t=1624932768486 200 10660 - 2.086 ms
[logger] 2021-06-29T02:12:52.141Z POST /product/list?_t=1624932772132 200 8213 - 2.205 ms
[logger] 2021-06-29T02:14:44.130Z POST /classify/list?_t=1624932784123 - - - - ms
[logger] 2021-06-29T02:14:48.558Z POST /classify/list?_t=1624932788549 - - - - ms
[logger] 2021-06-29T02:15:20.440Z POST /classify/list?_t=1624932820433 - - - - ms
[logger] 2021-06-29T02:16:16.709Z POST /classify/list?_t=1624932876706 - - - - ms
[logger] 2021-06-29T02:18:06.654Z POST /product/list?_t=1624933086612 200 8213 - 28.965 ms
[logger] 2021-06-29T02:18:31.363Z POST /classify/list?_t=1624933099519 - - - - ms
[logger] 2021-06-29T02:18:31.363Z POST /classify/list?_t=1624933088213 - - - - ms
[logger] 2021-06-29T02:18:32.768Z POST /product/list?_t=1624933112759 200 8213 - 4.074 ms
[logger] 2021-06-29T02:21:23.201Z POST /classify/list?_t=1624933183196 - - - - ms
[logger] 2021-06-29T02:31:31.786Z POST /product/list?_t=1624933891745 200 8213 - 24.811 ms
[logger] 2021-06-29T02:31:40.589Z POST /product/list?_t=1624933900578 200 8213 - 3.128 ms
[logger] 2021-06-29T02:31:46.269Z POST /product/list?_t=1624933906255 200 8213 - 4.834 ms
[logger] 2021-06-29T02:32:44.963Z POST /product/list?_t=1624933964954 200 8213 - 2.878 ms
[logger] 2021-06-29T02:32:48.872Z POST /product/list?_t=1624933968862 200 8213 - 2.976 ms
[logger] 2021-06-29T02:33:06.961Z POST /product/list?_t=1624933986938 200 8213 - 10.548 ms
[logger] 2021-06-29T02:33:10.997Z POST /classify/itemList?_t=1624933990983 200 532 - 4.653 ms
[logger] 2021-06-29T02:35:34.483Z POST /classify/itemList?_t=1624934134474 200 532 - 1.974 ms
[logger] 2021-06-29T02:35:46.516Z POST /classify/itemList?_t=1624934146495 200 532 - 2.588 ms
[logger] 2021-06-29T02:35:51.300Z POST /classify/itemList?_t=1624934150992 200 532 - 1.443 ms
[logger] 2021-06-29T02:36:04.101Z POST /classify/itemList?_t=1624934164092 200 532 - 2.187 ms
[logger] 2021-06-29T02:36:06.638Z POST /product/list?_t=1624934166629 200 8213 - 3.244 ms
[logger] 2021-06-29T02:36:08.573Z POST /classify/itemList?_t=1624934168561 200 532 - 3.319 ms
[logger] 2021-06-29T02:36:47.635Z POST /product/list?_t=1624934207623 200 8213 - 4.799 ms
[logger] 2021-06-29T02:36:49.249Z POST /classify/itemList?_t=1624934209238 200 532 - 3.600 ms
[logger] 2021-06-29T02:47:36.105Z POST /classify/itemList?_t=1624934856096 200 532 - 2.318 ms
[logger] 2021-06-29T02:48:39.672Z POST /classify/itemList?_t=1624934919604 200 532 - 1.587 ms
[logger] 2021-06-29T02:48:48.522Z POST /classify/itemList?_t=1624934928444 200 532 - 1.746 ms
[logger] 2021-06-29T02:48:49.929Z POST /classify/itemList?_t=1624934929919 200 532 - 2.119 ms
[logger] 2021-06-29T02:48:56.221Z POST /product/list?_t=1624934936210 200 8213 - 5.574 ms
[logger] 2021-06-29T02:48:58.590Z POST /classify/itemList?_t=1624934938582 200 532 - 1.974 ms
[logger] 2021-06-29T02:49:23.475Z POST /classify/itemList?_t=1624934963166 200 532 - 1.445 ms
[logger] 2021-06-29T02:51:29.124Z POST /classify/itemList?_t=1624935088813 200 532 - 1.601 ms
[logger] 2021-06-29T02:51:37.807Z POST /classify/itemList?_t=1624935097799 200 532 - 1.740 ms
[logger] 2021-06-29T02:52:12.835Z POST /classify/itemList?_t=1624935132527 200 532 - 1.325 ms
[logger] 2021-06-29T02:54:01.123Z POST /classify/list?_t=1624935240804 200 502 - 8.307 ms
[logger] 2021-06-29T02:54:38.767Z POST /product/list?_t=1624935278757 200 8213 - 5.042 ms
[logger] 2021-06-29T02:54:40.600Z POST /classify/itemList?_t=1624935280283 200 532 - 3.030 ms
[logger] 2021-06-29T05:10:22.580Z POST /product/list?_t=1624943422534 200 8213 - 30.571 ms
[logger] 2021-06-29T05:10:24.398Z POST /classify/itemList?_t=1624943424283 200 532 - 106.026 ms
[logger] 2021-06-29T05:11:58.445Z POST /classify/itemList?_t=1624943518129 200 532 - 3.976 ms
[logger] 2021-06-29T05:17:16.784Z POST /product/list?_t=1624943836729 200 8213 - 41.008 ms
[logger] 2021-06-29T05:17:18.053Z POST /classify/itemList?_t=1624943838043 200 149 - 4.034 ms
[logger] 2021-06-29T05:17:44.416Z POST /classify/itemList?_t=1624943864407 200 149 - 2.452 ms
[logger] 2021-06-29T05:35:09.244Z POST /product/list?_t=1624944909231 200 8213 - 5.289 ms
[logger] 2021-06-29T05:36:03.587Z POST /classify/itemList?_t=1624944963569 200 149 - 1.247 ms
[logger] 2021-06-29T05:36:13.850Z POST /product/list?_t=1624944973841 200 8213 - 3.076 ms
[logger] 2021-06-29T05:36:16.057Z POST /classify/itemList?_t=1624944976049 200 149 - 1.843 ms
[logger] 2021-06-29T05:46:40.989Z POST /product/list?_t=1624945600968 200 8213 - 5.619 ms
[logger] 2021-06-29T05:46:42.784Z POST /classify/itemList?_t=1624945602774 200 149 - 2.136 ms
[logger] 2021-06-29T05:47:28.464Z POST /classify/itemList?_t=1624945648450 200 149 - 1.805 ms
[logger] 2021-06-29T05:49:06.667Z POST /product/list?_t=1624945746652 200 8213 - 4.587 ms
[logger] 2021-06-29T05:49:15.559Z POST /product/list?_t=1624945755546 200 8213 - 5.810 ms
[logger] 2021-06-29T05:49:35.474Z POST /product/list?_t=1624945775463 200 8213 - 3.450 ms
[logger] 2021-06-29T05:49:43.403Z POST /classify/itemList?_t=1624945783089 200 149 - 1.100 ms
[logger] 2021-06-29T05:50:22.910Z POST /product/list?_t=1624945822899 200 8213 - 2.653 ms
[logger] 2021-06-29T05:50:26.980Z POST /classify/itemList?_t=1624945826969 200 149 - 1.702 ms
[logger] 2021-06-29T05:50:32.394Z POST /product/update?_t=1624945831917 200 74 - 170.220 ms
[logger] 2021-06-29T05:50:32.478Z POST /product/list?_t=1624945832436 200 8213 - 3.273 ms
[logger] 2021-06-29T05:58:14.268Z POST /classify/itemList?_t=1624946293928 200 149 - 13.375 ms
[logger] 2021-06-29T06:03:12.759Z POST /product/update?_t=1624946592266 200 74 - 174.434 ms
[logger] 2021-06-29T06:03:12.830Z POST /product/list?_t=1624946592780 200 8207 - 3.612 ms
[logger] 2021-06-29T06:03:18.473Z POST /classify/itemList?_t=1624946598460 200 149 - 4.191 ms
[logger] 2021-06-29T06:13:47.046Z POST /classify/list?_t=1624947226734 401 38 - 1.441 ms
[logger] 2021-06-29T06:17:53.616Z POST /classify/list?_t=1624947473527 401 38 - 1.580 ms
[logger] 2021-06-29T06:17:57.869Z POST /user/login?_t=1624947477469 200 426 - 388.303 ms
[logger] 2021-06-29T06:18:03.730Z POST /classify/list?_t=1624947483416 200 502 - 8.424 ms
[logger] 2021-06-29T06:18:04.502Z POST /product/list?_t=1624947484495 200 8207 - 3.054 ms
[logger] 2021-06-29T06:18:20.518Z POST /classify/itemList?_t=1624947500209 200 149 - 1.134 ms
[logger] 2021-06-29T06:19:29.746Z POST /product/list?_t=1624947569736 200 8207 - 2.946 ms
[logger] 2021-06-29T06:19:31.829Z POST /classify/itemList?_t=1624947571823 200 149 - 1.464 ms
[logger] 2021-06-29T06:20:31.128Z POST /product/list?_t=1624947631116 200 8207 - 3.915 ms
[logger] 2021-06-29T06:20:47.269Z POST /classify/itemList?_t=1624947647260 200 149 - 1.624 ms
[logger] 2021-06-29T06:24:46.543Z POST /product/list?_t=1624947886525 200 8207 - 4.779 ms
[logger] 2021-06-29T06:25:00.062Z POST /product/list?_t=1624947900050 200 8207 - 4.244 ms
[logger] 2021-06-29T06:25:12.958Z POST /sys/dictMain/list?_t=1624947912645 404 157 - 3.408 ms
[logger] 2021-06-29T06:29:10.518Z POST /sys/dictMain/list?_t=1624948050498 - - - - ms
[logger] 2021-06-29T06:30:32.689Z POST /sys/dictMain/list?_t=1624948232670 200 1786 - 11.281 ms
[logger] 2021-06-29T06:30:32.883Z POST /sys/dictionary/list?_t=1624948232816 200 347 - 27.712 ms
[logger] 2021-06-29T06:30:43.926Z POST /sys/dictionary/list?_t=1624948243616 200 119 - 1.723 ms
[logger] 2021-06-29T06:30:44.747Z POST /sys/dictionary/list?_t=1624948244739 200 119 - 2.285 ms
[logger] 2021-06-29T06:30:46.065Z POST /sys/dictionary/list?_t=1624948245758 200 119 - 1.314 ms
[logger] 2021-06-29T06:30:46.678Z POST /sys/dictionary/list?_t=1624948246671 200 119 - 1.316 ms
[logger] 2021-06-29T06:30:47.844Z POST /sys/dictionary/list?_t=1624948247536 200 119 - 1.524 ms
[logger] 2021-06-29T06:30:48.282Z POST /sys/dictionary/list?_t=1624948248277 200 119 - 1.261 ms
[logger] 2021-06-29T06:30:50.760Z POST /sys/dictionary/list?_t=1624948250452 200 119 - 1.197 ms
[logger] 2021-06-29T06:30:51.387Z POST /sys/dictionary/list?_t=1624948251380 200 119 - 1.495 ms
[logger] 2021-06-29T06:30:52.551Z POST /sys/dictionary/list?_t=1624948252244 200 119 - 1.196 ms
[logger] 2021-06-29T06:30:53.627Z POST /sys/dictionary/list?_t=1624948253620 200 347 - 1.957 ms
[logger] 2021-06-29T06:30:55.460Z POST /sys/dictionary/list?_t=1624948255137 200 317 - 6.233 ms
[logger] 2021-06-29T06:34:00.719Z POST /sys/dictionary/list?_t=1624948440401 200 317 - 3.073 ms
[logger] 2021-06-29T06:34:35.632Z POST /sys/dictMain/list?_t=1624948475621 200 1786 - 3.203 ms
[logger] 2021-06-29T06:34:35.772Z POST /sys/dictionary/list?_t=1624948475725 200 347 - 2.711 ms
[logger] 2021-06-29T06:34:38.473Z POST /sys/dictMain/list?_t=1624948478462 200 1786 - 2.658 ms
[logger] 2021-06-29T06:34:38.650Z POST /sys/dictionary/list?_t=1624948478594 200 347 - 2.260 ms
[logger] 2021-06-29T06:34:40.275Z POST /sys/dictionary/list?_t=1624948480259 200 317 - 3.278 ms
[logger] 2021-06-29T06:37:49.536Z POST /sys/dictionary/list?_t=1624948669524 200 317 - 1.827 ms
[logger] 2021-06-29T06:37:57.377Z POST /sys/dictMain/list?_t=1624948677368 200 1786 - 2.267 ms
[logger] 2021-06-29T06:37:57.575Z POST /sys/dictionary/list?_t=1624948677531 200 347 - 3.439 ms
[logger] 2021-06-29T06:37:59.187Z POST /sys/dictionary/list?_t=1624948679173 200 317 - 1.964 ms
[logger] 2021-06-29T06:40:28.790Z POST /sys/dictMain/list?_t=1624948828777 200 1786 - 2.928 ms
[logger] 2021-06-29T06:40:28.965Z POST /sys/dictionary/list?_t=1624948828925 200 347 - 2.395 ms
[logger] 2021-06-29T06:40:35.406Z POST /sys/dictionary/list?_t=1624948835390 200 317 - 2.278 ms
[logger] 2021-06-29T06:41:43.769Z POST /sys/dictMain/list?_t=1624948903758 200 1786 - 3.753 ms
[logger] 2021-06-29T06:41:43.925Z POST /sys/dictionary/list?_t=1624948903886 200 347 - 2.138 ms
[logger] 2021-06-29T06:41:46.294Z POST /sys/dictionary/list?_t=1624948906279 200 317 - 1.843 ms
[logger] 2021-06-29T06:41:53.810Z POST /sys/dictMain/list?_t=1624948913800 200 1786 - 3.192 ms
[logger] 2021-06-29T06:41:54.012Z POST /sys/dictionary/list?_t=1624948913971 200 347 - 2.309 ms
[logger] 2021-06-29T06:41:56.293Z POST /sys/dictionary/list?_t=1624948916278 200 317 - 1.975 ms
[logger] 2021-06-29T06:44:50.362Z POST /sys/dictMain/list?_t=1624949090351 200 1786 - 3.077 ms
[logger] 2021-06-29T06:44:50.525Z POST /sys/dictionary/list?_t=1624949090487 200 347 - 2.498 ms
[logger] 2021-06-29T06:44:53.082Z POST /sys/dictionary/list?_t=1624949093066 200 317 - 1.992 ms
[logger] 2021-06-29T06:44:57.043Z POST /sys/dictionary/list?_t=1624949096724 200 317 - 5.503 ms
[logger] 2021-06-29T06:45:02.510Z POST /sys/dictionary/list?_t=1624949102496 200 317 - 2.017 ms
[logger] 2021-06-29T06:45:45.273Z POST /sys/dictMain/list?_t=1624949145264 200 1786 - 2.505 ms
[logger] 2021-06-29T06:45:45.438Z POST /sys/dictionary/list?_t=1624949145401 200 347 - 1.877 ms
[logger] 2021-06-29T06:45:53.002Z POST /sys/dictMain/list?_t=1624949152993 200 1786 - 2.656 ms
[logger] 2021-06-29T06:45:53.150Z POST /sys/dictionary/list?_t=1624949153105 200 347 - 2.506 ms
[logger] 2021-06-29T06:45:54.693Z POST /sys/dictionary/list?_t=1624949154676 200 317 - 4.072 ms
[logger] 2021-06-29T06:48:54.273Z POST /sys/dictMain/list?_t=1624949334261 200 1786 - 3.058 ms
[logger] 2021-06-29T06:48:54.452Z POST /sys/dictionary/list?_t=1624949334408 200 347 - 2.615 ms
[logger] 2021-06-29T06:48:56.148Z POST /sys/dictionary/list?_t=1624949336134 200 317 - 2.405 ms
[logger] 2021-06-29T06:49:24.781Z POST /sys/dictMain/list?_t=1624949364771 200 1786 - 3.157 ms
[logger] 2021-06-29T06:49:24.976Z POST /sys/dictionary/list?_t=1624949364935 200 347 - 3.505 ms
[logger] 2021-06-29T06:49:26.607Z POST /sys/dictionary/list?_t=1624949366592 200 317 - 1.931 ms
[logger] 2021-06-29T06:50:21.820Z POST /classify/list?_t=1624949421798 200 502 - 9.697 ms
[logger] 2021-06-29T06:50:31.045Z POST /sys/dictMain/list?_t=1624949430733 200 1786 - 3.454 ms
[logger] 2021-06-29T06:50:31.292Z POST /sys/dictionary/list?_t=1624949431101 200 347 - 2.178 ms
[logger] 2021-06-29T06:50:33.269Z POST /sys/dictionary/list?_t=1624949433255 200 317 - 1.584 ms
[logger] 2021-06-29T06:50:52.632Z POST /sys/dictMain/delete?_t=1624949452245 200 59 - 80.781 ms
[logger] 2021-06-29T06:50:52.804Z POST /sys/dictMain/list?_t=1624949452635 200 1621 - 2.306 ms
[logger] 2021-06-29T06:50:52.943Z POST /sys/dictionary/list?_t=1624949452831 200 347 - 1.815 ms
[logger] 2021-06-29T06:50:55.499Z POST /sys/dictMain/delete?_t=1624949455475 200 59 - 20.723 ms
[logger] 2021-06-29T06:50:55.810Z POST /sys/dictMain/list?_t=1624949455501 200 1457 - 1.747 ms
[logger] 2021-06-29T06:50:56.061Z POST /sys/dictionary/list?_t=1624949455832 200 347 - 2.437 ms
[logger] 2021-06-29T06:51:00.149Z POST /sys/dictMain/delete?_t=1624949460118 200 59 - 25.941 ms
[logger] 2021-06-29T06:51:00.460Z POST /sys/dictMain/list?_t=1624949460151 200 1292 - 1.726 ms
[logger] 2021-06-29T06:51:00.711Z POST /sys/dictionary/list?_t=1624949460487 200 347 - 1.455 ms
[logger] 2021-06-29T06:51:02.895Z POST /sys/dictMain/delete?_t=1624949462847 200 59 - 44.083 ms
[logger] 2021-06-29T06:51:03.206Z POST /sys/dictMain/list?_t=1624949462897 200 1128 - 1.940 ms
[logger] 2021-06-29T06:51:03.456Z POST /sys/dictionary/list?_t=1624949463228 200 347 - 1.649 ms
[logger] 2021-06-29T06:51:05.489Z POST /sys/dictMain/delete?_t=1624949465463 200 59 - 20.863 ms
[logger] 2021-06-29T06:51:05.799Z POST /sys/dictMain/list?_t=1624949465492 200 964 - 1.570 ms
[logger] 2021-06-29T06:51:06.052Z POST /sys/dictionary/list?_t=1624949465815 200 347 - 3.910 ms
[logger] 2021-06-29T06:51:08.093Z POST /sys/dictMain/delete?_t=1624949468071 200 59 - 18.234 ms
[logger] 2021-06-29T06:51:08.404Z POST /sys/dictMain/list?_t=1624949468096 200 798 - 1.969 ms
[logger] 2021-06-29T06:51:08.654Z POST /sys/dictionary/list?_t=1624949468421 200 347 - 1.934 ms
[logger] 2021-06-29T06:51:10.698Z POST /sys/dictMain/delete?_t=1624949470668 200 59 - 26.405 ms
[logger] 2021-06-29T06:51:11.010Z POST /sys/dictMain/list?_t=1624949470703 200 634 - 1.520 ms
[logger] 2021-06-29T06:51:11.260Z POST /sys/dictionary/list?_t=1624949471023 200 347 - 1.455 ms
[logger] 2021-06-29T06:51:13.480Z POST /sys/dictMain/delete?_t=1624949473447 200 59 - 22.287 ms
[logger] 2021-06-29T06:51:13.792Z POST /sys/dictMain/list?_t=1624949473486 200 470 - 1.521 ms
[logger] 2021-06-29T06:51:14.044Z POST /sys/dictionary/list?_t=1624949473804 200 347 - 1.591 ms
[logger] 2021-06-29T06:51:15.984Z POST /sys/dictMain/delete?_t=1624949475961 200 59 - 19.210 ms
[logger] 2021-06-29T06:51:16.294Z POST /sys/dictMain/list?_t=1624949475988 200 306 - 1.435 ms
[logger] 2021-06-29T06:51:16.546Z POST /sys/dictionary/list?_t=1624949476306 200 347 - 2.036 ms
[logger] 2021-06-29T06:51:17.243Z POST /sys/dictionary/list?_t=1624949477228 200 317 - 3.523 ms
[logger] 2021-06-29T06:52:47.282Z POST /sys/dictionary/list?_t=1624949566959 200 317 - 2.067 ms
[logger] 2021-06-29T06:56:43.647Z POST /sys/dictMain/save?_t=1624949803320 200 59 - 19.791 ms
[logger] 2021-06-29T06:56:43.891Z POST /sys/dictMain/list?_t=1624949803654 200 497 - 1.969 ms
[logger] 2021-06-29T06:56:43.963Z POST /sys/dictionary/list?_t=1624949803917 200 347 - 1.644 ms
[logger] 2021-06-29T06:56:47.607Z POST /sys/dictionary/list?_t=1624949807600 200 119 - 1.033 ms
[logger] 2021-06-29T06:56:51.396Z POST /sys/dictionary/list?_t=1624949811083 200 105 - 0.983 ms
[logger] 2021-06-29T06:58:14.891Z POST /sys/dictionary/update?_t=1624949894432 200 59 - 150.602 ms
[logger] 2021-06-29T06:58:14.994Z POST /sys/dictMain/list?_t=1624949894904 200 515 - 1.847 ms
[logger] 2021-06-29T06:58:15.215Z POST /sys/dictionary/list?_t=1624949895007 200 347 - 2.550 ms
[logger] 2021-06-29T06:58:17.955Z POST /sys/dictionary/list?_t=1624949897945 200 366 - 2.522 ms
[logger] 2021-06-29T06:58:19.845Z POST /sys/dictionary/list?_t=1624949899519 200 336 - 4.905 ms
[logger] 2021-06-29T06:58:41.063Z POST /sys/dictionary/update?_t=1624949920905 200 59 - 146.533 ms
[logger] 2021-06-29T06:58:41.393Z POST /sys/dictMain/list?_t=1624949921080 200 515 - 3.398 ms
[logger] 2021-06-29T06:58:41.643Z POST /sys/dictionary/list?_t=1624949921403 200 347 - 2.418 ms
[logger] 2021-06-29T06:58:44.039Z POST /sys/dictionary/list?_t=1624949924032 200 862 - 2.105 ms
[logger] 2021-06-29T06:58:52.679Z POST /sys/dictionary/list?_t=1624949932362 200 832 - 1.853 ms
[logger] 2021-06-29T06:59:01.823Z POST /sys/dictMain/delete?_t=1624949941679 200 59 - 138.155 ms
[logger] 2021-06-29T06:59:02.132Z POST /sys/dictMain/list?_t=1624949941825 200 327 - 1.407 ms
[logger] 2021-06-29T06:59:02.382Z POST /sys/dictionary/list?_t=1624949942142 200 862 - 1.491 ms
[logger] 2021-06-29T07:04:51.829Z POST /sys/dictMain/list?_t=1624950291809 200 327 - 2.219 ms
[logger] 2021-06-29T07:04:51.932Z POST /sys/dictionary/list?_t=1624950291899 200 862 - 2.601 ms
[logger] 2021-06-29T07:06:08.515Z POST /sys/dictionary/list?_t=1624950368204 200 862 - 1.547 ms
[logger] 2021-06-29T07:06:08.722Z POST /sys/dictionary/list?_t=1624950368411 200 862 - 1.688 ms
[logger] 2021-06-29T07:06:23.657Z POST /product/list?_t=1624950383344 200 8207 - 3.108 ms
[logger] 2021-06-29T07:06:24.946Z POST /classify/itemList?_t=1624950384928 200 149 - 1.697 ms
[logger] 2021-06-29T07:06:45.412Z POST /classify/itemList?_t=1624950405289 200 149 - 1.274 ms
[logger] 2021-06-29T07:09:47.443Z POST /product/list?_t=1624950587421 200 8207 - 4.608 ms
[logger] 2021-06-29T07:12:10.119Z POST /product/list?_t=1624950730100 200 8207 - 7.499 ms
[logger] 2021-06-29T07:13:53.513Z POST /sys/dictMain/list?_t=1624950833188 200 327 - 1.839 ms
[logger] 2021-06-29T07:13:53.760Z POST /sys/dictionary/list?_t=1624950833533 200 862 - 1.675 ms
[logger] 2021-06-29T07:21:40.382Z POST /sys/dictMain/list?_t=1624951300331 200 327 - 28.324 ms
[logger] 2021-06-29T07:21:40.424Z POST /sys/dictionary/list?_t=1624951300413 200 862 - 5.449 ms
[logger] 2021-06-29T07:24:28.373Z GET /sys/dictionary/getAllDict?_t=1624951468353 404 164 - 3.325 ms
[logger] 2021-06-29T07:24:28.375Z POST /sys/dictMain/list?_t=1624951468353 200 327 - 6.813 ms
[logger] 2021-06-29T07:24:28.686Z POST /sys/dictionary/list?_t=1624951468403 200 862 - 2.501 ms
[logger] 2021-06-29T07:24:35.996Z GET /sys/dictionary/getAllDict?_t=1624951475984 404 164 - 1.462 ms
[logger] 2021-06-29T07:24:35.999Z POST /sys/dictMain/list?_t=1624951475984 200 327 - 5.220 ms
[logger] 2021-06-29T07:24:36.412Z POST /sys/dictionary/list?_t=1624951476102 200 862 - 2.257 ms
[logger] 2021-06-29T07:24:55.486Z POST /sys/dictMain/list?_t=1624951495466 200 327 - 2.593 ms
[logger] 2021-06-29T07:24:55.785Z GET /sys/dictionary/getAllDict?_t=1624951495467 404 164 - 0.562 ms
[logger] 2021-06-29T07:24:55.875Z POST /sys/dictionary/list?_t=1624951495566 200 862 - 2.479 ms
[logger] 2021-06-29T07:27:53.857Z POST /sys/dictMain/list?_t=1624951673796 200 327 - 38.483 ms
[logger] 2021-06-29T07:27:53.929Z POST /sys/dictionary/list?_t=1624951673914 200 862 - 8.110 ms
[logger] 2021-06-29T07:29:33.803Z GET /sys/dictionary/getAllDict?_t=1624951673796 - - - - ms
[logger] 2021-06-29T07:39:26.149Z GET /sys/dictionary/getAllDict?_t=1624952366092 200 272 - 12.887 ms
[logger] 2021-06-29T07:39:26.152Z POST /sys/dictMain/list?_t=1624952366092 200 327 - 43.978 ms
[logger] 2021-06-29T07:39:26.210Z POST /sys/dictionary/list?_t=1624952366198 200 862 - 7.242 ms
[logger] 2021-06-29T07:48:46.153Z GET /sys/dictionary/getAllDict?_t=1624952926001 200 272 - 108.669 ms
[logger] 2021-06-29T07:48:46.157Z POST /sys/dictMain/list?_t=1624952926001 200 327 - 138.243 ms
[logger] 2021-06-29T07:48:46.193Z POST /sys/dictionary/list?_t=1624952926180 200 862 - 6.453 ms
[logger] 2021-06-29T07:50:25.594Z GET /sys/dictionary/getAllDict?_t=1624953025547 200 58 - 11.504 ms
[logger] 2021-06-29T07:50:25.598Z POST /sys/dictMain/list?_t=1624953025547 200 327 - 35.470 ms
[logger] 2021-06-29T07:50:25.687Z POST /sys/dictionary/list?_t=1624953025676 200 862 - 4.550 ms
[logger] 2021-06-29T07:50:43.942Z GET /sys/dictionary/getAllDict?_t=1624953043891 200 295 - 12.507 ms
[logger] 2021-06-29T07:50:43.946Z POST /sys/dictMain/list?_t=1624953043891 200 327 - 39.599 ms
[logger] 2021-06-29T07:50:44.301Z POST /sys/dictionary/list?_t=1624953043991 200 862 - 2.747 ms
[logger] 2021-06-29T07:51:56.563Z POST /sys/dictMain/list?_t=1624953116523 200 327 - 26.284 ms
[logger] 2021-06-29T07:51:56.566Z GET /sys/dictionary/getAllDict?_t=1624953116523 200 293 - 12.996 ms
[logger] 2021-06-29T07:51:56.602Z POST /sys/dictionary/list?_t=1624953116590 200 862 - 5.763 ms
[logger] 2021-06-29T07:58:07.074Z POST /sys/dictMain/list?_t=1624953486908 200 327 - 150.929 ms
[logger] 2021-06-29T07:58:07.110Z POST /sys/dictionary/list?_t=1624953487100 200 862 - 3.551 ms
[logger] 2021-06-29T08:02:16.116Z POST /sys/dictMain/list?_t=1624953736061 200 327 - 38.309 ms
[logger] 2021-06-29T08:02:16.166Z POST /sys/dictionary/list?_t=1624953736154 200 862 - 7.186 ms
[logger] 2021-06-29T08:03:17.512Z POST /sys/dictMain/list?_t=1624953797460 200 327 - 37.350 ms
[logger] 2021-06-29T08:03:17.909Z POST /sys/dictionary/list?_t=1624953797600 200 862 - 3.600 ms
[logger] 2021-06-29T08:04:04.129Z POST /sys/dictMain/list?_t=1624953844081 200 327 - 31.826 ms
[logger] 2021-06-29T08:04:04.143Z GET /sys/dictionary/getAllDict?_t=1624953844081 200 169 - 26.095 ms
[logger] 2021-06-29T08:04:04.185Z POST /sys/dictionary/list?_t=1624953844174 200 862 - 4.841 ms
[logger] 2021-06-29T08:04:23.116Z POST /sys/dictMain/save?_t=1624953863080 200 59 - 25.045 ms
[logger] 2021-06-29T08:04:23.438Z POST /sys/dictMain/list?_t=1624953863125 200 498 - 3.098 ms
[logger] 2021-06-29T08:04:23.687Z POST /sys/dictionary/list?_t=1624953863471 200 862 - 2.288 ms
[logger] 2021-06-29T08:04:26.177Z POST /sys/dictionary/list?_t=1624953866163 200 105 - 1.363 ms
[logger] 2021-06-29T08:04:44.375Z POST /sys/dictionary/update?_t=1624953883999 200 59 - 69.275 ms
[logger] 2021-06-29T08:04:44.559Z POST /sys/dictMain/list?_t=1624953884393 200 516 - 1.895 ms
[logger] 2021-06-29T08:04:44.702Z POST /sys/dictionary/list?_t=1624953884572 200 862 - 1.817 ms
[logger] 2021-06-29T08:04:49.410Z POST /sys/dictMain/list?_t=1624953889400 200 516 - 4.081 ms
[logger] 2021-06-29T08:04:49.424Z GET /sys/dictionary/getAllDict?_t=1624953889400 200 248 - 15.643 ms
[logger] 2021-06-29T08:04:49.861Z POST /sys/dictionary/list?_t=1624953889551 200 862 - 2.871 ms
[logger] 2021-06-29T08:05:00.322Z POST /sys/dictionary/list?_t=1624953900314 200 594 - 2.625 ms
[logger] 2021-06-29T08:05:37.336Z POST /sys/dictMain/list?_t=1624953937258 200 516 - 37.126 ms
[logger] 2021-06-29T08:05:37.340Z GET /sys/dictionary/getAllDict?_t=1624953937258 200 248 - 15.184 ms
[logger] 2021-06-29T08:05:37.425Z POST /sys/dictionary/list?_t=1624953937415 200 862 - 3.761 ms
[logger] 2021-06-29T08:06:27.288Z GET /sys/dictionary/getAllDict?_t=1624953987274 200 248 - 3.234 ms
[logger] 2021-06-29T08:06:27.290Z POST /sys/dictMain/list?_t=1624953987274 200 516 - 6.786 ms
[logger] 2021-06-29T08:06:27.664Z POST /sys/dictionary/list?_t=1624953987355 200 862 - 3.124 ms
[logger] 2021-06-29T08:07:00.016Z GET /sys/dictionary/getAllDict?_t=1624954019999 200 248 - 3.136 ms
[logger] 2021-06-29T08:07:00.018Z POST /sys/dictMain/list?_t=1624954019999 200 516 - 6.135 ms
[logger] 2021-06-29T08:07:00.383Z POST /sys/dictionary/list?_t=1624954020074 200 862 - 1.904 ms
[logger] 2021-06-29T08:07:07.402Z GET /sys/dictionary/getAllDict?_t=1624954027390 200 248 - 2.469 ms
[logger] 2021-06-29T08:07:07.403Z POST /sys/dictMain/list?_t=1624954027389 200 516 - 4.956 ms
[logger] 2021-06-29T08:07:07.774Z POST /sys/dictionary/list?_t=1624954027464 200 862 - 3.925 ms
[logger] 2021-06-29T08:08:55.372Z POST /sys/dictMain/list?_t=1624954135362 200 516 - 3.458 ms
[logger] 2021-06-29T08:08:55.374Z GET /sys/dictionary/getAllDict?_t=1624954135362 200 248 - 2.916 ms
[logger] 2021-06-29T08:08:55.422Z POST /sys/dictionary/list?_t=1624954135414 200 862 - 2.661 ms
[logger] 2021-06-29T08:09:04.273Z POST /sys/dictMain/list?_t=1624954144262 200 516 - 3.109 ms
[logger] 2021-06-29T08:09:04.275Z GET /sys/dictionary/getAllDict?_t=1624954144262 200 248 - 3.025 ms
[logger] 2021-06-29T08:09:04.608Z POST /sys/dictionary/list?_t=1624954144359 200 862 - 2.139 ms
[logger] 2021-06-29T08:09:13.909Z GET /sys/dictionary/getAllDict?_t=1624954153896 200 248 - 3.963 ms
[logger] 2021-06-29T08:09:13.910Z POST /sys/dictMain/list?_t=1624954153896 200 516 - 6.269 ms
[logger] 2021-06-29T08:09:14.325Z POST /sys/dictionary/list?_t=1624954154015 200 862 - 3.091 ms
[logger] 2021-06-29T08:09:38.264Z POST /sys/dictMain/list?_t=1624954178252 200 516 - 3.316 ms
[logger] 2021-06-29T08:09:38.265Z GET /sys/dictionary/getAllDict?_t=1624954178252 200 248 - 2.709 ms
[logger] 2021-06-29T08:09:38.644Z POST /sys/dictionary/list?_t=1624954178335 200 862 - 1.988 ms
[logger] 2021-06-29T08:09:41.176Z POST /sys/dictMain/list?_t=1624954181167 200 516 - 2.775 ms
[logger] 2021-06-29T08:09:41.178Z GET /sys/dictionary/getAllDict?_t=1624954181167 200 248 - 2.961 ms
[logger] 2021-06-29T08:09:41.663Z POST /sys/dictionary/list?_t=1624954181356 200 862 - 1.685 ms
[logger] 2021-06-29T08:11:30.607Z GET /sys/dictionary/getAllDict?_t=1624954290588 200 248 - 2.235 ms
[logger] 2021-06-29T08:11:30.608Z POST /sys/dictMain/list?_t=1624954290588 200 516 - 5.085 ms
[logger] 2021-06-29T08:11:30.648Z POST /sys/dictionary/list?_t=1624954290641 200 862 - 2.377 ms
[logger] 2021-06-29T08:11:35.867Z POST /sys/dictMain/list?_t=1624954295858 200 516 - 2.756 ms
[logger] 2021-06-29T08:11:35.869Z GET /sys/dictionary/getAllDict?_t=1624954295858 200 248 - 2.987 ms
[logger] 2021-06-29T08:11:36.283Z POST /sys/dictionary/list?_t=1624954295972 200 862 - 2.068 ms
[logger] 2021-06-29T08:14:26.250Z GET /sys/dictionary/getAllDict?_t=1624954466235 200 248 - 2.623 ms
[logger] 2021-06-29T08:14:26.251Z POST /sys/dictMain/list?_t=1624954466235 200 516 - 5.175 ms
[logger] 2021-06-29T08:14:26.577Z POST /sys/dictionary/list?_t=1624954466327 200 862 - 3.408 ms
[logger] 2021-06-29T08:14:42.324Z GET /sys/dictionary/getAllDict?_t=1624954482311 200 248 - 4.766 ms
[logger] 2021-06-29T08:14:42.330Z POST /product/list?_t=1624954482311 200 8207 - 11.556 ms
[logger] 2021-06-29T08:14:49.247Z POST /classify/itemList?_t=1624954488937 200 149 - 2.258 ms
[logger] 2021-06-29T08:15:58.619Z POST /classify/itemList?_t=1624954558607 200 149 - 1.394 ms
[logger] 2021-06-29T08:16:26.255Z POST /classify/itemList?_t=1624954586247 200 149 - 1.078 ms
[logger] 2021-06-29T08:16:36.764Z POST /product/update?_t=1624954596748 200 74 - 11.738 ms
[logger] 2021-06-29T08:16:37.117Z POST /product/list?_t=1624954596799 200 8207 - 4.910 ms
[logger] 2021-06-29T08:16:48.368Z POST /classify/itemList?_t=1624954608360 200 149 - 1.077 ms
[logger] 2021-06-29T08:16:55.043Z POST /product/update?_t=1624954614718 200 74 - 14.038 ms
[logger] 2021-06-29T08:16:55.281Z POST /product/list?_t=1624954615067 200 8207 - 3.451 ms
[logger] 2021-06-29T08:17:27.723Z GET /sys/dictionary/getAllDict?_t=1624954647712 200 248 - 2.074 ms
[logger] 2021-06-29T08:17:27.725Z POST /product/list?_t=1624954647712 200 8207 - 5.686 ms
[logger] 2021-06-29T08:19:35.676Z GET /sys/dictionary/getAllDict?_t=1624954775633 200 248 - 8.843 ms
[logger] 2021-06-29T08:19:35.681Z POST /product/list?_t=1624954775633 200 8207 - 33.140 ms
[logger] 2021-06-29T08:19:37.019Z POST /classify/itemList?_t=1624954777007 200 149 - 4.643 ms
[logger] 2021-06-29T08:19:42.918Z POST /product/update?_t=1624954782568 200 74 - 38.242 ms
[logger] 2021-06-29T08:19:43.126Z POST /product/list?_t=1624954782947 200 8208 - 2.831 ms
[logger] 2021-06-29T08:19:58.153Z POST /classify/itemList?_t=1624954798140 200 149 - 2.590 ms
[logger] 2021-06-29T08:20:34.332Z POST /sys/dictMain/list?_t=1624954834022 200 516 - 3.385 ms
[logger] 2021-06-29T08:20:34.584Z POST /sys/dictionary/list?_t=1624954834357 200 862 - 3.986 ms
[logger] 2021-06-29T08:20:37.905Z POST /product/list?_t=1624954837898 200 8208 - 2.926 ms
[logger] 2021-06-29T08:21:28.410Z POST /product/list?_t=1624954888293 200 8208 - 8.068 ms
[logger] 2021-06-29T08:22:18.319Z POST /classify/itemList?_t=1624954938010 200 149 - 1.084 ms
[logger] 2021-06-29T08:23:24.335Z POST /classify/itemList?_t=1624955004314 200 149 - 1.815 ms
[logger] 2021-06-29T08:24:47.455Z POST /classify/itemList?_t=1624955087305 200 149 - 1.537 ms
[logger] 2021-06-29T08:24:55.418Z POST /sys/dictMain/list?_t=1624955095110 200 516 - 1.884 ms
[logger] 2021-06-29T08:24:55.682Z POST /sys/dictionary/list?_t=1624955095435 200 862 - 5.368 ms
[logger] 2021-06-29T08:24:59.773Z POST /sys/dictMain/delete?_t=1624955099610 200 59 - 157.256 ms
[logger] 2021-06-29T08:25:00.092Z POST /sys/dictMain/list?_t=1624955099776 200 327 - 5.652 ms
[logger] 2021-06-29T08:25:00.333Z POST /sys/dictionary/list?_t=1624955100105 200 862 - 1.662 ms
[logger] 2021-06-29T08:25:13.455Z POST /sys/dictMain/save?_t=1624955113429 200 59 - 16.496 ms
[logger] 2021-06-29T08:25:13.771Z POST /sys/dictMain/list?_t=1624955113462 200 512 - 1.641 ms
[logger] 2021-06-29T08:25:14.024Z POST /sys/dictionary/list?_t=1624955113783 200 862 - 2.753 ms
[logger] 2021-06-29T08:25:15.703Z POST /sys/dictionary/list?_t=1624955115693 200 119 - 1.772 ms
[logger] 2021-06-29T08:25:17.307Z POST /sys/dictionary/list?_t=1624955116993 200 105 - 1.084 ms
[logger] 2021-06-29T08:26:10.131Z POST /sys/dictionary/update?_t=1624955169374 200 59 - 752.299 ms
[logger] 2021-06-29T08:26:10.459Z POST /sys/dictMain/list?_t=1624955170148 200 530 - 1.632 ms
[logger] 2021-06-29T08:26:10.711Z POST /sys/dictionary/list?_t=1624955170471 200 862 - 1.595 ms
[logger] 2021-06-29T08:26:12.527Z POST /sys/dictionary/list?_t=1624955172518 200 600 - 2.752 ms
[logger] 2021-06-29T08:28:16.877Z POST /product/list?_t=1624955296859 200 8228 - 7.371 ms
[logger] 2021-06-29T08:28:30.290Z GET /sys/dictionary/getAllDict?_t=1624955310277 200 246 - 2.719 ms
[logger] 2021-06-29T08:28:30.293Z POST /product/list?_t=1624955310277 200 8228 - 6.673 ms
[logger] 2021-06-29T08:28:53.143Z GET /sys/dictionary/getAllDict?_t=1624955333133 200 246 - 2.359 ms
[logger] 2021-06-29T08:28:53.147Z POST /product/list?_t=1624955333133 200 8228 - 6.601 ms
