[logger] 2021-06-30T00:02:39.744Z POST /product/list?_t=1625011359632 401 38 - 104.918 ms
[logger] 2021-06-30T00:02:39.747Z GET /sys/dictionary/getAllDict?_t=1625011359632 401 38 - 0.756 ms
[logger] 2021-06-30T00:02:43.555Z POST /user/login?_t=1625011363382 200 426 - 169.535 ms
[logger] 2021-06-30T00:02:44.510Z GET /sys/dictionary/getAllDict?_t=1625011364202 200 246 - 1.378 ms
[logger] 2021-06-30T00:02:50.413Z GET /sys/dictionary/getAllDict?_t=1625011370404 200 246 - 2.375 ms
[logger] 2021-06-30T00:04:10.910Z POST /user/login?_t=1625011450513 200 426 - 85.539 ms
[logger] 2021-06-30T00:04:15.670Z POST /product/list?_t=1625011455662 200 8228 - 3.481 ms
[logger] 2021-06-30T00:04:25.534Z POST /product/list?_t=1625011465522 200 8228 - 4.591 ms
[logger] 2021-06-30T00:04:25.537Z GET /sys/dictionary/getAllDict?_t=1625011465522 200 246 - 1.493 ms
[logger] 2021-06-30T00:05:00.370Z POST /product/list?_t=1625011500043 200 8228 - 3.317 ms
[logger] 2021-06-30T00:05:13.796Z POST /product/list?_t=1625011513782 200 8228 - 3.170 ms
[logger] 2021-06-30T00:05:27.560Z POST /product/list?_t=1625011527548 200 8228 - 2.295 ms
[logger] 2021-06-30T00:05:32.255Z POST /product/list?_t=1625011532240 200 8228 - 6.110 ms
[logger] 2021-06-30T00:05:36.367Z POST /product/list?_t=1625011536357 200 8228 - 3.561 ms
[logger] 2021-06-30T00:05:36.370Z GET /sys/dictionary/getAllDict?_t=1625011536358 200 246 - 1.724 ms
[logger] 2021-06-30T00:05:51.352Z POST /classify/itemList?_t=1625011551322 200 149 - 1.303 ms
[logger] 2021-06-30T00:08:59.672Z POST /classify/itemList?_t=1625011739663 200 149 - 1.673 ms
[logger] 2021-06-30T00:09:05.752Z GET /sys/dictionary/getAllDict?_t=1625011745740 200 246 - 1.522 ms
[logger] 2021-06-30T00:09:05.754Z POST /product/list?_t=1625011745740 200 8228 - 3.742 ms
[logger] 2021-06-30T00:09:07.186Z POST /classify/itemList?_t=1625011747174 200 149 - 1.393 ms
[logger] 2021-06-30T00:09:16.472Z POST /classify/itemList?_t=1625011756462 200 149 - 1.405 ms
[logger] 2021-06-30T00:09:20.591Z POST /product/update?_t=1625011760161 200 74 - 119.682 ms
[logger] 2021-06-30T00:09:20.723Z POST /product/list?_t=1625011760623 200 8228 - 2.055 ms
[logger] 2021-06-30T00:09:30.356Z POST /classify/itemList?_t=1625011770348 200 149 - 1.464 ms
[logger] 2021-06-30T00:09:38.922Z POST /classify/itemList?_t=1625011778610 200 149 - 1.005 ms
[logger] 2021-06-30T00:10:40.935Z POST /classify/itemList?_t=1625011840559 200 149 - 63.138 ms
[logger] 2021-06-30T00:10:42.752Z POST /product/update?_t=1625011842626 200 74 - 121.760 ms
[logger] 2021-06-30T00:10:43.091Z POST /product/list?_t=1625011842780 200 8228 - 4.845 ms
[logger] 2021-06-30T00:10:43.841Z POST /classify/itemList?_t=1625011843832 200 149 - 2.580 ms
[logger] 2021-06-30T00:11:01.201Z POST /classify/itemList?_t=1625011861189 200 149 - 3.007 ms
[logger] 2021-06-30T00:11:38.316Z POST /sys/dictMain/list?_t=1625011898305 200 530 - 5.017 ms
[logger] 2021-06-30T00:11:38.650Z POST /sys/dictionary/list?_t=1625011898339 200 862 - 3.391 ms
[logger] 2021-06-30T00:12:02.691Z POST /sys/dictionary/list?_t=1625011922684 200 600 - 2.381 ms
[logger] 2021-06-30T00:12:03.145Z POST /sys/dictionary/list?_t=1625011922829 200 600 - 4.445 ms
[logger] 2021-06-30T00:12:13.241Z POST /sys/dictionary/list?_t=1625011933227 200 570 - 2.369 ms
[logger] 2021-06-30T00:12:59.485Z POST /product/list?_t=1625011979362 200 8228 - 3.592 ms
[logger] 2021-06-30T00:13:02.135Z GET /sys/dictionary/getAllDict?_t=1625011982123 200 246 - 3.043 ms
[logger] 2021-06-30T00:13:02.138Z POST /product/list?_t=1625011982123 200 8228 - 7.768 ms
[logger] 2021-06-30T00:15:24.742Z POST /product/list?_t=1625012124728 200 8228 - 3.347 ms
[logger] 2021-06-30T00:16:24.273Z POST /product/list?_t=1625012184149 200 8228 - 2.962 ms
[logger] 2021-06-30T00:18:40.654Z POST /sys/dictMain/list?_t=1625012320336 200 530 - 1.621 ms
[logger] 2021-06-30T00:18:40.905Z POST /sys/dictionary/list?_t=1625012320677 200 862 - 1.748 ms
[logger] 2021-06-30T00:18:42.414Z POST /sys/dictionary/list?_t=1625012322403 200 600 - 2.725 ms
[logger] 2021-06-30T00:19:21.346Z POST /sys/dictMain/save?_t=1625012360957 200 59 - 82.796 ms
[logger] 2021-06-30T00:19:21.520Z POST /sys/dictMain/list?_t=1625012361358 200 715 - 3.926 ms
[logger] 2021-06-30T00:19:21.670Z POST /sys/dictionary/list?_t=1625012361536 200 862 - 2.230 ms
[logger] 2021-06-30T00:19:23.772Z POST /sys/dictionary/list?_t=1625012363765 200 119 - 1.268 ms
[logger] 2021-06-30T00:19:25.628Z POST /sys/dictionary/list?_t=1625012365314 200 105 - 1.119 ms
[logger] 2021-06-30T00:20:34.023Z POST /sys/dictionary/update?_t=1625012433533 200 59 - 178.367 ms
[logger] 2021-06-30T00:20:34.093Z POST /sys/dictMain/list?_t=1625012434042 200 733 - 2.496 ms
[logger] 2021-06-30T00:20:34.352Z POST /sys/dictionary/list?_t=1625012434106 200 862 - 2.069 ms
[logger] 2021-06-30T00:20:40.261Z POST /sys/dictionary/list?_t=1625012440251 200 837 - 2.033 ms
[logger] 2021-06-30T00:20:42.229Z POST /sys/dictionary/list?_t=1625012441920 200 837 - 1.698 ms
[logger] 2021-06-30T00:20:42.447Z POST /sys/dictionary/list?_t=1625012442137 200 837 - 1.629 ms
[logger] 2021-06-30T00:20:42.935Z POST /sys/dictionary/list?_t=1625012442923 200 837 - 3.289 ms
[logger] 2021-06-30T00:20:56.457Z POST /sys/dictionary/list?_t=1625012456139 200 837 - 4.023 ms
[logger] 2021-06-30T00:20:56.667Z POST /sys/dictionary/list?_t=1625012456355 200 837 - 2.020 ms
[logger] 2021-06-30T00:21:11.227Z POST /product/list?_t=1625012470907 200 8228 - 6.620 ms
[logger] 2021-06-30T00:21:17.686Z GET /sys/dictionary/getAllDict?_t=1625012477675 200 347 - 2.421 ms
[logger] 2021-06-30T00:21:17.689Z POST /product/list?_t=1625012477675 200 8228 - 6.081 ms
[logger] 2021-06-30T00:21:19.520Z POST /classify/itemList?_t=1625012479511 200 149 - 1.942 ms
[logger] 2021-06-30T00:21:48.943Z POST /sys/dictMain/list?_t=1625012508922 200 733 - 2.355 ms
[logger] 2021-06-30T00:21:49.293Z POST /sys/dictionary/list?_t=1625012508973 200 862 - 4.470 ms
[logger] 2021-06-30T00:21:59.493Z POST /product/list?_t=1625012519484 200 8228 - 3.606 ms
[logger] 2021-06-30T00:23:14.737Z POST /classify/itemList?_t=1625012594409 200 149 - 10.976 ms
[logger] 2021-06-30T00:30:31.579Z GET /sys/dictionary/getAllDict?_t=1625013031528 200 347 - 12.851 ms
[logger] 2021-06-30T00:30:31.583Z POST /product/list?_t=1625013031528 200 8228 - 39.309 ms
[logger] 2021-06-30T00:30:32.809Z POST /classify/itemList?_t=1625013032797 200 149 - 2.893 ms
[logger] 2021-06-30T00:33:10.229Z POST /product/creat?_t=1625013190069 200 74 - 137.936 ms
[logger] 2021-06-30T00:33:10.268Z POST /product/list?_t=1625013190257 200 8228 - 5.275 ms
[logger] 2021-06-30T00:33:15.593Z POST /product/list?_t=1625013195274 200 3274 - 8.071 ms
[logger] 2021-06-30T00:33:18.403Z POST /product/list?_t=1625013198393 200 8228 - 4.254 ms
[logger] 2021-06-30T00:34:19.267Z GET /sys/dictionary/getAllDict?_t=1625013259225 200 347 - 8.885 ms
[logger] 2021-06-30T00:35:05.415Z POST /product/list?_t=1625013305255 200 8149 - 144.783 ms
[logger] 2021-06-30T00:35:05.417Z GET /sys/dictionary/getAllDict?_t=1625013305255 200 347 - 127.175 ms
[logger] 2021-06-30T00:36:35.845Z POST /product/list?_t=1625013395749 200 8149 - 6.064 ms
[logger] 2021-06-30T00:37:11.555Z POST /product/list?_t=1625013431541 200 8149 - 4.404 ms
[logger] 2021-06-30T00:37:13.826Z POST /classify/itemList?_t=1625013433815 200 149 - 3.466 ms
[logger] 2021-06-30T00:37:21.827Z POST /product/list?_t=1625013441717 200 8149 - 6.198 ms
[logger] 2021-06-30T00:37:23.110Z POST /classify/itemList?_t=1625013443100 200 149 - 2.114 ms
[logger] 2021-06-30T00:38:23.178Z POST /classify/itemList?_t=1625013503159 200 149 - 3.069 ms
[logger] 2021-06-30T00:38:53.033Z POST /classify/itemList?_t=1625013533025 200 149 - 1.695 ms
[logger] 2021-06-30T00:39:25.562Z POST /classify/itemList?_t=1625013565551 200 149 - 2.325 ms
[logger] 2021-06-30T00:39:46.985Z POST /product/list?_t=1625013586970 200 8149 - 4.520 ms
[logger] 2021-06-30T00:39:49.066Z POST /classify/itemList?_t=1625013589054 200 149 - 1.932 ms
[logger] 2021-06-30T00:39:51.883Z POST /classify/itemList?_t=1625013591575 200 149 - 1.039 ms
[logger] 2021-06-30T00:40:24.969Z POST /classify/itemList?_t=1625013624957 200 149 - 1.711 ms
[logger] 2021-06-30T00:42:07.399Z POST /classify/itemList?_t=1625013727387 200 149 - 1.649 ms
[logger] 2021-06-30T00:42:45.987Z GET /sys/dictionary/getAllDict?_t=1625013765966 200 347 - 2.749 ms
[logger] 2021-06-30T00:42:45.994Z POST /product/list?_t=1625013765966 200 8149 - 11.492 ms
[logger] 2021-06-30T00:42:47.341Z POST /classify/itemList?_t=1625013767331 200 149 - 1.704 ms
[logger] 2021-06-30T00:47:46.871Z POST /classify/itemList?_t=1625014066837 200 149 - 1.500 ms
[logger] 2021-06-30T00:49:01.849Z POST /product/list?_t=1625014141773 200 8149 - 2.654 ms
[logger] 2021-06-30T00:49:09.918Z POST /product/list?_t=1625014149852 200 8149 - 5.050 ms
[logger] 2021-06-30T00:50:33.435Z POST /product/list?_t=1625014233329 200 8149 - 4.455 ms
[logger] 2021-06-30T00:51:07.662Z POST /product/list?_t=1625014267650 200 8149 - 2.180 ms
[logger] 2021-06-30T00:51:13.774Z POST /product/list?_t=1625014273764 200 8149 - 3.170 ms
[logger] 2021-06-30T00:51:16.624Z POST /product/delete?_t=1625014276514 200 74 - 102.179 ms
[logger] 2021-06-30T00:51:16.636Z POST /product/list?_t=1625014276628 200 8163 - 3.245 ms
[logger] 2021-06-30T00:51:30.765Z POST /product/delete?_t=1625014290411 200 74 - 16.241 ms
[logger] 2021-06-30T00:51:30.999Z POST /product/list?_t=1625014290770 200 8166 - 2.170 ms
[logger] 2021-06-30T00:51:35.751Z POST /product/list?_t=1625014295741 200 1718 - 4.618 ms
[logger] 2021-06-30T00:51:36.861Z POST /product/list?_t=1625014296553 200 8166 - 2.229 ms
[logger] 2021-06-30T00:51:39.104Z POST /product/delete?_t=1625014298992 200 74 - 107.024 ms
[logger] 2021-06-30T00:51:39.416Z POST /product/list?_t=1625014299106 200 8168 - 2.224 ms
[logger] 2021-06-30T00:51:42.194Z POST /product/delete?_t=1625014302170 200 74 - 17.767 ms
[logger] 2021-06-30T00:51:42.506Z POST /product/list?_t=1625014302195 200 8169 - 2.107 ms
[logger] 2021-06-30T00:51:46.168Z POST /product/delete?_t=1625014306135 200 74 - 24.312 ms
[logger] 2021-06-30T00:51:46.479Z POST /product/list?_t=1625014306170 200 7351 - 2.027 ms
[logger] 2021-06-30T00:52:08.879Z POST /classify/itemList?_t=1625014328871 200 149 - 1.233 ms
[logger] 2021-06-30T00:54:08.676Z POST /product/list?_t=1625014448607 200 7351 - 2.557 ms
[logger] 2021-06-30T00:54:16.993Z POST /product/list?_t=1625014456885 200 7351 - 3.101 ms
[logger] 2021-06-30T00:54:18.333Z POST /product/list?_t=1625014458319 200 7351 - 4.972 ms
[logger] 2021-06-30T00:54:27.390Z POST /product/list?_t=1625014467381 200 7351 - 2.183 ms
[logger] 2021-06-30T01:15:17.836Z POST /classify/itemList?_t=1625015717507 200 149 - 1.378 ms
[logger] 2021-06-30T01:16:19.819Z GET /sys/dictionary/getAllDict?_t=1625015779795 200 347 - 3.186 ms
[logger] 2021-06-30T01:16:19.822Z POST /product/list?_t=1625015779795 200 7351 - 7.246 ms
[logger] 2021-06-30T01:16:21.689Z POST /classify/itemList?_t=1625015781680 200 149 - 2.159 ms
[logger] 2021-06-30T01:16:57.769Z POST /product/update?_t=1625015817652 200 74 - 111.000 ms
[logger] 2021-06-30T01:16:58.119Z POST /product/list?_t=1625015817799 200 7342 - 5.326 ms
[logger] 2021-06-30T01:16:59.318Z POST /classify/itemList?_t=1625015819306 200 149 - 1.794 ms
[logger] 2021-06-30T01:17:33.674Z POST /classify/itemList?_t=1625015853359 200 149 - 1.163 ms
[logger] 2021-06-30T01:24:40.925Z POST /sys/dictMain/list?_t=1625016280615 200 733 - 2.696 ms
[logger] 2021-06-30T01:24:41.181Z POST /sys/dictionary/list?_t=1625016280955 200 862 - 6.047 ms
[logger] 2021-06-30T01:24:43.477Z POST /product/list?_t=1625016283469 200 7342 - 3.180 ms
[logger] 2021-06-30T01:24:45.651Z POST /classify/itemList?_t=1625016285340 200 149 - 1.941 ms
[logger] 2021-06-30T01:29:54.520Z POST /classify/itemList?_t=1625016594371 200 149 - 2.019 ms
[logger] 2021-06-30T01:38:19.075Z POST /product/list?_t=1625017098948 200 7342 - 3.964 ms
[logger] 2021-06-30T01:40:07.166Z POST /product/list?_t=1625017207078 200 7342 - 2.871 ms
[logger] 2021-06-30T01:40:33.691Z POST /product/list?_t=1625017233681 200 7342 - 2.071 ms
[logger] 2021-06-30T01:41:01.389Z GET /sys/dictionary/getAllDict?_t=1625017261372 200 347 - 1.635 ms
[logger] 2021-06-30T01:41:01.392Z POST /product/list?_t=1625017261372 200 7342 - 5.412 ms
[logger] 2021-06-30T01:41:11.166Z POST /product/list?_t=1625017271153 200 7342 - 2.122 ms
[logger] 2021-06-30T01:42:39.897Z POST /product/list?_t=1625017359877 200 7342 - 3.690 ms
[logger] 2021-06-30T01:42:48.656Z GET /sys/dictionary/getAllDict?_t=1625017368641 200 347 - 1.923 ms
[logger] 2021-06-30T01:42:48.658Z POST /product/list?_t=1625017368641 200 7342 - 4.915 ms
[logger] 2021-06-30T01:43:32.131Z GET /sys/dictionary/getAllDict?_t=1625017412119 200 347 - 1.946 ms
[logger] 2021-06-30T01:43:32.134Z POST /product/list?_t=1625017412119 200 7342 - 5.464 ms
[logger] 2021-06-30T01:43:39.313Z GET /sys/dictionary/getAllDict?_t=1625017419301 200 347 - 1.778 ms
[logger] 2021-06-30T01:43:39.314Z POST /product/list?_t=1625017419301 200 7342 - 4.029 ms
[logger] 2021-06-30T01:43:56.192Z POST /product/list?_t=1625017436181 200 7342 - 2.242 ms
[logger] 2021-06-30T01:44:05.730Z POST /product/list?_t=1625017445719 200 7342 - 2.259 ms
[logger] 2021-06-30T01:45:46.345Z POST /classify/itemList?_t=1625017546327 200 149 - 1.120 ms
[logger] 2021-06-30T01:59:31.917Z GET /sys/dictionary/getAllDict?_t=1625018371898 200 347 - 2.335 ms
[logger] 2021-06-30T02:00:23.190Z GET /sys/dictionary/getAllDict?_t=1625018423173 200 347 - 1.897 ms
[logger] 2021-06-30T02:00:26.631Z POST /product/list?_t=1625018426618 200 7342 - 3.438 ms
[logger] 2021-06-30T02:01:33.569Z POST /sys/attachFile/getAttachByBustype?_t=1625018493257 404 173 - 4.113 ms
[logger] 2021-06-30T02:06:18.463Z GET /sys/dictionary/getAllDict?_t=1625018778451 200 347 - 2.902 ms
[logger] 2021-06-30T02:06:18.465Z POST /product/list?_t=1625018778451 200 7342 - 5.579 ms
[logger] 2021-06-30T02:06:20.165Z POST /sys/attachFile/getAttachByBustype?_t=1625018780158 404 173 - 0.827 ms
[logger] 2021-06-30T02:10:15.683Z GET /sys/dictionary/getAllDict?_t=1625019015662 200 347 - 3.203 ms
[logger] 2021-06-30T02:10:15.685Z POST /product/list?_t=1625019015662 200 7342 - 6.135 ms
[logger] 2021-06-30T02:10:17.134Z POST /sys/attachFile/getAttachByBustype?_t=1625019017128 404 173 - 0.593 ms
[logger] 2021-06-30T02:10:30.885Z POST /user/login?_t=1625019030775 200 426 - 105.141 ms
[logger] 2021-06-30T02:10:31.355Z GET /sys/dictionary/getAllDict?_t=1625019031346 200 347 - 3.164 ms
[logger] 2021-06-30T02:10:34.341Z POST /classify/list?_t=1625019034327 200 502 - 10.312 ms
[logger] 2021-06-30T02:10:35.315Z POST /product/list?_t=1625019035007 200 7342 - 1.834 ms
[logger] 2021-06-30T02:10:36.818Z POST /sys/attachFile/getAttachByBustype?_t=1625019036814 404 173 - 0.674 ms
[logger] 2021-06-30T02:10:45.318Z POST /product/list?_t=1625019045308 200 7342 - 4.445 ms
[logger] 2021-06-30T02:10:45.322Z GET /sys/dictionary/getAllDict?_t=1625019045308 200 347 - 4.544 ms
[logger] 2021-06-30T02:10:46.797Z POST /sys/attachFile/getAttachByBustype?_t=1625019046791 404 173 - 0.614 ms
[logger] 2021-06-30T02:18:49.060Z GET /sys/dictionary/getAllDict?_t=1625019529035 200 347 - 5.233 ms
[logger] 2021-06-30T02:18:49.062Z POST /product/list?_t=1625019529035 200 7342 - 8.291 ms
[logger] 2021-06-30T02:18:58.475Z POST /user/login?_t=1625019538389 200 426 - 80.487 ms
[logger] 2021-06-30T02:18:58.949Z GET /sys/dictionary/getAllDict?_t=1625019538942 200 347 - 1.469 ms
[logger] 2021-06-30T02:19:04.499Z POST /product/list?_t=1625019544491 200 7342 - 2.230 ms
[logger] 2021-06-30T02:21:02.104Z POST /product/list?_t=1625019662087 200 7342 - 5.630 ms
[logger] 2021-06-30T02:21:02.212Z POST /product/list?_t=1625019662115 200 7342 - 3.096 ms
[logger] 2021-06-30T02:21:39.005Z POST /product/list?_t=1625019698991 200 7342 - 2.398 ms
[logger] 2021-06-30T02:21:39.047Z POST /product/list?_t=1625019699035 200 7342 - 2.629 ms
[logger] 2021-06-30T02:43:16.742Z GET /sys/dictionary/getAllDict?_t=1625020996715 200 347 - 3.943 ms
[logger] 2021-06-30T02:43:16.744Z POST /product/list?_t=1625020996715 200 7342 - 7.135 ms
[logger] 2021-06-30T02:51:07.246Z GET /sys/dictionary/getAllDict?_t=1625021467226 200 347 - 1.806 ms
[logger] 2021-06-30T02:51:07.247Z POST /product/list?_t=1625021467226 200 7342 - 4.295 ms
[logger] 2021-06-30T02:53:33.379Z GET /sys/dictionary/getAllDict?_t=1625021613362 200 347 - 1.728 ms
[logger] 2021-06-30T02:53:33.381Z POST /product/list?_t=1625021613362 200 7342 - 4.867 ms
[logger] 2021-06-30T03:03:30.096Z GET /sys/dictionary/getAllDict?_t=1625022210075 200 347 - 2.413 ms
[logger] 2021-06-30T03:03:30.098Z POST /product/list?_t=1625022210075 200 7342 - 5.800 ms
[logger] 2021-06-30T03:12:47.759Z GET /sys/dictionary/getAllDict?_t=1625022767737 200 347 - 4.478 ms
[logger] 2021-06-30T03:12:47.762Z POST /product/list?_t=1625022767737 200 7342 - 8.331 ms
[logger] 2021-06-30T03:13:11.530Z GET /sys/dictionary/getAllDict?_t=1625022791520 200 347 - 1.524 ms
[logger] 2021-06-30T03:13:11.532Z POST /product/list?_t=1625022791520 200 7342 - 3.875 ms
[logger] 2021-06-30T03:17:01.236Z POST /product/list?_t=1625023021225 200 7342 - 3.162 ms
[logger] 2021-06-30T03:17:01.237Z GET /sys/dictionary/getAllDict?_t=1625023021225 200 347 - 2.318 ms
[logger] 2021-06-30T03:17:56.917Z GET /sys/dictionary/getAllDict?_t=1625023076903 200 347 - 3.817 ms
[logger] 2021-06-30T03:17:56.919Z POST /product/list?_t=1625023076903 200 7342 - 6.715 ms
[logger] 2021-06-30T03:22:58.437Z GET /sys/dictionary/getAllDict?_t=1625023378417 200 347 - 2.391 ms
[logger] 2021-06-30T03:22:58.439Z POST /product/list?_t=1625023378417 200 7342 - 5.348 ms
[logger] 2021-06-30T03:25:00.501Z GET /sys/dictionary/getAllDict?_t=1625023500486 200 347 - 4.774 ms
[logger] 2021-06-30T03:25:00.502Z POST /product/list?_t=1625023500486 200 7342 - 7.504 ms
[logger] 2021-06-30T03:28:15.043Z GET /sys/dictionary/getAllDict?_t=1625023695024 200 347 - 2.127 ms
[logger] 2021-06-30T03:28:15.046Z POST /product/list?_t=1625023695024 200 7342 - 6.257 ms
[logger] 2021-06-30T05:21:43.498Z POST /file/picUpload 401 38 - 4.544 ms
[logger] 2021-06-30T05:22:25.624Z POST /file/picUpload 401 38 - 0.540 ms
[logger] 2021-06-30T05:26:35.019Z GET /sys/dictionary/getAllDict?_t=1625030794952 200 347 - 55.310 ms
[logger] 2021-06-30T05:26:35.021Z POST /product/list?_t=1625030794952 200 7342 - 58.623 ms
[logger] 2021-06-30T05:26:44.590Z POST /file/picUpload 401 38 - 1.350 ms
[logger] 2021-06-30T05:30:11.069Z POST /file/picUpload 401 38 - 0.516 ms
[logger] 2021-06-30T05:30:28.805Z POST /product/list?_t=1625031028795 200 7342 - 3.258 ms
[logger] 2021-06-30T05:30:28.807Z GET /sys/dictionary/getAllDict?_t=1625031028795 200 347 - 1.382 ms
[logger] 2021-06-30T05:30:32.716Z POST /file/picUpload 401 38 - 0.460 ms
[logger] 2021-06-30T05:31:06.532Z POST /file/picUpload 401 38 - 0.517 ms
[logger] 2021-06-30T05:31:35.503Z POST /file/picUpload 401 38 - 9.646 ms
[logger] 2021-06-30T05:34:31.233Z GET /sys/dictionary/getAllDict?_t=1625031269744 200 347 - 113.001 ms
[logger] 2021-06-30T05:34:31.237Z POST /product/list?_t=1625031269744 200 7342 - 1482.015 ms
[logger] 2021-06-30T05:36:54.139Z POST /product/list?_t=1625031414123 200 7342 - 4.038 ms
[logger] 2021-06-30T05:50:34.136Z GET /sys/dictionary/getAllDict?_t=1625032234117 200 347 - 2.175 ms
[logger] 2021-06-30T05:50:34.139Z POST /product/list?_t=1625032234117 200 7342 - 5.687 ms
[logger] 2021-06-30T05:52:32.490Z GET /sys/dictionary/getAllDict?_t=1625032352471 200 347 - 3.182 ms
[logger] 2021-06-30T05:52:32.495Z POST /product/list?_t=1625032352471 200 7342 - 10.377 ms
[logger] 2021-06-30T05:52:37.610Z POST /file/picUpload 200 55 - 146.376 ms
[logger] 2021-06-30T05:53:53.526Z POST /file/picUpload 200 55 - 18.313 ms
[logger] 2021-06-30T05:54:31.784Z POST /file/picUpload 200 55 - 13.538 ms
[logger] 2021-06-30T05:55:10.318Z POST /file/picUpload 200 55 - 22.134 ms
[logger] 2021-06-30T05:59:11.228Z POST /file/picUpload 200 55 - 25.296 ms
[logger] 2021-06-30T06:00:07.705Z POST /file/picUpload 200 55 - 36.800 ms
[logger] 2021-06-30T06:00:17.466Z POST /file/picUpload 200 55 - 30.063 ms
[logger] 2021-06-30T06:01:12.522Z POST /file/picUpload 200 55 - 28.780 ms
[logger] 2021-06-30T06:01:38.763Z POST /file/picUpload 200 55 - 51.912 ms
[logger] 2021-06-30T06:01:57.965Z POST /file/picUpload 200 55 - 36.408 ms
[logger] 2021-06-30T06:02:24.796Z POST /file/picUpload 200 170 - 73.713 ms
[logger] 2021-06-30T06:04:14.883Z POST /file/picUpload 200 170 - 153.300 ms
[logger] 2021-06-30T06:07:25.929Z GET /sys/dictionary/getAllDict?_t=1625033245891 200 347 - 7.583 ms
[logger] 2021-06-30T06:07:25.933Z POST /product/list?_t=1625033245891 200 7342 - 28.313 ms
[logger] 2021-06-30T06:16:58.637Z GET /sys/dictionary/getAllDict?_t=1625033818613 200 347 - 5.303 ms
[logger] 2021-06-30T06:16:58.642Z POST /product/list?_t=1625033818613 200 7342 - 11.613 ms
[logger] 2021-06-30T06:18:04.627Z GET /sys/dictionary/getAllDict?_t=1625033884613 200 347 - 2.200 ms
[logger] 2021-06-30T06:18:04.629Z POST /product/list?_t=1625033884613 200 7342 - 5.847 ms
[logger] 2021-06-30T06:18:49.602Z POST /classify/itemList?_t=1625033929572 200 149 - 2.688 ms
[logger] 2021-06-30T06:22:32.868Z POST /classify/itemList?_t=1625034152536 200 149 - 1.798 ms
[logger] 2021-06-30T06:24:12.628Z GET /sys/dictionary/getAllDict?_t=1625034252616 200 347 - 1.912 ms
[logger] 2021-06-30T06:24:12.632Z POST /product/list?_t=1625034252616 200 7342 - 7.730 ms
[logger] 2021-06-30T06:25:20.680Z GET /sys/dictionary/getAllDict?_t=1625034320666 200 347 - 3.944 ms
[logger] 2021-06-30T06:25:20.683Z POST /product/list?_t=1625034320666 200 7342 - 8.546 ms
[logger] 2021-06-30T06:30:06.973Z POST /classify/itemList?_t=1625034606942 200 149 - 3.667 ms
[logger] 2021-06-30T06:32:38.529Z POST /classify/itemList?_t=1625034758512 200 149 - 2.401 ms
[logger] 2021-06-30T06:33:18.182Z POST /classify/itemList?_t=1625034798020 200 149 - 1.517 ms
[logger] 2021-06-30T06:34:38.006Z GET /sys/dictionary/getAllDict?_t=1625034877987 200 347 - 2.145 ms
[logger] 2021-06-30T06:34:38.009Z POST /product/list?_t=1625034877987 200 7342 - 7.021 ms
[logger] 2021-06-30T06:36:40.978Z POST /classify/itemList?_t=1625035000637 200 149 - 1.220 ms
[logger] 2021-06-30T06:45:18.812Z POST /product/list?_t=1625035518487 200 7342 - 5.713 ms
[logger] 2021-06-30T06:47:26.646Z POST /product/list?_t=1625035646636 200 7342 - 3.138 ms
[logger] 2021-06-30T06:47:30.721Z POST /product/list?_t=1625035650410 200 7342 - 3.216 ms
[logger] 2021-06-30T06:53:51.185Z POST /product/list?_t=1625036031168 200 7342 - 3.827 ms
[logger] 2021-06-30T06:55:25.573Z POST /product/list?_t=1625036125561 200 7342 - 4.443 ms
[logger] 2021-06-30T06:55:54.967Z GET /sys/dictionary/getAllDict?_t=1625036154956 200 347 - 1.614 ms
[logger] 2021-06-30T06:55:54.969Z POST /product/list?_t=1625036154956 200 7342 - 4.128 ms
[logger] 2021-06-30T06:55:59.809Z POST /product/list?_t=1625036159799 200 7342 - 3.071 ms
[logger] 2021-06-30T06:56:06.254Z POST /file/picUpload 200 170 - 150.282 ms
[logger] 2021-06-30T06:56:26.301Z POST /file/picUpload 200 170 - 78.081 ms
[logger] 2021-06-30T06:57:12.005Z GET /sys-res/attachFile/download?fileId=undefined&thumbnailFlag=small&tenantId=undefined&downloadFlag=0 401 38 - 1.527 ms
[logger] 2021-06-30T06:57:16.074Z POST /product/list?_t=1625036236063 200 7342 - 4.800 ms
[logger] 2021-06-30T06:57:16.075Z GET /sys/dictionary/getAllDict?_t=1625036236063 200 347 - 4.203 ms
[logger] 2021-06-30T06:57:19.978Z POST /file/picUpload 200 170 - 56.150 ms
[logger] 2021-06-30T06:57:20.293Z GET /sys-res/attachFile/download?fileId=undefined&thumbnailFlag=small&tenantId=undefined&downloadFlag=0 401 38 - 0.251 ms
[logger] 2021-06-30T06:57:58.650Z POST /file/picUpload 200 170 - 82.607 ms
[logger] 2021-06-30T06:57:58.976Z GET /sys-res/attachFile/download?fileId=undefined&thumbnailFlag=small&tenantId=undefined&downloadFlag=0 401 38 - 0.530 ms
[logger] 2021-06-30T07:00:00.333Z GET /sys-res/attachFile/download?fileId=undefined&thumbnailFlag=small&tenantId=undefined%20&downloadFlag=0 401 38 - 0.800 ms
[logger] 2021-06-30T07:02:01.319Z POST /product/list?_t=1625036521228 200 7342 - 4.001 ms
[logger] 2021-06-30T07:05:46.864Z POST /file/picUpload 200 170 - 133.080 ms
[logger] 2021-06-30T07:05:47.181Z GET /sys-res/attachFile/download?fileId=undefined&thumbnailFlag=small&tenantId=undefined%20&downloadFlag=0 401 38 - 0.245 ms
[logger] 2021-06-30T07:06:19.681Z POST /file/picUpload 200 170 - 54.566 ms
[logger] 2021-06-30T07:06:19.998Z GET /sys-res/attachFile/download?fileId=undefined&thumbnailFlag=small&tenantId=undefined%20&downloadFlag=0 401 38 - 0.219 ms
[logger] 2021-06-30T07:06:45.125Z POST /product/list?_t=1625036805115 200 7342 - 2.193 ms
[logger] 2021-06-30T07:07:03.989Z POST /product/list?_t=1625036823979 200 7342 - 2.266 ms
[logger] 2021-06-30T07:07:47.034Z POST /product/list?_t=1625036867018 200 7342 - 1.840 ms
[logger] 2021-06-30T07:08:11.101Z GET /sys/dictionary/getAllDict?_t=1625036891089 200 347 - 1.886 ms
[logger] 2021-06-30T07:08:11.103Z POST /product/list?_t=1625036891089 200 7342 - 4.497 ms
[logger] 2021-06-30T07:08:37.000Z POST /product/list?_t=1625036916988 200 7342 - 2.908 ms
[logger] 2021-06-30T07:09:20.603Z GET /sys/dictionary/getAllDict?_t=1625036960583 200 347 - 3.695 ms
[logger] 2021-06-30T07:09:20.604Z POST /product/list?_t=1625036960583 200 7342 - 6.433 ms
[logger] 2021-06-30T07:09:25.325Z POST /file/picUpload 200 170 - 134.928 ms
[logger] 2021-06-30T07:09:25.338Z GET /sys-res/attachFile/download?fileId=undefined&thumbnailFlag=small&tenantId=undefined%20&downloadFlag=0 401 38 - 0.462 ms
[logger] 2021-06-30T07:18:31.049Z POST /product/list?_t=1625037511006 200 7342 - 2.533 ms
[logger] 2021-06-30T07:19:56.836Z POST /product/list?_t=1625037596814 401 38 - 1.396 ms
[logger] 2021-06-30T07:19:59.340Z POST /product/list?_t=1625037599331 401 38 - 0.869 ms
[logger] 2021-06-30T07:21:26.094Z POST /user/login?_t=1625037685682 200 426 - 102.004 ms
[logger] 2021-06-30T07:21:33.721Z POST /product/list?_t=1625037693713 200 7342 - 2.550 ms
[logger] 2021-06-30T07:21:39.651Z POST /file/picUpload 200 171 - 129.013 ms
[logger] 2021-06-30T07:21:39.767Z GET /sys-res/attachFile/download?fileId=undefined&thumbnailFlag=small&tenantId=undefined%20&downloadFlag=0 401 38 - 0.412 ms
[logger] 2021-06-30T07:26:07.599Z POST /file/picUpload 200 146 - 177.141 ms
[logger] 2021-06-30T07:26:07.687Z GET /sys-res/attachFile/download?fileId=undefined&thumbnailFlag=small&tenantId=undefined%20&downloadFlag=0 401 38 - 2.023 ms
[logger] 2021-06-30T07:32:10.435Z POST /file/picUpload 200 241 - 153.949 ms
[logger] 2021-06-30T07:32:10.528Z GET /sys-res/attachFile/download?fileId=undefined&thumbnailFlag=small&tenantId=undefined%20&downloadFlag=0 401 38 - 1.211 ms
[logger] 2021-06-30T07:51:16.076Z GET /sys/dictionary/getAllDict?_t=1625039476032 200 347 - 8.175 ms
[logger] 2021-06-30T07:51:16.082Z POST /product/list?_t=1625039476032 200 7342 - 34.886 ms
[logger] 2021-06-30T07:53:50.263Z POST /file/picUpload 200 268 - 165.093 ms
[logger] 2021-06-30T07:53:50.590Z GET /sys-res/attachFile/download?fileId=undefined&thumbnailFlag=small&tenantId=undefined%20&downloadFlag=0 401 38 - 3.228 ms
[logger] 2021-06-30T07:55:59.967Z GET /sys-res/attachFile/download?fileId=undefined 401 38 - 4.754 ms
[logger] 2021-06-30T07:56:34.950Z GET /file/download?fileId=undefined 401 38 - 0.363 ms
[logger] 2021-06-30T08:11:41.254Z POST /file/picUpload 200 268 - 83.938 ms
[logger] 2021-06-30T08:11:41.575Z GET /file/picDownload?fileId=undefined&downloadFlag=0 401 38 - 1.649 ms
[logger] 2021-06-30T08:15:01.173Z POST /file/picUpload 200 268 - 189.935 ms
[logger] 2021-06-30T08:15:01.231Z GET /file/picDownload?fileId=undefined&downloadFlag=0 401 38 - 1.765 ms
[logger] 2021-06-30T08:15:39.163Z POST /file/picUpload 200 268 - 174.048 ms
[logger] 2021-06-30T08:15:39.505Z GET /file/picDownload?fileId=undefined&downloadFlag=0 401 38 - 2.087 ms
[logger] 2021-06-30T08:16:20.294Z POST /file/picUpload 200 268 - 214.056 ms
[logger] 2021-06-30T08:16:20.326Z GET /file/picDownload?fileId=undefined&downloadFlag=0 401 38 - 2.042 ms
[logger] 2021-06-30T08:16:45.261Z POST /file/picUpload 200 268 - 90.491 ms
[logger] 2021-06-30T08:16:45.581Z GET /file/picDownload?fileId=undefined&downloadFlag=0 401 38 - 1.423 ms
[logger] 2021-06-30T08:18:15.826Z POST /file/picUpload 200 268 - 127.959 ms
[logger] 2021-06-30T08:18:15.950Z GET /file/picDownload?fileId=undefined&downloadFlag=0 401 38 - 0.510 ms
[logger] 2021-06-30T08:19:05.851Z POST /file/picUpload 200 268 - 135.654 ms
[logger] 2021-06-30T08:19:05.863Z GET /file/picDownload?fileId=undefined&downloadFlag=0 401 38 - 0.348 ms
[logger] 2021-06-30T08:19:26.200Z POST /file/picUpload 200 268 - 145.501 ms
[logger] 2021-06-30T08:19:26.212Z GET /file/picDownload?fileId=undefined&downloadFlag=0 401 38 - 0.387 ms
[logger] 2021-06-30T08:20:47.739Z GET /sys/dictionary/getAllDict?_t=1625041247703 200 347 - 4.304 ms
[logger] 2021-06-30T08:20:47.742Z POST /product/list?_t=1625041247703 200 7342 - 24.701 ms
[logger] 2021-06-30T08:20:52.173Z POST /file/picUpload 200 268 - 140.042 ms
[logger] 2021-06-30T08:20:52.184Z GET /file/picDownload?fileId=undefined&downloadFlag=0 401 38 - 0.444 ms
[logger] 2021-06-30T08:22:11.185Z GET /sys/dictionary/getAllDict?_t=1625041331173 200 347 - 2.361 ms
[logger] 2021-06-30T08:22:11.189Z POST /product/list?_t=1625041331173 200 7342 - 6.954 ms
[logger] 2021-06-30T08:22:15.988Z POST /file/picUpload 200 268 - 147.019 ms
[logger] 2021-06-30T08:22:16.000Z GET /file/picDownload?fileId=undefined&downloadFlag=0 401 38 - 0.328 ms
[logger] 2021-06-30T08:22:54.274Z GET /sys/dictionary/getAllDict?_t=1625041374232 200 347 - 8.850 ms
[logger] 2021-06-30T08:22:54.282Z POST /product/list?_t=1625041374232 200 7342 - 35.202 ms
[logger] 2021-06-30T08:22:58.765Z POST /file/picUpload 200 266 - 149.934 ms
[logger] 2021-06-30T08:22:59.079Z GET /file/picDownload?fileId=24&downloadFlag=0 401 38 - 0.941 ms
[logger] 2021-06-30T08:24:02.606Z GET /sys/dictionary/getAllDict?_t=1625041442556 200 347 - 10.051 ms
[logger] 2021-06-30T08:24:02.611Z POST /product/list?_t=1625041442556 200 7342 - 33.489 ms
[logger] 2021-06-30T08:24:06.789Z POST /file/picUpload 200 266 - 65.014 ms
[logger] 2021-06-30T08:24:07.318Z GET /file/picDownload?fileId=25&downloadFlag=0 200 54 - 206.875 ms
[logger] 2021-06-30T08:25:21.872Z POST /file/picUpload 200 266 - 161.583 ms
[logger] 2021-06-30T08:25:21.957Z GET /file/picDownload?fileId=26&downloadFlag=0 200 54 - 1.731 ms
[logger] 2021-06-30T08:26:46.281Z POST /file/picUpload 200 266 - 134.862 ms
[logger] 2021-06-30T08:26:46.400Z GET /file/picDownload?fileId=27&downloadFlag=0 200 54 - 1.098 ms
[logger] 2021-06-30T08:26:55.094Z GET /sys/dictionary/getAllDict?_t=1625041615072 200 347 - 4.102 ms
[logger] 2021-06-30T08:26:55.098Z POST /product/list?_t=1625041615071 200 7342 - 18.688 ms
[logger] 2021-06-30T08:27:00.069Z POST /file/picUpload 200 266 - 86.961 ms
[logger] 2021-06-30T08:27:00.083Z GET /file/picDownload?fileId=28&downloadFlag=0 200 54 - 1.387 ms
[logger] 2021-06-30T08:29:55.703Z POST /file/picUpload 200 266 - 159.504 ms
[logger] 2021-06-30T08:29:55.784Z GET /file/picDownload?fileId=29&downloadFlag=0 200 54 - 2.455 ms
[logger] 2021-06-30T08:30:20.570Z POST /file/picUpload 200 266 - 65.753 ms
[logger] 2021-06-30T08:30:20.889Z GET /file/picDownload?fileId=30&downloadFlag=0 200 54 - 3.075 ms
[logger] 2021-06-30T08:30:35.724Z POST /file/picUpload 200 266 - 147.922 ms
[logger] 2021-06-30T08:30:36.045Z GET /file/picDownload?fileId=31&downloadFlag=0 200 54 - 2.996 ms
[logger] 2021-06-30T08:30:46.339Z POST /file/picUpload 200 266 - 163.043 ms
[logger] 2021-06-30T08:30:46.890Z GET /file/picDownload?fileId=32&downloadFlag=0 200 54 - 213.586 ms
[logger] 2021-06-30T08:30:59.104Z POST /file/picUpload 200 266 - 161.812 ms
[logger] 2021-06-30T08:30:59.452Z GET /file/picDownload?fileId=33&downloadFlag=0 200 54 - 3.654 ms
[logger] 2021-06-30T08:31:13.534Z POST /file/picUpload 200 266 - 163.545 ms
[logger] 2021-06-30T08:31:33.164Z POST /file/picUpload 200 266 - 151.461 ms
[logger] 2021-06-30T08:31:33.209Z GET /file/picDownload?fileId=35&downloadFlag=0 200 268 - 9.438 ms
[logger] 2021-06-30T08:33:10.690Z GET /sys/dictionary/getAllDict?_t=1625041990655 200 347 - 4.634 ms
[logger] 2021-06-30T08:33:10.694Z POST /product/list?_t=1625041990655 200 7342 - 26.114 ms
[logger] 2021-06-30T08:33:17.815Z POST /file/picUpload 200 266 - 146.235 ms
[logger] 2021-06-30T08:33:18.143Z GET /file/picDownload?fileId=36&downloadFlag=0 200 268 - 8.771 ms
[logger] 2021-06-30T08:35:20.273Z POST /file/picUpload 200 266 - 64.739 ms
[logger] 2021-06-30T08:35:20.458Z GET /file/picDownload?fileId=37&downloadFlag=0 200 114 - 5.451 ms
[logger] 2021-06-30T08:39:09.794Z POST /file/picUpload 200 266 - 51.240 ms
[logger] 2021-06-30T08:39:09.998Z GET /file/picDownload?fileId=38&downloadFlag=0 200 114 - 5.345 ms
[logger] 2021-06-30T08:40:20.924Z POST /product/list?_t=1625042420878 200 7342 - 30.216 ms
[logger] 2021-06-30T08:40:20.928Z GET /sys/dictionary/getAllDict?_t=1625042420878 200 347 - 17.107 ms
[logger] 2021-06-30T08:40:25.146Z POST /file/picUpload 200 266 - 67.851 ms
[logger] 2021-06-30T08:40:25.463Z GET /file/picDownload?fileId=39&downloadFlag=0 200 200 - 5.162 ms
[logger] 2021-06-30T08:42:40.700Z GET /file/picDownload?fileId=${item.id}&downloadFlag=0 200 200 - 6.090 ms
[logger] 2021-06-30T08:42:59.074Z GET /file/picDownload?fileId=39&downloadFlag=0 304 - - 5.329 ms
[logger] 2021-06-30T08:43:28.433Z POST /file/picUpload 200 266 - 149.061 ms
[logger] 2021-06-30T08:43:28.537Z GET /file/picDownload?fileId=40&downloadFlag=0 200 139 - 7.815 ms
[logger] 2021-06-30T08:44:17.588Z GET /file/picDownload?fileId=${item.id}&downloadFlag=0 200 139 - 2.443 ms
[logger] 2021-06-30T08:47:34.622Z POST /file/picUpload 200 266 - 62.742 ms
[logger] 2021-06-30T08:55:48.770Z GET /file/picDownload?fileId=41&downloadFlag=0 200 - - 8.935 ms
[logger] 2021-06-30T08:56:08.874Z GET /file/picDownload?fileId=41&downloadFlag=0 200 - - 3.994 ms
[logger] 2021-06-30T08:58:58.408Z GET /file/picDownload?fileId=41&downloadFlag=0 200 - - 11.464 ms
[logger] 2021-06-30T08:59:14.330Z GET /file/picDownload?fileId=41&downloadFlag=0 200 - - 5.751 ms
[logger] 2021-06-30T09:02:12.452Z GET /file/picDownload?fileId=41&downloadFlag=0 200 - - 9.928 ms
[logger] 2021-06-30T09:05:33.922Z GET /sys/dictionary/getAllDict?_t=1625043933891 200 347 - 5.623 ms
[logger] 2021-06-30T09:05:33.926Z POST /product/list?_t=1625043933891 200 7342 - 26.163 ms
[logger] 2021-06-30T09:05:50.138Z GET /file/picDownload?fileId=41&downloadFlag=0 200 - - 7.111 ms
[logger] 2021-06-30T09:09:15.376Z GET /file/picDownload?fileId=41&downloadFlag=0 200 - - 9.990 ms
[logger] 2021-06-30T09:12:01.884Z GET /file/picDownload?fileId=41&downloadFlag=0 200 - - 14.021 ms
[logger] 2021-06-30T09:12:57.857Z GET /file/picDownload?fileId=41&downloadFlag=0 200 139 - 8.536 ms
[logger] 2021-06-30T09:13:45.594Z GET /file/picDownload?fileId=41&downloadFlag=0 200 139 - 9.051 ms
[logger] 2021-06-30T09:15:38.375Z GET /file/picDownload?fileId=41&downloadFlag=0 200 - - 5.979 ms
[logger] 2021-06-30T09:15:51.448Z GET /file/picDownload?fileId=41&downloadFlag=0 200 - - 2.818 ms
[logger] 2021-06-30T09:15:58.465Z POST /file/picUpload 200 266 - 58.835 ms
[logger] 2021-06-30T09:15:58.664Z GET /file/picDownload?fileId=42&downloadFlag=0 200 - - 2.404 ms
[logger] 2021-06-30T09:16:00.310Z GET /sys-res/attachFile/download?fileId=42&thumbnailFlag=normal&tenantId=undefined&downloadFlag=0 401 38 - 6.365 ms
[logger] 2021-06-30T09:16:44.759Z POST /file/picUpload 200 266 - 63.745 ms
[logger] 2021-06-30T09:16:44.940Z GET /file/picDownload?fileId=43&downloadFlag=0 200 - - 1.495 ms
[logger] 2021-06-30T09:26:38.885Z GET /file/picDownload?fileId=41&downloadFlag=0 200 - - 7.843 ms
[logger] 2021-06-30T09:26:59.022Z GET /file/picDownload?fileId=41&downloadFlag=0 200 - - 5.183 ms
[logger] 2021-06-30T09:27:12.464Z GET /file/picDownload?fileId=41&downloadFlag=0 200 - - 1.513 ms
[logger] 2021-06-30T09:29:22.976Z GET /file/picDownload?fileId=41&downloadFlag=0 200 - - 4.955 ms
[logger] 2021-06-30T09:29:28.739Z GET /file/picDownload?fileId=41&downloadFlag=0 200 - - 1.047 ms
[logger] 2021-06-30T09:29:44.853Z GET /file/picDownload?fileId=41&downloadFlag=0 200 - - 9.610 ms
[logger] 2021-06-30T09:29:59.583Z GET /file/picDownload?fileId=41&downloadFlag=0 200 - - 3.578 ms
[logger] 2021-06-30T09:30:22.527Z POST /file/picUpload 200 281 - 65.075 ms
[logger] 2021-06-30T09:30:22.719Z GET /file/picDownload?fileId=44&downloadFlag=0 200 - - 2.541 ms
[logger] 2021-06-30T09:30:52.172Z GET /file/picDownload?fileId=41&downloadFlag=0 200 - - 9.269 ms
[logger] 2021-06-30T09:31:14.634Z GET /file/picDownload?fileId=41&downloadFlag=0 200 - - 7.805 ms
[logger] 2021-06-30T09:31:34.836Z GET /file/picDownload?fileId=41&downloadFlag=0 200 - - 107.500 ms
[logger] 2021-06-30T09:32:05.334Z GET /file/picDownload?fileId=41&downloadFlag=0 200 - - 103.836 ms
[logger] 2021-06-30T09:32:35.093Z GET /file/picDownload?fileId=41&downloadFlag=0 200 - - 5.646 ms
