[logger] 2021-06-18T00:02:32.526Z POST /product/list?_t=1623974552491 401 38 - 13.900 ms
[logger] 2021-06-18T00:03:04.665Z POST /product/list?_t=1623974584659 401 38 - 0.681 ms
[logger] 2021-06-18T00:05:40.581Z POST /product/list?_t=1623974740575 401 38 - 0.682 ms
[logger] 2021-06-18T00:07:10.352Z POST /product/list?_t=1623974830340 401 38 - 0.638 ms
[logger] 2021-06-18T00:07:14.060Z POST /product/list?_t=1623974834053 401 38 - 0.656 ms
[logger] 2021-06-18T00:07:59.010Z POST /product/list?_t=1623974879003 401 38 - 0.613 ms
[logger] 2021-06-18T00:08:04.883Z POST /product/list?_t=1623974884877 401 38 - 0.655 ms
[logger] 2021-06-18T00:08:29.140Z POST /product/list?_t=1623974909127 401 38 - 1.155 ms
[logger] 2021-06-18T00:10:24.639Z POST /user/login?_t=1623975024337 200 426 - 210.421 ms
[logger] 2021-06-18T00:10:30.306Z POST /sys/dictMain/list?_t=1623975030298 404 157 - 1.977 ms
[logger] 2021-06-18T00:11:27.272Z POST /product/list?_t=1623975086961 200 8213 - 3.089 ms
[logger] 2021-06-18T00:11:35.455Z POST /product/list?_t=1623975095444 200 8213 - 2.161 ms
[logger] 2021-06-18T00:11:52.209Z POST /product/list?_t=1623975112113 200 8213 - 4.866 ms
[logger] 2021-06-18T00:14:15.311Z POST /product/list?_t=1623975255231 200 8213 - 55.819 ms
[logger] 2021-06-18T00:14:24.858Z POST /product/list?_t=1623975264848 200 8213 - 2.802 ms
[logger] 2021-06-18T00:14:34.886Z POST /product/list?_t=1623975274871 200 8213 - 5.504 ms
[logger] 2021-06-18T00:16:18.690Z POST /product/list?_t=1623975378681 200 8213 - 2.959 ms
[logger] 2021-06-18T00:18:55.313Z POST /product/list?_t=1623975535231 200 8213 - 4.845 ms
[logger] 2021-06-18T06:37:25.860Z POST /user/login 200 426 - 367.930 ms
[logger] 2021-06-18T06:43:39.197Z POST /product/list?_t=1623998619094 401 38 - 16.923 ms
[logger] 2021-06-18T06:46:43.564Z POST /product/list?_t=1623998803555 401 38 - 1.007 ms
[logger] 2021-06-18T06:46:59.168Z POST /user/login?_t=1623998819077 200 426 - 84.617 ms
[logger] 2021-06-18T06:46:59.495Z POST /product/list?_t=1623998819337 200 8213 - 46.492 ms
[logger] 2021-06-18T06:47:02.513Z POST /sys/dictMain/list?_t=1623998822402 404 157 - 106.152 ms
[logger] 2021-06-18T06:47:05.117Z POST /product/list?_t=1623998824708 200 8213 - 3.313 ms
[logger] 2021-06-18T06:47:06.831Z POST /sys/dictMain/list?_t=1623998826824 404 157 - 1.132 ms
[logger] 2021-06-18T06:47:08.586Z POST /product/list?_t=1623998828274 200 8213 - 4.138 ms
[logger] 2021-06-18T06:48:16.661Z POST /sys/dictMain/list?_t=1623998896356 404 157 - 0.656 ms
[logger] 2021-06-18T06:48:18.918Z POST /product/list?_t=1623998898909 200 8213 - 3.961 ms
[logger] 2021-06-18T06:48:28.883Z POST /sys/dictMain/list?_t=1623998908576 401 38 - 0.726 ms
[logger] 2021-06-18T06:48:46.588Z POST /user/login?_t=1623998926501 200 426 - 82.704 ms
[logger] 2021-06-18T06:48:50.872Z POST /product/list?_t=1623998930563 200 8213 - 3.946 ms
[logger] 2021-06-18T06:48:55.025Z POST /sys/dictMain/list?_t=1623998935020 404 157 - 0.597 ms
[logger] 2021-06-18T06:48:56.892Z POST /product/list?_t=1623998936581 200 8213 - 2.689 ms
[logger] 2021-06-18T06:49:40.372Z POST /product/list?_t=1623998980362 200 8213 - 3.017 ms
[logger] 2021-06-18T06:50:21.395Z POST /sys/dictMain/list?_t=1623999021088 404 157 - 0.539 ms
[logger] 2021-06-18T06:51:17.615Z POST /sys/dictMain/list?_t=1623999077514 404 157 - 0.636 ms
[logger] 2021-06-18T06:51:24.703Z POST /user/login?_t=1623999084177 200 426 - 216.683 ms
[logger] 2021-06-18T06:51:28.367Z POST /product/list?_t=1623999088359 200 8213 - 2.815 ms
[logger] 2021-06-18T06:51:50.677Z POST /product/list?_t=1623999110666 200 8213 - 3.424 ms
[logger] 2021-06-18T06:52:16.172Z POST /product/list?_t=1623999136159 200 8213 - 6.500 ms
[logger] 2021-06-18T06:53:24.007Z POST /product/list?_t=1623999203975 200 8213 - 26.315 ms
[logger] 2021-06-18T06:54:02.494Z POST /product/list?_t=1623999242183 200 8213 - 2.540 ms
[logger] 2021-06-18T06:54:04.744Z POST /product/list?_t=1623999244738 200 8213 - 2.128 ms
[logger] 2021-06-18T06:54:07.987Z POST /product/list?_t=1623999247680 200 2530 - 2.344 ms
[logger] 2021-06-18T06:54:52.108Z POST /product/list?_t=1623999292098 200 8213 - 2.267 ms
[logger] 2021-06-18T06:54:59.653Z POST /product/list?_t=1623999299645 200 2530 - 1.999 ms
[logger] 2021-06-18T06:55:01.529Z POST /product/list?_t=1623999301191 200 8213 - 31.098 ms
[logger] 2021-06-18T06:55:04.888Z POST /product/list?_t=1623999304880 200 8213 - 2.184 ms
[logger] 2021-06-18T06:55:10.141Z POST /sys/dictMain/list?_t=1623999310135 404 157 - 0.603 ms
[logger] 2021-06-18T06:57:29.023Z POST /sys/dictMain/list?_t=1623999449017 404 157 - 0.525 ms
[logger] 2021-06-18T06:58:28.584Z POST /sys/dictMain/list?_t=1623999508573 404 157 - 0.798 ms
[logger] 2021-06-18T06:58:33.244Z POST /sys/dictMain/list?_t=1623999513238 404 157 - 0.711 ms
[logger] 2021-06-18T06:58:46.729Z POST /sys/dictMain/list?_t=1623999526724 404 157 - 0.607 ms
[logger] 2021-06-18T06:58:51.180Z POST /product/list?_t=1623999531170 200 8213 - 2.827 ms
[logger] 2021-06-18T06:58:53.605Z POST /product/list?_t=1623999533597 200 8213 - 3.105 ms
[logger] 2021-06-18T06:58:57.086Z POST /product/list?_t=1623999537079 200 2530 - 2.387 ms
[logger] 2021-06-18T06:58:58.823Z POST /product/list?_t=1623999538817 200 8213 - 2.491 ms
[logger] 2021-06-18T06:59:00.554Z POST /product/list?_t=1623999540247 200 2530 - 1.791 ms
[logger] 2021-06-18T06:59:03.141Z POST /product/list?_t=1623999543135 200 8213 - 2.405 ms
[logger] 2021-06-18T06:59:05.483Z POST /product/list?_t=1623999545475 200 2530 - 3.002 ms
[logger] 2021-06-18T07:00:45.693Z POST /product/list?_t=1623999645682 200 8213 - 2.351 ms
[logger] 2021-06-18T07:03:36.432Z POST /classify/list?_t=1623999816353 200 310 - 60.722 ms
[logger] 2021-06-18T07:03:56.908Z POST /classify/list?_t=1623999836897 200 310 - 2.349 ms
[logger] 2021-06-18T07:04:52.790Z POST /classify/list?_t=1623999892782 200 310 - 0.999 ms
[logger] 2021-06-18T07:05:02.667Z POST /classify/list?_t=1623999902658 200 310 - 1.515 ms
[logger] 2021-06-18T07:05:37.884Z POST /classify/list?_t=1623999937862 200 310 - 1.347 ms
[logger] 2021-06-18T07:05:56.102Z POST /classify/list?_t=1623999956094 200 310 - 1.278 ms
[logger] 2021-06-18T07:06:15.683Z POST /classify/list?_t=1623999975675 200 310 - 1.792 ms
[logger] 2021-06-18T07:36:09.634Z POST /classify/list?_t=1624001769597 200 310 - 15.609 ms
[logger] 2021-06-18T07:41:21.804Z POST /classify/list?_t=1624002081776 500 12 - 9.070 ms
[logger] 2021-06-18T07:43:38.741Z POST /classify/list?_t=1624002118733 - - - - ms
[logger] 2021-06-18T07:45:08.674Z POST /product/list?_t=1624002308595 200 8213 - 70.607 ms
[logger] 2021-06-18T07:45:34.398Z POST /classify/list?_t=1624002293917 - - - - ms
[logger] 2021-06-18T07:45:34.398Z POST /classify/list?_t=1624002328375 - - - - ms
[logger] 2021-06-18T07:45:34.399Z POST /classify/list?_t=1624002310243 - - - - ms
[logger] 2021-06-18T07:47:16.220Z POST /classify/list?_t=1624002336205 - - - - ms
[logger] 2021-06-18T07:48:06.641Z POST /classify/list?_t=1624002481751 - - - - ms
[logger] 2021-06-18T07:48:06.642Z POST /classify/list?_t=1624002418502 - - - - ms
[logger] 2021-06-18T07:49:48.319Z POST /classify/list?_t=1624002488312 - - - - ms
[logger] 2021-06-18T07:49:55.289Z POST /classify/list?_t=1624002495281 - - - - ms
[logger] 2021-06-18T07:50:04.614Z POST /classify/list?_t=1624002504598 - - - - ms
[logger] 2021-06-18T07:50:21.138Z POST /classify/list?_t=1624002520988 - - - - ms
[logger] 2021-06-18T07:51:03.101Z POST /classify/list?_t=1624002563094 - - - - ms
[logger] 2021-06-18T07:51:39.559Z POST /classify/list?_t=1624002599544 - - - - ms
[logger] 2021-06-18T07:54:08.781Z POST /classify/list?_t=1624002748489 - - - - ms
[logger] 2021-06-18T07:54:57.640Z POST /classify/list?_t=1624002897426 200 320 - 18.259 ms
[logger] 2021-06-18T07:55:07.098Z POST /classify/list?_t=1624002906785 200 320 - 2.910 ms
[logger] 2021-06-18T07:55:09.801Z POST /classify/list?_t=1624002848498 - - - - ms
[logger] 2021-06-18T07:55:09.802Z POST /classify/list?_t=1624002832538 - - - - ms
[logger] 2021-06-18T07:55:09.802Z POST /classify/list?_t=1624002870497 - - - - ms
[logger] 2021-06-18T07:55:11.273Z POST /classify/list?_t=1624002911262 200 320 - 3.531 ms
[logger] 2021-06-18T07:56:55.203Z POST /classify/list?_t=1624003015186 200 320 - 4.888 ms
[logger] 2021-06-18T07:56:58.474Z POST /sys/dictionary/update?_t=1624003018460 404 161 - 2.959 ms
[logger] 2021-06-18T07:57:24.666Z POST /classify/list?_t=1624003044647 200 320 - 3.043 ms
[logger] 2021-06-18T07:58:58.427Z POST /classify/list?_t=1624003138412 200 320 - 3.416 ms
[logger] 2021-06-18T07:59:22.607Z POST /classify/list?_t=1624003162597 200 320 - 2.523 ms
[logger] 2021-06-18T07:59:49.846Z POST /classify/update?_t=1624003189827 200 61 - 2.074 ms
[logger] 2021-06-18T08:01:14.235Z POST /classify/update?_t=1624003273922 200 61 - 1.334 ms
[logger] 2021-06-18T08:02:13.325Z POST /classify/update?_t=1624003333292 200 61 - 19.279 ms
[logger] 2021-06-18T08:04:11.886Z POST /classify/update?_t=1624003451586 200 56 - 289.217 ms
[logger] 2021-06-18T08:12:07.264Z POST /classify/list?_t=1624003927217 200 301 - 32.135 ms
[logger] 2021-06-18T08:12:22.945Z POST /classify/update?_t=1624003942620 200 56 - 17.581 ms
[logger] 2021-06-18T08:13:25.969Z POST /classify/update?_t=1624004005844 200 56 - 115.692 ms
[logger] 2021-06-18T08:13:26.307Z POST /classify/list?_t=1624004005998 200 301 - 2.199 ms
[logger] 2021-06-18T08:13:33.955Z POST /classify/list?_t=1624004013945 200 301 - 2.030 ms
[logger] 2021-06-18T08:13:40.212Z POST /classify/update?_t=1624004019875 200 56 - 23.711 ms
[logger] 2021-06-18T08:13:40.448Z POST /classify/list?_t=1624004020237 200 300 - 6.279 ms
[logger] 2021-06-18T08:13:59.084Z POST /classify/creat?_t=1624004038931 200 56 - 140.054 ms
[logger] 2021-06-18T08:13:59.430Z POST /classify/list?_t=1624004039118 200 412 - 2.133 ms
[logger] 2021-06-18T08:16:15.810Z POST /classify/list?_t=1624004175788 200 412 - 4.399 ms
[logger] 2021-06-18T08:18:34.731Z POST /classify/list?_t=1624004314713 200 412 - 3.706 ms
[logger] 2021-06-18T08:27:20.122Z POST /classify/list?_t=1624004840103 200 412 - 3.105 ms
[logger] 2021-06-18T08:28:28.476Z POST /classify/list?_t=1624004908458 200 412 - 2.702 ms
[logger] 2021-06-18T08:29:17.434Z POST /classify/list?_t=1624004957353 200 412 - 2.057 ms
[logger] 2021-06-18T08:35:13.498Z POST /classify/list?_t=1624005313489 200 412 - 2.197 ms
[logger] 2021-06-18T08:38:13.738Z POST /classify/list?_t=1624005493718 200 412 - 2.382 ms
[logger] 2021-06-18T08:38:59.994Z POST /classify/list?_t=1624005539979 200 412 - 2.574 ms
[logger] 2021-06-18T08:39:54.890Z POST /classify/list?_t=1624005594871 200 412 - 3.880 ms
[logger] 2021-06-18T08:41:43.570Z POST /classify/list?_t=1624005703546 200 412 - 2.411 ms
[logger] 2021-06-18T08:41:49.506Z POST /classify/list?_t=1624005709496 200 412 - 2.664 ms
[logger] 2021-06-18T08:43:29.484Z POST /classify/list?_t=1624005809468 200 412 - 2.859 ms
[logger] 2021-06-18T08:44:06.699Z POST /classify/creat?_t=1624005846620 200 56 - 67.818 ms
[logger] 2021-06-18T08:44:07.023Z POST /classify/list?_t=1624005846714 200 524 - 1.823 ms
[logger] 2021-06-18T08:51:02.887Z POST /classify/creat?_t=1624006262538 200 55 - 27.759 ms
[logger] 2021-06-18T08:51:42.879Z POST /classify/creat?_t=1624006302834 200 76 - 24.151 ms
[logger] 2021-06-18T08:52:18.665Z POST /classify/creat?_t=1624006338645 200 76 - 5.062 ms
[logger] 2021-06-18T08:53:12.657Z POST /classify/creat?_t=1624006392339 200 76 - 5.290 ms
[logger] 2021-06-18T08:53:26.249Z POST /classify/list?_t=1624006406238 200 524 - 3.224 ms
[logger] 2021-06-18T08:53:37.757Z POST /classify/creat?_t=1624006417423 200 76 - 3.218 ms
[logger] 2021-06-18T08:55:34.495Z POST /classify/list?_t=1624006534441 200 524 - 30.544 ms
[logger] 2021-06-18T08:55:37.901Z POST /classify/update?_t=1624006537783 200 56 - 114.017 ms
[logger] 2021-06-18T08:55:37.938Z POST /classify/list?_t=1624006537925 200 524 - 3.898 ms
[logger] 2021-06-18T08:56:02.975Z POST /classify/update?_t=1624006562642 200 56 - 20.226 ms
[logger] 2021-06-18T08:56:03.203Z POST /classify/list?_t=1624006562989 200 524 - 3.971 ms
[logger] 2021-06-18T08:56:43.057Z POST /classify/update?_t=1624006603022 200 56 - 22.776 ms
[logger] 2021-06-18T08:56:43.391Z POST /classify/list?_t=1624006603079 200 524 - 3.128 ms
[logger] 2021-06-18T09:00:01.547Z POST /classify/update?_t=1624006801210 200 56 - 21.205 ms
[logger] 2021-06-18T09:00:01.776Z POST /classify/list?_t=1624006801563 200 524 - 5.316 ms
[logger] 2021-06-18T09:01:09.865Z POST /classify/update?_t=1624006869514 200 76 - 24.032 ms
[logger] 2021-06-18T09:02:00.526Z POST /classify/update?_t=1624006920200 200 76 - 9.041 ms
[logger] 2021-06-18T09:02:58.025Z POST /classify/list?_t=1624006978009 200 524 - 5.126 ms
[logger] 2021-06-18T09:03:02.291Z POST /classify/update?_t=1624006982283 200 76 - 2.292 ms
[logger] 2021-06-18T09:03:22.046Z POST /classify/list?_t=1624007002037 200 524 - 2.056 ms
[logger] 2021-06-18T09:03:25.424Z POST /classify/update?_t=1624007005417 200 76 - 2.402 ms
[logger] 2021-06-18T09:03:35.520Z POST /classify/update?_t=1624007015400 200 56 - 109.435 ms
[logger] 2021-06-18T09:03:35.861Z POST /classify/list?_t=1624007015553 200 525 - 1.960 ms
[logger] 2021-06-18T09:03:41.291Z POST /classify/update?_t=1624007021283 200 76 - 2.528 ms
[logger] 2021-06-18T09:03:45.546Z POST /classify/update?_t=1624007025233 200 76 - 4.194 ms
[logger] 2021-06-18T09:03:49.750Z POST /classify/update?_t=1624007029733 200 76 - 5.643 ms
[logger] 2021-06-18T09:03:56.086Z POST /classify/update?_t=1624007035778 200 56 - 2.038 ms
[logger] 2021-06-18T09:03:56.336Z POST /classify/list?_t=1624007036112 200 525 - 1.902 ms
[logger] 2021-06-18T09:04:02.158Z POST /classify/update?_t=1624007042147 200 76 - 2.756 ms
[logger] 2021-06-18T09:04:18.617Z POST /classify/update?_t=1624007058308 200 76 - 1.907 ms
[logger] 2021-06-18T09:04:36.658Z POST /classify/update?_t=1624007076653 200 76 - 1.862 ms
[logger] 2021-06-18T09:04:40.823Z POST /classify/update?_t=1624007080508 200 76 - 3.754 ms
[logger] 2021-06-18T09:04:49.666Z POST /classify/list?_t=1624007089657 200 525 - 2.703 ms
[logger] 2021-06-18T09:04:58.543Z POST /classify/update?_t=1624007098228 200 76 - 3.375 ms
[logger] 2021-06-18T09:04:59.342Z POST /classify/update?_t=1624007099336 200 76 - 1.894 ms
[logger] 2021-06-18T09:05:01.135Z POST /classify/update?_t=1624007100824 200 76 - 2.056 ms
[logger] 2021-06-18T09:05:02.101Z POST /classify/update?_t=1624007102094 200 76 - 1.801 ms
[logger] 2021-06-18T09:05:08.589Z POST /classify/update?_t=1624007108279 200 76 - 3.309 ms
[logger] 2021-06-18T09:05:15.855Z POST /classify/update?_t=1624007115849 200 56 - 2.019 ms
[logger] 2021-06-18T09:05:16.190Z POST /classify/list?_t=1624007115872 200 525 - 4.376 ms
[logger] 2021-06-18T09:06:22.823Z POST /classify/update?_t=1624007182489 200 80 - 19.266 ms
[logger] 2021-06-18T09:06:23.051Z POST /classify/list?_t=1624007182837 200 525 - 3.502 ms
[logger] 2021-06-18T09:08:20.693Z POST /classify/update?_t=1624007300381 200 76 - 3.423 ms
[logger] 2021-06-18T09:08:35.967Z POST /classify/update?_t=1624007315952 200 80 - 3.867 ms
[logger] 2021-06-18T09:08:36.297Z POST /classify/list?_t=1624007315986 200 525 - 3.217 ms
[logger] 2021-06-18T09:08:42.549Z POST /classify/update?_t=1624007322533 200 76 - 3.670 ms
[logger] 2021-06-18T09:08:49.686Z POST /classify/list?_t=1624007329677 200 525 - 2.198 ms
[logger] 2021-06-18T09:09:18.665Z POST /classify/update?_t=1624007358354 200 76 - 2.817 ms
[logger] 2021-06-18T09:09:20.214Z POST /classify/update?_t=1624007360205 200 76 - 2.545 ms
[logger] 2021-06-18T09:09:22.537Z POST /classify/update?_t=1624007362221 200 76 - 4.940 ms
[logger] 2021-06-18T09:09:23.576Z POST /classify/update?_t=1624007363568 200 76 - 2.743 ms
[logger] 2021-06-18T09:09:27.672Z POST /classify/update?_t=1624007367353 200 76 - 5.864 ms
[logger] 2021-06-18T09:09:33.718Z POST /classify/update?_t=1624007373706 200 76 - 3.949 ms
[logger] 2021-06-18T09:09:39.748Z POST /classify/update?_t=1624007379439 200 76 - 1.795 ms
[logger] 2021-06-18T09:09:52.910Z POST /classify/update?_t=1624007392897 200 76 - 3.617 ms
[logger] 2021-06-18T09:10:26.196Z POST /classify/update?_t=1624007425877 200 76 - 4.619 ms
[logger] 2021-06-18T09:10:29.505Z POST /classify/update?_t=1624007429497 200 76 - 2.319 ms
[logger] 2021-06-18T09:10:35.363Z POST /classify/update?_t=1624007435052 200 76 - 3.379 ms
[logger] 2021-06-18T09:10:42.642Z POST /classify/update?_t=1624007442631 200 76 - 2.862 ms
[logger] 2021-06-18T09:10:50.217Z POST /classify/update?_t=1624007449899 200 76 - 4.031 ms
[logger] 2021-06-18T09:10:52.124Z POST /classify/update?_t=1624007452117 200 76 - 1.747 ms
[logger] 2021-06-18T09:10:53.534Z POST /classify/update?_t=1624007453225 200 76 - 1.960 ms
[logger] 2021-06-18T09:10:54.638Z POST /classify/update?_t=1624007454625 200 76 - 3.644 ms
[logger] 2021-06-18T09:11:50.420Z POST /classify/list?_t=1624007510410 200 525 - 2.305 ms
[logger] 2021-06-18T09:11:55.514Z POST /classify/update?_t=1624007515507 200 76 - 2.334 ms
[logger] 2021-06-18T09:12:10.713Z POST /classify/update?_t=1624007530704 200 80 - 2.229 ms
[logger] 2021-06-18T09:12:11.044Z POST /classify/list?_t=1624007530734 200 525 - 2.780 ms
[logger] 2021-06-18T09:12:16.270Z POST /classify/update?_t=1624007536262 200 76 - 2.577 ms
[logger] 2021-06-18T09:12:18.469Z POST /classify/update?_t=1624007538157 200 76 - 4.071 ms
[logger] 2021-06-18T09:12:35.879Z POST /classify/update?_t=1624007555867 200 76 - 3.372 ms
[logger] 2021-06-18T09:13:01.042Z POST /classify/list?_t=1624007581030 200 525 - 2.869 ms
[logger] 2021-06-18T09:13:10.296Z POST /classify/update?_t=1624007590286 200 76 - 2.504 ms
[logger] 2021-06-18T09:13:15.615Z POST /classify/update?_t=1624007595307 200 76 - 1.692 ms
[logger] 2021-06-18T09:13:48.639Z POST /classify/update?_t=1624007628627 200 76 - 3.851 ms
[logger] 2021-06-18T09:13:50.783Z POST /classify/update?_t=1624007630475 200 76 - 1.850 ms
[logger] 2021-06-18T09:14:22.169Z POST /classify/list?_t=1624007662150 200 525 - 2.976 ms
[logger] 2021-06-18T09:14:26.664Z POST /classify/update?_t=1624007666656 200 76 - 1.790 ms
[logger] 2021-06-18T09:14:29.680Z POST /classify/update?_t=1624007669663 200 76 - 4.374 ms
[logger] 2021-06-18T09:14:31.892Z POST /classify/update?_t=1624007671579 200 76 - 3.902 ms
[logger] 2021-06-18T09:14:37.761Z POST /classify/list?_t=1624007677751 200 525 - 2.087 ms
[logger] 2021-06-18T09:14:52.957Z POST /classify/creat?_t=1624007692495 200 80 - 148.817 ms
[logger] 2021-06-18T09:14:53.057Z POST /classify/list?_t=1624007692988 200 637 - 3.187 ms
[logger] 2021-06-18T09:15:38.513Z POST /classify/creat?_t=1624007738354 200 80 - 135.050 ms
[logger] 2021-06-18T09:15:38.836Z POST /classify/list?_t=1624007738526 200 749 - 3.352 ms
[logger] 2021-06-18T09:16:13.310Z POST /classify/creat?_t=1624007773027 200 80 - 270.253 ms
[logger] 2021-06-18T09:16:13.664Z POST /classify/list?_t=1624007773332 200 861 - 14.450 ms
[logger] 2021-06-18T09:16:35.834Z POST /classify/creat?_t=1624007795709 200 76 - 114.261 ms
[logger] 2021-06-18T09:16:54.037Z POST /classify/list?_t=1624007814023 200 861 - 5.211 ms
[logger] 2021-06-18T09:17:01.421Z POST /classify/creat?_t=1624007821414 200 76 - 1.829 ms
[logger] 2021-06-18T09:17:03.629Z POST /classify/creat?_t=1624007823321 200 76 - 1.439 ms
[logger] 2021-06-18T09:17:05.776Z POST /classify/creat?_t=1624007825767 200 76 - 2.292 ms
[logger] 2021-06-18T09:17:08.263Z POST /classify/creat?_t=1624007827956 200 76 - 1.282 ms
[logger] 2021-06-18T09:17:45.044Z POST /classify/creat?_t=1624007864728 200 76 - 2.369 ms
[logger] 2021-06-18T09:17:47.283Z POST /classify/creat?_t=1624007867269 200 76 - 2.533 ms
[logger] 2021-06-18T09:17:49.742Z POST /classify/creat?_t=1624007869428 200 76 - 3.304 ms
[logger] 2021-06-18T09:17:51.291Z POST /classify/creat?_t=1624007871282 200 76 - 2.409 ms
[logger] 2021-06-18T09:17:52.738Z POST /classify/creat?_t=1624007872427 200 76 - 1.906 ms
[logger] 2021-06-18T09:17:54.199Z POST /classify/creat?_t=1624007874185 200 76 - 4.102 ms
[logger] 2021-06-18T09:18:00.181Z POST /classify/creat?_t=1624007879870 200 76 - 2.307 ms
[logger] 2021-06-18T09:18:28.402Z POST /classify/list?_t=1624007908388 200 861 - 2.483 ms
[logger] 2021-06-18T09:18:35.972Z POST /classify/update?_t=1624007915662 200 76 - 2.571 ms
[logger] 2021-06-18T09:18:37.857Z POST /classify/update?_t=1624007917847 200 76 - 2.448 ms
[logger] 2021-06-18T09:18:48.516Z POST /classify/list?_t=1624007928503 200 861 - 2.130 ms
[logger] 2021-06-18T09:21:06.378Z POST /classify/update?_t=1624008066064 200 76 - 3.526 ms
[logger] 2021-06-18T09:21:08.017Z POST /classify/update?_t=1624008068009 200 76 - 2.656 ms
[logger] 2021-06-18T09:21:09.658Z POST /classify/update?_t=1624008069342 200 76 - 3.033 ms
[logger] 2021-06-18T09:21:10.683Z POST /classify/update?_t=1624008070670 200 76 - 3.368 ms
[logger] 2021-06-18T09:21:14.107Z POST /classify/update?_t=1624008073799 200 76 - 1.758 ms
[logger] 2021-06-18T09:21:20.185Z POST /classify/update?_t=1624008080179 200 76 - 1.856 ms
[logger] 2021-06-18T09:22:02.075Z POST /classify/update?_t=1624008122067 200 76 - 1.947 ms
[logger] 2021-06-18T09:22:07.310Z POST /classify/update?_t=1624008127301 200 76 - 2.913 ms
[logger] 2021-06-18T09:22:07.827Z POST /classify/update?_t=1624008127518 200 76 - 1.988 ms
[logger] 2021-06-18T09:22:09.861Z POST /classify/update?_t=1624008129848 200 76 - 2.841 ms
[logger] 2021-06-18T09:22:21.851Z POST /classify/update?_t=1624008141838 200 76 - 3.898 ms
[logger] 2021-06-18T09:22:34.679Z POST /classify/creat?_t=1624008154366 200 76 - 4.293 ms
[logger] 2021-06-18T09:28:04.568Z POST /classify/list?_t=1624008484518 200 861 - 32.591 ms
[logger] 2021-06-18T09:30:04.843Z POST /classify/list?_t=1624008604816 200 861 - 9.135 ms
[logger] 2021-06-18T09:30:13.898Z POST /classify/list?_t=1624008613887 200 861 - 2.730 ms
[logger] 2021-06-18T09:30:25.497Z POST /classify/list?_t=1624008625482 200 861 - 2.771 ms
[logger] 2021-06-18T09:30:48.255Z POST /classify/list?_t=1624008648242 200 861 - 2.798 ms
[logger] 2021-06-18T09:30:51.488Z POST /classify/list?_t=1624008651476 200 861 - 2.876 ms
[logger] 2021-06-18T09:31:02.264Z POST /classify/list?_t=1624008662139 200 861 - 2.798 ms
[logger] 2021-06-18T09:31:25.046Z POST /classify/list?_t=1624008685031 200 861 - 2.191 ms
[logger] 2021-06-18T09:31:34.648Z POST /classify/delete?_t=1624008694113 200 80 - 224.217 ms
[logger] 2021-06-18T09:31:34.675Z POST /classify/list?_t=1624008694651 200 749 - 2.738 ms
[logger] 2021-06-18T09:32:10.625Z POST /classify/delete?_t=1624008730498 200 80 - 116.521 ms
[logger] 2021-06-18T09:32:10.935Z POST /classify/list?_t=1624008730628 200 637 - 1.766 ms
[logger] 2021-06-18T09:32:20.004Z POST /classify/delete?_t=1624008739892 200 80 - 103.426 ms
[logger] 2021-06-18T09:32:20.317Z POST /classify/list?_t=1624008740009 200 525 - 1.770 ms
[logger] 2021-06-18T09:32:22.577Z POST /classify/delete?_t=1624008742550 200 80 - 21.287 ms
[logger] 2021-06-18T09:32:22.887Z POST /classify/list?_t=1624008742579 200 413 - 2.315 ms
[logger] 2021-06-18T09:32:32.383Z POST /classify/update?_t=1624008752263 200 80 - 111.212 ms
[logger] 2021-06-18T09:32:32.708Z POST /classify/list?_t=1624008752397 200 412 - 2.749 ms
[logger] 2021-06-18T09:32:47.315Z POST /product/list?_t=1624008767305 200 8213 - 4.086 ms
[logger] 2021-06-18T09:34:29.012Z POST /classify/list?_t=1624008769004 - - - - ms
