[logger] 2021-07-02T00:41:38.166Z POST /user/wxLogin 404 152 - 149.623 ms
[logger] 2021-07-02T00:48:52.632Z POST /user/wxLogin 500 12 - 23.645 ms
[logger] 2021-07-02T00:54:25.175Z POST /user/wxLogin 500 12 - 26.760 ms
[logger] 2021-07-02T00:58:42.369Z GET /temp/images/1625129045704.jpg 304 - - 3.249 ms
[logger] 2021-07-02T01:17:04.008Z POST /product/list?_t=1625188623950 401 38 - 41.275 ms
[logger] 2021-07-02T01:17:04.018Z GET /sys/dictionary/getAllDict?_t=1625188623950 401 38 - 33.379 ms
[logger] 2021-07-02T01:17:08.239Z POST /user/login?_t=1625188628008 200 426 - 226.109 ms
[logger] 2021-07-02T01:17:09.262Z GET /sys/dictionary/getAllDict?_t=1625188628953 200 347 - 2.605 ms
[logger] 2021-07-02T01:17:12.272Z POST /product/list?_t=1625188632259 200 7365 - 6.499 ms
[logger] 2021-07-02T01:17:15.518Z POST /file/list?_t=1625188635210 200 314 - 1.984 ms
[logger] 2021-07-02T01:17:15.792Z GET /file/picDownload?fileId=99&downloadFlag=0 200 - - 2.535 ms
[logger] 2021-07-02T01:17:17.563Z POST /file/list?_t=1625188637557 200 1057 - 1.510 ms
[logger] 2021-07-02T01:17:18.216Z GET /file/picDownload?fileId=100&downloadFlag=0 200 - - 2.270 ms
[logger] 2021-07-02T01:17:18.239Z GET /file/picDownload?fileId=95&downloadFlag=0 200 - - 2.075 ms
[logger] 2021-07-02T01:17:18.298Z GET /file/picDownload?fileId=87&downloadFlag=0 200 - - 2.520 ms
[logger] 2021-07-02T01:17:18.329Z GET /file/picDownload?fileId=94&downloadFlag=0 200 - - 2.011 ms
[logger] 2021-07-02T01:17:21.066Z POST /file/picUpload 200 298 - 334.629 ms
[logger] 2021-07-02T01:17:21.443Z GET /file/picDownload?fileId=102&downloadFlag=0 200 - - 1.654 ms
[logger] 2021-07-02T01:17:21.463Z POST /product/update?_t=1625188641102 200 74 - 29.896 ms
[logger] 2021-07-02T02:18:14.450Z POST /file/picUpload 200 327 - 207.054 ms
[logger] 2021-07-02T02:18:14.483Z GET /file/picDownload?fileId=103&downloadFlag=0 200 - - 2.654 ms
[logger] 2021-07-02T02:18:14.854Z POST /product/update?_t=1625192294467 200 74 - 70.458 ms
[logger] 2021-07-02T02:18:54.151Z POST /file/list?_t=1625192333811 200 1675 - 24.172 ms
[logger] 2021-07-02T02:19:27.582Z POST /product/list?_t=1625192367529 200 7373 - 37.699 ms
[logger] 2021-07-02T02:19:27.586Z GET /sys/dictionary/getAllDict?_t=1625192367529 200 347 - 20.769 ms
[logger] 2021-07-02T02:19:29.006Z POST /file/list?_t=1625192369000 200 333 - 2.570 ms
[logger] 2021-07-02T02:19:29.047Z GET /file/picDownload?fileId=99&downloadFlag=0 200 - - 3.669 ms
[logger] 2021-07-02T02:20:24.363Z POST /file/list?_t=1625192424028 200 333 - 20.836 ms
[logger] 2021-07-02T02:20:25.920Z POST /file/list?_t=1625192425912 200 1675 - 2.485 ms
[logger] 2021-07-02T02:20:26.287Z GET /file/picDownload?fileId=100&downloadFlag=0 200 - - 4.280 ms
[logger] 2021-07-02T02:20:26.290Z GET /file/picDownload?fileId=95&downloadFlag=0 200 - - 4.547 ms
[logger] 2021-07-02T02:20:26.295Z GET /file/picDownload?fileId=103&downloadFlag=0 200 - - 3.914 ms
[logger] 2021-07-02T02:20:26.299Z GET /file/picDownload?fileId=102&downloadFlag=0 200 - - 4.021 ms
[logger] 2021-07-02T02:20:26.305Z GET /file/picDownload?fileId=87&downloadFlag=0 200 - - 5.100 ms
[logger] 2021-07-02T02:20:26.309Z GET /file/picDownload?fileId=94&downloadFlag=0 200 - - 4.706 ms
[logger] 2021-07-02T02:20:28.266Z POST /file/list?_t=1625192427958 200 862 - 1.733 ms
[logger] 2021-07-02T02:20:28.674Z GET /file/picDownload?fileId=97&downloadFlag=0 200 - - 2.956 ms
[logger] 2021-07-02T02:20:28.714Z GET /file/picDownload?fileId=101&downloadFlag=0 200 - - 1.538 ms
[logger] 2021-07-02T02:20:28.737Z GET /file/picDownload?fileId=96&downloadFlag=0 200 - - 2.202 ms
[logger] 2021-07-02T02:24:10.066Z POST /file/list?_t=1625192649755 200 333 - 3.596 ms
[logger] 2021-07-02T02:24:10.314Z GET /file/picDownload?fileId=99&downloadFlag=0 200 - - 0.781 ms
[logger] 2021-07-02T02:24:12.232Z POST /file/picUpload 200 323 - 103.548 ms
[logger] 2021-07-02T02:24:12.582Z POST /file/deleteById?_t=1625192652235 200 77 - 35.517 ms
[logger] 2021-07-02T02:24:12.814Z POST /product/update?_t=1625192652610 200 74 - 21.469 ms
[logger] 2021-07-02T02:24:12.924Z GET /file/picDownload?fileId=104&downloadFlag=0 200 - - 0.681 ms
[logger] 2021-07-02T02:39:17.632Z POST /file/picUpload 500 12 - 31.480 ms
[logger] 2021-07-02T02:40:03.647Z POST /file/picUpload 500 12 - 26.667 ms
[logger] 2021-07-02T02:40:15.956Z POST /file/picUpload 200 323 - 172.112 ms
[logger] 2021-07-02T02:40:16.033Z POST /file/deleteById?_t=1625193615958 200 77 - 24.716 ms
[logger] 2021-07-02T02:40:16.304Z POST /product/update?_t=1625193616042 200 74 - 35.988 ms
[logger] 2021-07-02T02:40:16.365Z GET /file/picDownload?fileId=105&downloadFlag=0 200 - - 3.505 ms
[logger] 2021-07-02T02:40:24.979Z POST /file/picUpload 200 323 - 56.128 ms
[logger] 2021-07-02T02:40:25.335Z POST /file/deleteById?_t=1625193624988 200 77 - 32.464 ms
[logger] 2021-07-02T02:40:25.568Z POST /product/update?_t=1625193625349 200 74 - 18.393 ms
[logger] 2021-07-02T02:40:25.658Z GET /file/picDownload?fileId=106&downloadFlag=0 200 - - 0.862 ms
[logger] 2021-07-02T02:42:10.421Z POST /file/picUpload 200 323 - 155.244 ms
[logger] 2021-07-02T02:42:10.524Z POST /file/deleteById?_t=1625193730422 200 77 - 34.246 ms
[logger] 2021-07-02T02:42:10.768Z POST /product/update?_t=1625193730532 200 74 - 40.016 ms
[logger] 2021-07-02T02:42:10.846Z GET /file/picDownload?fileId=107&downloadFlag=0 200 - - 2.325 ms
[logger] 2021-07-02T02:57:52.158Z POST /file/picUpload 200 378 - 158.959 ms
[logger] 2021-07-02T02:57:52.522Z POST /file/deleteById?_t=1625194672165 200 77 - 41.156 ms
[logger] 2021-07-02T02:57:52.841Z GET /file/picDownload?fileId=108&downloadFlag=0 200 - - 1.354 ms
[logger] 2021-07-02T02:57:52.857Z POST /product/update?_t=1625194672529 200 74 - 23.033 ms
[logger] 2021-07-02T02:59:16.805Z POST /file/deleteById?_t=1625194756420 200 77 - 58.800 ms
[logger] 2021-07-02T03:00:50.722Z POST /file/list?_t=1625194850551 200 73 - 2.995 ms
[logger] 2021-07-02T03:02:12.682Z POST /file/picUpload 200 378 - 153.721 ms
[logger] 2021-07-02T03:02:12.784Z POST /product/update?_t=1625194932688 200 74 - 32.056 ms
[logger] 2021-07-02T03:02:13.013Z GET /file/picDownload?fileId=109&downloadFlag=0 200 - - 6.269 ms
[logger] 2021-07-02T03:02:15.758Z POST /file/deleteById?_t=1625194935719 200 77 - 31.412 ms
[logger] 2021-07-02T03:02:42.162Z POST /file/picUpload 200 378 - 149.201 ms
[logger] 2021-07-02T03:02:42.286Z POST /product/update?_t=1625194962176 200 74 - 22.234 ms
[logger] 2021-07-02T03:02:42.502Z GET /file/picDownload?fileId=110&downloadFlag=0 200 - - 2.300 ms
[logger] 2021-07-02T03:02:46.371Z POST /file/deleteById?_t=1625194966335 200 77 - 30.093 ms
[logger] 2021-07-02T03:03:46.456Z POST /file/picUpload 200 378 - 152.592 ms
[logger] 2021-07-02T03:03:46.579Z POST /product/update?_t=1625195026464 200 74 - 36.261 ms
[logger] 2021-07-02T03:03:46.808Z GET /file/picDownload?fileId=111&downloadFlag=0 200 - - 7.291 ms
[logger] 2021-07-02T03:03:51.475Z POST /file/deleteById?_t=1625195031349 200 77 - 118.126 ms
[logger] 2021-07-02T03:04:56.634Z POST /file/list?_t=1625195096291 200 73 - 21.696 ms
[logger] 2021-07-02T03:04:58.923Z POST /file/picUpload 200 378 - 165.103 ms
[logger] 2021-07-02T03:04:59.250Z GET /file/picDownload?fileId=112&downloadFlag=0 200 - - 2.485 ms
[logger] 2021-07-02T03:04:59.269Z POST /product/update?_t=1625195098931 200 74 - 27.794 ms
[logger] 2021-07-02T03:05:01.485Z POST /file/deleteById?_t=1625195101452 200 77 - 27.495 ms
[logger] 2021-07-02T03:05:56.304Z POST /file/picUpload 200 371 - 64.452 ms
[logger] 2021-07-02T03:05:56.514Z POST /product/update?_t=1625195156309 200 74 - 36.524 ms
[logger] 2021-07-02T03:05:56.619Z GET /file/picDownload?fileId=113&downloadFlag=0 200 - - 1.257 ms
[logger] 2021-07-02T03:05:58.927Z POST /file/deleteById?_t=1625195158877 200 77 - 45.335 ms
[logger] 2021-07-02T03:06:10.346Z POST /file/picUpload 200 371 - 146.591 ms
[logger] 2021-07-02T03:06:10.471Z POST /product/update?_t=1625195170355 200 74 - 22.138 ms
[logger] 2021-07-02T03:06:10.697Z GET /file/picDownload?fileId=114&downloadFlag=0 200 - - 2.665 ms
[logger] 2021-07-02T03:06:15.320Z POST /file/deleteById?_t=1625195175275 200 77 - 40.249 ms
[logger] 2021-07-02T03:07:09.976Z POST /file/picUpload 200 371 - 152.778 ms
[logger] 2021-07-02T03:07:10.076Z POST /product/update?_t=1625195229979 200 74 - 27.468 ms
[logger] 2021-07-02T03:07:10.295Z GET /file/picDownload?fileId=115&downloadFlag=0 200 - - 2.099 ms
[logger] 2021-07-02T03:07:12.717Z POST /file/list?_t=1625195232709 200 1795 - 2.792 ms
[logger] 2021-07-02T03:07:13.098Z GET /file/picDownload?fileId=100&downloadFlag=0 200 - - 3.570 ms
[logger] 2021-07-02T03:07:13.103Z GET /file/picDownload?fileId=95&downloadFlag=0 200 - - 3.487 ms
[logger] 2021-07-02T03:07:13.106Z GET /file/picDownload?fileId=103&downloadFlag=0 200 - - 1.389 ms
[logger] 2021-07-02T03:07:13.109Z GET /file/picDownload?fileId=102&downloadFlag=0 200 - - 1.449 ms
[logger] 2021-07-02T03:07:13.112Z GET /file/picDownload?fileId=87&downloadFlag=0 200 - - 1.632 ms
[logger] 2021-07-02T03:07:13.113Z GET /file/picDownload?fileId=94&downloadFlag=0 200 - - 3.489 ms
[logger] 2021-07-02T03:07:15.006Z POST /file/list?_t=1625195234698 200 392 - 1.432 ms
[logger] 2021-07-02T03:10:01.515Z GET /uploads/file-1625195229847 401 38 - 11.303 ms
[logger] 2021-07-02T03:10:01.684Z GET /favicon.ico 401 38 - 3.235 ms
[logger] 2021-07-02T03:10:48.779Z GET /uploads/file-1625195229847 401 38 - 8.077 ms
[logger] 2021-07-02T03:10:48.815Z GET /favicon.ico 401 38 - 4.286 ms
[logger] 2021-07-02T03:10:49.693Z GET /uploads/file-1625195229847 401 38 - 4.755 ms
[logger] 2021-07-02T03:10:49.729Z GET /favicon.ico 401 38 - 3.807 ms
[logger] 2021-07-02T03:10:49.882Z GET /uploads/file-1625195229847 401 38 - 14.360 ms
[logger] 2021-07-02T03:10:49.936Z GET /favicon.ico 401 38 - 4.251 ms
[logger] 2021-07-02T03:10:50.036Z GET /uploads/file-1625195229847 401 38 - 9.132 ms
[logger] 2021-07-02T03:10:50.091Z GET /favicon.ico 401 38 - 4.157 ms
[logger] 2021-07-02T03:10:50.226Z GET /uploads/file-1625195229847 401 38 - 16.102 ms
[logger] 2021-07-02T03:10:50.277Z GET /favicon.ico 401 38 - 3.686 ms
[logger] 2021-07-02T03:10:50.359Z GET /uploads/file-1625195229847 401 38 - 6.218 ms
[logger] 2021-07-02T03:10:50.396Z GET /favicon.ico 401 38 - 3.446 ms
[logger] 2021-07-02T03:10:50.551Z GET /uploads/file-1625195229847 401 38 - 14.967 ms
[logger] 2021-07-02T03:10:50.601Z GET /favicon.ico 401 38 - 5.220 ms
[logger] 2021-07-02T03:10:50.688Z GET /uploads/file-1625195229847 401 38 - 5.801 ms
[logger] 2021-07-02T03:10:50.729Z GET /favicon.ico 401 38 - 3.033 ms
[logger] 2021-07-02T03:10:50.850Z GET /uploads/file-1625195229847 401 38 - 10.164 ms
[logger] 2021-07-02T03:10:50.900Z GET /favicon.ico 401 38 - 6.428 ms
[logger] 2021-07-02T03:10:51.070Z GET /uploads/file-1625195229847 401 38 - 16.701 ms
[logger] 2021-07-02T03:10:51.139Z GET /favicon.ico 401 38 - 6.652 ms
[logger] 2021-07-02T03:11:15.179Z GET /uploads/file-1625195229847 404 165 - 4.517 ms
[logger] 2021-07-02T03:11:15.221Z GET /favicon.ico 404 150 - 0.309 ms
[logger] 2021-07-02T03:11:28.635Z GET /uploads/file-1625195229847 404 165 - 4.664 ms
[logger] 2021-07-02T03:11:59.042Z GET /temp/images/1625195230064.jpg 200 1088041 - 5.191 ms
[logger] 2021-07-02T03:17:20.357Z POST /file/list?_t=1625195840028 200 1795 - 20.996 ms
[logger] 2021-07-02T03:17:20.598Z GET /file/picDownload?fileId=103&downloadFlag=0 200 - - 2.656 ms
[logger] 2021-07-02T03:17:20.691Z GET /file/picDownload?fileId=100&downloadFlag=0 200 - - 3.868 ms
[logger] 2021-07-02T03:17:20.693Z GET /file/picDownload?fileId=95&downloadFlag=0 200 - - 3.966 ms
[logger] 2021-07-02T03:17:20.697Z GET /file/picDownload?fileId=102&downloadFlag=0 200 - - 3.575 ms
[logger] 2021-07-02T03:17:20.699Z GET /file/picDownload?fileId=94&downloadFlag=0 200 - - 3.761 ms
[logger] 2021-07-02T03:17:20.702Z GET /file/picDownload?fileId=87&downloadFlag=0 200 - - 2.489 ms
[logger] 2021-07-02T03:17:22.394Z POST /file/list?_t=1625195842083 200 922 - 3.305 ms
[logger] 2021-07-02T03:17:22.646Z GET /file/picDownload?fileId=101&downloadFlag=0 200 - - 1.014 ms
[logger] 2021-07-02T03:17:22.714Z GET /file/picDownload?fileId=97&downloadFlag=0 200 - - 1.123 ms
[logger] 2021-07-02T03:17:22.717Z GET /file/picDownload?fileId=96&downloadFlag=0 200 - - 1.797 ms
[logger] 2021-07-02T03:17:24.289Z POST /file/list?_t=1625195844281 200 392 - 2.087 ms
[logger] 2021-07-02T06:49:13.643Z GET /temp/images/1625195230064.jpg 200 1088041 - 4.872 ms
[logger] 2021-07-02T06:50:25.131Z GET /temp/images/1625195230064.jpg 304 - - 0.915 ms
[logger] 2021-07-02T07:04:05.115Z GET /temp/images/1625195230064.jpg 304 - - 0.621 ms
[logger] 2021-07-02T07:11:39.997Z POST /product/list?_t=1625209899939 401 38 - 39.851 ms
[logger] 2021-07-02T07:11:40.006Z GET /sys/dictionary/getAllDict?_t=1625209899939 401 38 - 22.120 ms
[logger] 2021-07-02T07:11:43.426Z POST /user/login?_t=1625209903298 200 426 - 119.546 ms
[logger] 2021-07-02T07:11:44.444Z GET /sys/dictionary/getAllDict?_t=1625209904132 200 347 - 2.459 ms
[logger] 2021-07-02T07:11:47.774Z POST /product/list?_t=1625209907681 200 7374 - 8.289 ms
[logger] 2021-07-02T07:11:50.512Z POST /classify/itemList?_t=1625209910198 200 149 - 1.936 ms
[logger] 2021-07-02T07:11:53.629Z POST /classify/itemList?_t=1625209913621 200 149 - 2.588 ms
[logger] 2021-07-02T07:12:01.418Z POST /product/update?_t=1625209920966 200 74 - 144.948 ms
[logger] 2021-07-02T07:12:01.525Z POST /product/list?_t=1625209921448 200 7374 - 2.894 ms
[logger] 2021-07-02T07:12:03.672Z POST /classify/itemList?_t=1625209923661 200 149 - 2.209 ms
[logger] 2021-07-02T07:12:09.235Z POST /product/update?_t=1625209928907 200 74 - 22.629 ms
[logger] 2021-07-02T07:12:09.471Z POST /product/list?_t=1625209929254 200 7374 - 4.181 ms
[logger] 2021-07-02T07:13:40.610Z GET /temp/images/1625195230064.jpg 304 - - 0.777 ms
[logger] 2021-07-02T07:28:42.969Z GET /temp/images/1625195230064.jpg 304 - - 0.743 ms
[logger] 2021-07-02T07:49:05.699Z GET /temp/images/1625195230064.jpg 304 - - 0.538 ms
[logger] 2021-07-02T08:06:54.020Z POST /file/list?_t=1625213213667 200 73 - 10.163 ms
[logger] 2021-07-02T08:06:56.864Z POST /file/picUpload 200 370 - 88.783 ms
[logger] 2021-07-02T08:06:57.224Z GET /file/picDownload?fileId=116&downloadFlag=0 200 - - 9.246 ms
[logger] 2021-07-02T08:06:57.242Z POST /product/update?_t=1625213216872 200 74 - 43.179 ms
[logger] 2021-07-02T08:07:00.214Z POST /file/list?_t=1625213220204 200 73 - 2.119 ms
[logger] 2021-07-02T08:07:03.961Z POST /file/picUpload 200 370 - 148.370 ms
[logger] 2021-07-02T08:07:04.098Z POST /product/update?_t=1625213223969 200 74 - 37.529 ms
[logger] 2021-07-02T08:07:04.290Z GET /file/picDownload?fileId=117&downloadFlag=0 200 - - 2.381 ms
[logger] 2021-07-02T08:07:06.056Z POST /file/list?_t=1625213226050 200 73 - 1.281 ms
[logger] 2021-07-02T08:07:10.353Z POST /file/picUpload 200 370 - 138.927 ms
[logger] 2021-07-02T08:07:10.488Z POST /product/update?_t=1625213230369 200 74 - 23.981 ms
[logger] 2021-07-02T08:07:10.701Z GET /file/picDownload?fileId=118&downloadFlag=0 200 - - 3.400 ms
[logger] 2021-07-02T08:07:13.171Z POST /file/list?_t=1625213233165 200 73 - 1.483 ms
[logger] 2021-07-02T08:07:16.725Z POST /file/picUpload 200 358 - 75.604 ms
[logger] 2021-07-02T08:07:16.927Z POST /product/update?_t=1625213236732 200 74 - 33.511 ms
[logger] 2021-07-02T08:07:17.054Z GET /file/picDownload?fileId=119&downloadFlag=0 200 - - 3.700 ms
[logger] 2021-07-02T08:07:20.144Z POST /file/list?_t=1625213240137 200 73 - 1.593 ms
[logger] 2021-07-02T08:07:23.909Z POST /file/picUpload 200 371 - 134.556 ms
[logger] 2021-07-02T08:07:24.037Z POST /product/update?_t=1625213243914 200 74 - 14.372 ms
[logger] 2021-07-02T08:07:24.238Z GET /file/picDownload?fileId=120&downloadFlag=0 200 - - 3.245 ms
[logger] 2021-07-02T08:07:28.603Z POST /file/list?_t=1625213248596 200 73 - 1.501 ms
[logger] 2021-07-02T08:07:33.070Z POST /file/picUpload 200 371 - 144.067 ms
[logger] 2021-07-02T08:07:33.215Z POST /product/update?_t=1625213253091 200 74 - 39.812 ms
[logger] 2021-07-02T08:07:33.404Z GET /file/picDownload?fileId=121&downloadFlag=0 200 - - 0.772 ms
[logger] 2021-07-02T08:07:36.631Z POST /file/list?_t=1625213256617 200 73 - 1.375 ms
[logger] 2021-07-02T08:07:40.138Z POST /file/picUpload 200 371 - 136.900 ms
[logger] 2021-07-02T08:07:40.294Z POST /product/update?_t=1625213260159 200 74 - 33.110 ms
[logger] 2021-07-02T08:07:40.471Z GET /file/picDownload?fileId=122&downloadFlag=0 200 - - 0.757 ms
[logger] 2021-07-02T08:07:42.983Z POST /file/list?_t=1625213262976 200 73 - 1.660 ms
[logger] 2021-07-02T08:07:46.612Z POST /file/picUpload 200 371 - 224.359 ms
[logger] 2021-07-02T08:07:46.649Z POST /product/update?_t=1625213266625 200 74 - 17.629 ms
[logger] 2021-07-02T08:07:46.940Z GET /file/picDownload?fileId=123&downloadFlag=0 200 - - 1.883 ms
[logger] 2021-07-02T08:07:50.727Z GET /temp/images/1625213267131.jpg 200 139204 - 3.080 ms
[logger] 2021-07-02T08:07:50.737Z GET /temp/images/1625213244173.jpg 200 622572 - 5.662 ms
[logger] 2021-07-02T08:07:50.739Z GET /temp/images/1625213253096.jpg 200 793275 - 4.147 ms
[logger] 2021-07-02T08:07:50.741Z GET /temp/images/1625213231186.jpg 200 622572 - 3.153 ms
[logger] 2021-07-02T08:07:50.742Z GET /temp/images/1625213260858.jpg 200 949648 - 2.853 ms
[logger] 2021-07-02T08:07:52.397Z GET /temp/images/1625213223891.jpg 200 139204 - 0.947 ms
[logger] 2021-07-02T08:07:52.420Z GET /temp/images/1625213217693.jpg 200 609268 - 1.006 ms
[logger] 2021-07-02T08:08:03.154Z POST /file/list?_t=1625213283149 200 73 - 1.229 ms
[logger] 2021-07-02T08:08:07.379Z POST /file/picUpload 200 370 - 150.423 ms
[logger] 2021-07-02T08:08:07.500Z POST /product/update?_t=1625213287399 200 74 - 23.768 ms
[logger] 2021-07-02T08:08:07.709Z GET /file/picDownload?fileId=124&downloadFlag=0 200 - - 0.750 ms
[logger] 2021-07-02T08:08:16.686Z GET /temp/images/1625213287754.jpg 200 654706 - 0.666 ms
[logger] 2021-07-02T08:08:17.471Z GET /temp/images/1625213217693.jpg 304 - - 0.562 ms
[logger] 2021-07-02T08:08:38.241Z GET /temp/images/1625213231186.jpg 304 - - 0.589 ms
[logger] 2021-07-02T08:09:49.404Z POST /product/list?_t=1625213389391 200 7398 - 5.864 ms
[logger] 2021-07-02T08:09:49.407Z GET /sys/dictionary/getAllDict?_t=1625213389391 200 347 - 6.514 ms
[logger] 2021-07-02T08:09:54.629Z POST /file/list?_t=1625213394622 200 1795 - 1.631 ms
[logger] 2021-07-02T08:09:54.984Z GET /file/picDownload?fileId=103&downloadFlag=0 200 - - 0.878 ms
[logger] 2021-07-02T08:09:55.001Z GET /file/picDownload?fileId=100&downloadFlag=0 200 - - 4.488 ms
[logger] 2021-07-02T08:09:55.006Z GET /file/picDownload?fileId=95&downloadFlag=0 200 - - 7.424 ms
[logger] 2021-07-02T08:09:55.012Z GET /file/picDownload?fileId=102&downloadFlag=0 200 - - 4.041 ms
[logger] 2021-07-02T08:09:55.016Z GET /file/picDownload?fileId=87&downloadFlag=0 200 - - 3.028 ms
[logger] 2021-07-02T08:09:55.020Z GET /file/picDownload?fileId=94&downloadFlag=0 200 - - 8.529 ms
[logger] 2021-07-02T08:10:00.841Z GET /temp/images/1625213231186.jpg 304 - - 0.422 ms
[logger] 2021-07-02T08:10:02.773Z GET /temp/images/1625213217693.jpg 304 - - 0.435 ms
[logger] 2021-07-02T08:10:19.669Z POST /product/list?_t=1625213419624 200 7398 - 30.383 ms
[logger] 2021-07-02T08:10:19.672Z GET /sys/dictionary/getAllDict?_t=1625213419624 200 347 - 17.435 ms
[logger] 2021-07-02T08:34:45.723Z GET /temp/images/1625213231186.jpg 304 - - 2.548 ms
[logger] 2021-07-02T08:34:46.744Z GET /temp/images/1625213217693.jpg 304 - - 0.871 ms
[logger] 2021-07-02T08:35:30.299Z GET /temp/images/1625213217693.jpg 304 - - 0.468 ms
[logger] 2021-07-02T08:36:11.946Z GET /temp/images/1625195230064.jpg 304 - - 1.269 ms
[logger] 2021-07-02T08:37:41.019Z GET /temp/images/1625195230064.jpg 304 - - 0.438 ms
[logger] 2021-07-02T08:38:38.573Z GET /temp/images/1625213223891.jpg 304 - - 0.424 ms
[logger] 2021-07-02T08:38:38.587Z GET /temp/images/1625213217693.jpg 304 - - 0.456 ms
[logger] 2021-07-02T08:38:47.609Z GET /temp/images/1625195230064.jpg 304 - - 0.460 ms
[logger] 2021-07-02T08:38:53.666Z GET /temp/images/1625213287754.jpg 304 - - 0.619 ms
[logger] 2021-07-02T08:38:53.670Z GET /temp/images/1625213244173.jpg 304 - - 1.938 ms
[logger] 2021-07-02T08:38:53.670Z GET /temp/images/1625213253096.jpg 304 - - 1.809 ms
[logger] 2021-07-02T08:38:53.671Z GET /temp/images/1625213260858.jpg 304 - - 1.905 ms
[logger] 2021-07-02T08:38:53.671Z GET /temp/images/1625213267131.jpg 304 - - 1.960 ms
[logger] 2021-07-02T08:38:53.779Z GET /temp/images/1625213231186.jpg 304 - - 1.139 ms
[logger] 2021-07-02T08:38:57.801Z GET /temp/images/1625213217693.jpg 304 - - 0.454 ms
[logger] 2021-07-02T08:38:57.804Z GET /temp/images/1625213223891.jpg 304 - - 0.493 ms
[logger] 2021-07-02T08:39:03.206Z GET /temp/images/1625213244173.jpg 304 - - 0.803 ms
[logger] 2021-07-02T08:39:03.211Z GET /temp/images/1625213253096.jpg 304 - - 2.262 ms
[logger] 2021-07-02T08:39:03.212Z GET /temp/images/1625213260858.jpg 304 - - 1.731 ms
[logger] 2021-07-02T08:39:03.212Z GET /temp/images/1625213267131.jpg 304 - - 1.506 ms
[logger] 2021-07-02T08:39:03.217Z GET /temp/images/1625213231186.jpg 304 - - 0.524 ms
[logger] 2021-07-02T08:39:03.219Z GET /temp/images/1625213287754.jpg 304 - - 0.500 ms
[logger] 2021-07-02T08:39:04.369Z GET /temp/images/1625195230064.jpg 304 - - 0.410 ms
[logger] 2021-07-02T08:39:18.134Z GET /temp/images/1625195230064.jpg 304 - - 0.363 ms
[logger] 2021-07-02T08:40:01.851Z GET /temp/images/1625195230064.jpg 304 - - 0.401 ms
[logger] 2021-07-02T08:40:06.440Z GET /temp/images/1625213287754.jpg 304 - - 0.551 ms
[logger] 2021-07-02T08:40:06.441Z GET /temp/images/1625213244173.jpg 304 - - 0.502 ms
[logger] 2021-07-02T08:40:06.444Z GET /temp/images/1625213253096.jpg 304 - - 1.213 ms
[logger] 2021-07-02T08:40:06.445Z GET /temp/images/1625213260858.jpg 304 - - 1.218 ms
[logger] 2021-07-02T08:40:06.447Z GET /temp/images/1625213267131.jpg 304 - - 0.816 ms
[logger] 2021-07-02T08:40:06.454Z GET /temp/images/1625213231186.jpg 304 - - 0.509 ms
[logger] 2021-07-02T08:40:13.640Z GET /temp/images/1625195230064.jpg 304 - - 0.432 ms
[logger] 2021-07-02T08:40:16.167Z GET /temp/images/1625213287754.jpg 304 - - 0.469 ms
[logger] 2021-07-02T08:40:16.170Z GET /temp/images/1625213244173.jpg 304 - - 1.639 ms
[logger] 2021-07-02T08:40:16.173Z GET /temp/images/1625213253096.jpg 304 - - 3.596 ms
[logger] 2021-07-02T08:40:16.174Z GET /temp/images/1625213260858.jpg 304 - - 2.868 ms
[logger] 2021-07-02T08:40:16.174Z GET /temp/images/1625213267131.jpg 304 - - 1.528 ms
[logger] 2021-07-02T08:40:16.185Z GET /temp/images/1625213231186.jpg 304 - - 0.773 ms
[logger] 2021-07-02T08:40:16.732Z GET /temp/images/1625213217693.jpg 304 - - 0.784 ms
[logger] 2021-07-02T08:40:16.732Z GET /temp/images/1625213223891.jpg 304 - - 0.738 ms
[logger] 2021-07-02T08:41:26.123Z GET /temp/images/1625213223891.jpg 304 - - 0.431 ms
[logger] 2021-07-02T08:41:26.132Z GET /temp/images/1625213217693.jpg 304 - - 0.413 ms
[logger] 2021-07-02T08:41:57.907Z GET /temp/images/1625195230064.jpg 304 - - 0.402 ms
[logger] 2021-07-02T08:43:12.686Z GET /temp/images/1625195230064.jpg 304 - - 0.394 ms
[logger] 2021-07-02T08:43:41.058Z GET /temp/images/1625195230064.jpg 304 - - 0.364 ms
[logger] 2021-07-02T08:43:54.730Z GET /temp/images/1625213287754.jpg 304 - - 0.738 ms
[logger] 2021-07-02T08:43:54.735Z GET /temp/images/1625213244173.jpg 304 - - 2.329 ms
[logger] 2021-07-02T08:43:54.735Z GET /temp/images/1625213253096.jpg 304 - - 2.274 ms
[logger] 2021-07-02T08:43:54.736Z GET /temp/images/1625213260858.jpg 304 - - 2.300 ms
[logger] 2021-07-02T08:43:54.737Z GET /temp/images/1625213267131.jpg 304 - - 0.509 ms
[logger] 2021-07-02T08:43:54.748Z GET /temp/images/1625213231186.jpg 304 - - 0.681 ms
[logger] 2021-07-02T08:43:56.100Z GET /temp/images/1625213217693.jpg 304 - - 0.886 ms
[logger] 2021-07-02T08:43:56.102Z GET /temp/images/1625213223891.jpg 304 - - 0.961 ms
[logger] 2021-07-02T08:44:03.363Z GET /temp/images/1625213244173.jpg 304 - - 0.572 ms
[logger] 2021-07-02T08:44:03.366Z GET /temp/images/1625213253096.jpg 304 - - 1.397 ms
[logger] 2021-07-02T08:44:03.367Z GET /temp/images/1625213260858.jpg 304 - - 1.488 ms
[logger] 2021-07-02T08:44:03.367Z GET /temp/images/1625213267131.jpg 304 - - 1.472 ms
[logger] 2021-07-02T08:44:03.370Z GET /temp/images/1625213231186.jpg 304 - - 0.420 ms
[logger] 2021-07-02T08:44:03.371Z GET /temp/images/1625213287754.jpg 304 - - 0.479 ms
[logger] 2021-07-02T08:44:12.846Z GET /temp/images/1625213217693.jpg 304 - - 1.246 ms
[logger] 2021-07-02T08:44:12.846Z GET /temp/images/1625213223891.jpg 304 - - 1.043 ms
[logger] 2021-07-02T08:44:21.075Z GET /temp/images/1625195230064.jpg 304 - - 0.387 ms
[logger] 2021-07-02T08:45:18.562Z GET /temp/images/1625195230064.jpg 304 - - 0.382 ms
[logger] 2021-07-02T08:49:38.642Z GET /temp/images/1625195230064.jpg 304 - - 0.488 ms
[logger] 2021-07-02T08:50:51.175Z GET /temp/images/1625195230064.jpg 304 - - 0.491 ms
[logger] 2021-07-02T08:50:55.771Z GET /temp/images/1625213287754.jpg 304 - - 0.492 ms
[logger] 2021-07-02T08:50:55.774Z GET /temp/images/1625213244173.jpg 304 - - 1.861 ms
[logger] 2021-07-02T08:50:55.775Z GET /temp/images/1625213253096.jpg 304 - - 1.725 ms
[logger] 2021-07-02T08:50:55.776Z GET /temp/images/1625213260858.jpg 304 - - 2.747 ms
[logger] 2021-07-02T08:50:55.777Z GET /temp/images/1625213267131.jpg 304 - - 1.172 ms
[logger] 2021-07-02T08:50:55.798Z GET /temp/images/1625213231186.jpg 304 - - 1.098 ms
[logger] 2021-07-02T08:51:02.580Z GET /temp/images/1625213217693.jpg 304 - - 0.532 ms
[logger] 2021-07-02T08:51:02.580Z GET /temp/images/1625213223891.jpg 304 - - 0.496 ms
[logger] 2021-07-02T08:51:13.557Z GET /temp/images/1625195230064.jpg 304 - - 0.383 ms
[logger] 2021-07-02T08:52:09.781Z GET /temp/images/1625195230064.jpg 304 - - 0.494 ms
[logger] 2021-07-02T08:52:11.800Z GET /temp/images/1625213287754.jpg 304 - - 0.489 ms
[logger] 2021-07-02T08:52:11.803Z GET /temp/images/1625213244173.jpg 304 - - 1.023 ms
[logger] 2021-07-02T08:52:11.804Z GET /temp/images/1625213253096.jpg 304 - - 2.030 ms
[logger] 2021-07-02T08:52:11.805Z GET /temp/images/1625213260858.jpg 304 - - 1.270 ms
[logger] 2021-07-02T08:52:11.807Z GET /temp/images/1625213267131.jpg 304 - - 0.609 ms
[logger] 2021-07-02T08:52:11.815Z GET /temp/images/1625213231186.jpg 304 - - 0.446 ms
[logger] 2021-07-02T08:52:12.746Z GET /temp/images/1625213217693.jpg 304 - - 0.841 ms
[logger] 2021-07-02T08:52:12.747Z GET /temp/images/1625213223891.jpg 304 - - 0.361 ms
[logger] 2021-07-02T08:52:31.872Z GET /temp/images/1625195230064.jpg 304 - - 0.307 ms
[logger] 2021-07-02T08:52:52.335Z GET /temp/images/1625195230064.jpg 304 - - 0.310 ms
[logger] 2021-07-02T08:52:55.253Z GET /temp/images/1625213287754.jpg 304 - - 0.619 ms
[logger] 2021-07-02T08:52:55.254Z GET /temp/images/1625213244173.jpg 304 - - 0.521 ms
[logger] 2021-07-02T08:52:55.259Z GET /temp/images/1625213253096.jpg 304 - - 3.879 ms
[logger] 2021-07-02T08:52:55.260Z GET /temp/images/1625213260858.jpg 304 - - 2.139 ms
[logger] 2021-07-02T08:52:55.260Z GET /temp/images/1625213267131.jpg 304 - - 1.729 ms
[logger] 2021-07-02T08:52:55.264Z GET /temp/images/1625213231186.jpg 304 - - 0.542 ms
[logger] 2021-07-02T08:52:57.305Z GET /temp/images/1625213217693.jpg 304 - - 0.740 ms
[logger] 2021-07-02T08:52:57.306Z GET /temp/images/1625213223891.jpg 304 - - 0.641 ms
[logger] 2021-07-02T08:53:01.665Z GET /temp/images/1625213244173.jpg 304 - - 0.449 ms
[logger] 2021-07-02T08:53:01.667Z GET /temp/images/1625213253096.jpg 304 - - 1.121 ms
[logger] 2021-07-02T08:53:01.668Z GET /temp/images/1625213260858.jpg 304 - - 1.300 ms
[logger] 2021-07-02T08:53:01.670Z GET /temp/images/1625213267131.jpg 304 - - 0.704 ms
[logger] 2021-07-02T08:53:01.678Z GET /temp/images/1625213231186.jpg 304 - - 0.555 ms
[logger] 2021-07-02T08:53:01.680Z GET /temp/images/1625213287754.jpg 304 - - 0.414 ms
[logger] 2021-07-02T08:53:03.636Z GET /temp/images/1625213217693.jpg 304 - - 0.833 ms
[logger] 2021-07-02T08:53:03.637Z GET /temp/images/1625213223891.jpg 304 - - 0.943 ms
[logger] 2021-07-02T08:53:06.281Z GET /temp/images/1625195230064.jpg 304 - - 0.361 ms
[logger] 2021-07-02T08:54:13.594Z GET /temp/images/1625213287754.jpg 304 - - 0.656 ms
[logger] 2021-07-02T08:54:13.598Z GET /temp/images/1625213244173.jpg 304 - - 1.273 ms
[logger] 2021-07-02T08:54:13.599Z GET /temp/images/1625213253096.jpg 304 - - 1.352 ms
[logger] 2021-07-02T08:54:13.600Z GET /temp/images/1625213260858.jpg 304 - - 0.401 ms
[logger] 2021-07-02T08:54:13.602Z GET /temp/images/1625213267131.jpg 304 - - 0.368 ms
[logger] 2021-07-02T08:54:13.607Z GET /temp/images/1625213231186.jpg 304 - - 0.493 ms
[logger] 2021-07-02T08:54:14.418Z GET /temp/images/1625213217693.jpg 304 - - 0.752 ms
[logger] 2021-07-02T08:54:14.418Z GET /temp/images/1625213223891.jpg 304 - - 0.706 ms
[logger] 2021-07-02T09:09:25.375Z GET /temp/images/1625213217693.jpg 304 - - 1.086 ms
[logger] 2021-07-02T09:09:25.378Z GET /temp/images/1625213223891.jpg 304 - - 1.688 ms
[logger] 2021-07-02T09:09:25.379Z GET /temp/images/1625213231186.jpg 304 - - 1.326 ms
[logger] 2021-07-02T09:09:35.926Z GET /temp/images/1625213217693.jpg 304 - - 0.496 ms
[logger] 2021-07-02T09:09:35.928Z GET /temp/images/1625213223891.jpg 304 - - 0.654 ms
[logger] 2021-07-02T09:09:35.928Z GET /temp/images/1625213231186.jpg 304 - - 0.761 ms
[logger] 2021-07-02T09:12:48.932Z GET /temp/images/1625213217693.jpg 304 - - 1.629 ms
[logger] 2021-07-02T09:12:48.935Z GET /temp/images/1625213223891.jpg 304 - - 1.189 ms
[logger] 2021-07-02T09:12:48.936Z GET /temp/images/1625213231186.jpg 304 - - 1.229 ms
[logger] 2021-07-02T09:13:25.561Z GET /temp/images/1625213217693.jpg 304 - - 0.713 ms
[logger] 2021-07-02T09:13:25.564Z GET /temp/images/1625213223891.jpg 304 - - 1.447 ms
[logger] 2021-07-02T09:13:25.564Z GET /temp/images/1625213231186.jpg 304 - - 1.148 ms
[logger] 2021-07-02T09:13:31.015Z GET /temp/images/1625213217693.jpg 304 - - 2.152 ms
[logger] 2021-07-02T09:13:31.018Z GET /temp/images/1625213223891.jpg 304 - - 0.865 ms
[logger] 2021-07-02T09:13:31.020Z GET /temp/images/1625213231186.jpg 304 - - 0.457 ms
[logger] 2021-07-02T09:13:31.023Z GET /temp/images/1625213287754.jpg 304 - - 0.490 ms
[logger] 2021-07-02T09:13:31.030Z GET /temp/images/1625213244173.jpg 304 - - 0.511 ms
[logger] 2021-07-02T09:13:31.037Z GET /temp/images/1625213253096.jpg 304 - - 3.741 ms
[logger] 2021-07-02T09:13:31.043Z GET /temp/images/1625213260858.jpg 304 - - 0.588 ms
[logger] 2021-07-02T09:13:31.073Z GET /temp/images/1625213267131.jpg 304 - - 2.703 ms
[logger] 2021-07-02T09:20:27.060Z GET /temp/images/1625195230064.jpg 304 - - 0.400 ms
[logger] 2021-07-02T09:20:35.256Z GET /temp/images/1625213217693.jpg 304 - - 0.805 ms
[logger] 2021-07-02T09:20:35.257Z GET /temp/images/1625213223891.jpg 304 - - 0.481 ms
[logger] 2021-07-02T09:20:35.259Z GET /temp/images/1625213231186.jpg 304 - - 0.369 ms
[logger] 2021-07-02T09:20:37.616Z GET /temp/images/1625195230064.jpg 304 - - 0.485 ms
[logger] 2021-07-02T09:20:41.503Z GET /temp/images/1625213217693.jpg 304 - - 0.533 ms
[logger] 2021-07-02T09:20:41.506Z GET /temp/images/1625213223891.jpg 304 - - 0.530 ms
[logger] 2021-07-02T09:20:41.507Z GET /temp/images/1625213231186.jpg 304 - - 0.417 ms
[logger] 2021-07-02T09:20:41.511Z GET /temp/images/1625213287754.jpg 304 - - 0.652 ms
[logger] 2021-07-02T09:20:41.520Z GET /temp/images/1625213244173.jpg 304 - - 5.434 ms
[logger] 2021-07-02T09:20:41.522Z GET /temp/images/1625213253096.jpg 304 - - 1.694 ms
[logger] 2021-07-02T09:20:41.526Z GET /temp/images/1625213260858.jpg 304 - - 0.779 ms
[logger] 2021-07-02T09:20:41.541Z GET /temp/images/1625213267131.jpg 304 - - 0.692 ms
[logger] 2021-07-02T09:20:45.475Z GET /temp/images/1625213217693.jpg 304 - - 1.008 ms
[logger] 2021-07-02T09:20:45.476Z GET /temp/images/1625213223891.jpg 304 - - 0.948 ms
[logger] 2021-07-02T09:20:45.477Z GET /temp/images/1625213231186.jpg 304 - - 0.452 ms
[logger] 2021-07-02T09:26:20.900Z GET /temp/images/1625213217693.jpg 304 - - 1.329 ms
[logger] 2021-07-02T09:26:20.901Z GET /temp/images/1625213223891.jpg 304 - - 0.852 ms
[logger] 2021-07-02T09:26:20.901Z GET /temp/images/1625213231186.jpg 304 - - 1.198 ms
[logger] 2021-07-02T09:29:45.179Z GET /temp/images/1625213217693.jpg 304 - - 1.252 ms
[logger] 2021-07-02T09:29:45.179Z GET /temp/images/1625213223891.jpg 304 - - 1.208 ms
[logger] 2021-07-02T09:29:45.181Z GET /temp/images/1625213231186.jpg 304 - - 0.505 ms
[logger] 2021-07-02T09:31:16.994Z GET /temp/images/1625213217693.jpg 304 - - 0.900 ms
[logger] 2021-07-02T09:31:16.995Z GET /temp/images/1625213223891.jpg 304 - - 0.620 ms
[logger] 2021-07-02T09:31:16.996Z GET /temp/images/1625213231186.jpg 304 - - 0.647 ms
[logger] 2021-07-02T09:31:32.120Z GET /temp/images/1625213217693.jpg 304 - - 16.130 ms
[logger] 2021-07-02T09:31:32.122Z GET /temp/images/1625213223891.jpg 304 - - 4.040 ms
[logger] 2021-07-02T09:31:32.126Z GET /temp/images/1625213231186.jpg 304 - - 2.031 ms
[logger] 2021-07-02T09:31:51.246Z GET /temp/images/1625213217693.jpg 304 - - 0.460 ms
[logger] 2021-07-02T09:31:51.248Z GET /temp/images/1625213223891.jpg 304 - - 0.860 ms
[logger] 2021-07-02T09:31:51.248Z GET /temp/images/1625213231186.jpg 304 - - 0.872 ms
[logger] 2021-07-02T09:33:04.420Z GET /temp/images/1625213217693.jpg 304 - - 0.988 ms
[logger] 2021-07-02T09:33:04.421Z GET /temp/images/1625213223891.jpg 304 - - 1.273 ms
[logger] 2021-07-02T09:33:04.423Z GET /temp/images/1625213231186.jpg 304 - - 1.230 ms
[logger] 2021-07-02T09:33:33.539Z GET /temp/images/1625213217693.jpg 304 - - 0.466 ms
[logger] 2021-07-02T09:33:33.540Z GET /temp/images/1625213223891.jpg 304 - - 0.569 ms
[logger] 2021-07-02T09:33:33.541Z GET /temp/images/1625213231186.jpg 304 - - 0.580 ms
[logger] 2021-07-02T09:34:01.029Z GET /temp/images/1625213217693.jpg 304 - - 1.350 ms
[logger] 2021-07-02T09:34:01.032Z GET /temp/images/1625213223891.jpg 304 - - 1.055 ms
[logger] 2021-07-02T09:34:01.032Z GET /temp/images/1625213231186.jpg 304 - - 1.023 ms
[logger] 2021-07-02T09:34:28.492Z GET /temp/images/1625213217693.jpg 304 - - 0.466 ms
[logger] 2021-07-02T09:34:28.494Z GET /temp/images/1625213223891.jpg 304 - - 0.351 ms
[logger] 2021-07-02T09:34:28.495Z GET /temp/images/1625213231186.jpg 304 - - 0.370 ms
[logger] 2021-07-02T09:35:59.154Z GET /temp/images/1625213217693.jpg 304 - - 0.688 ms
[logger] 2021-07-02T09:35:59.156Z GET /temp/images/1625213223891.jpg 304 - - 0.736 ms
[logger] 2021-07-02T09:35:59.159Z GET /temp/images/1625213231186.jpg 304 - - 0.535 ms
[logger] 2021-07-02T09:36:16.197Z GET /temp/images/1625213217693.jpg 304 - - 2.337 ms
[logger] 2021-07-02T09:36:16.199Z GET /temp/images/1625213223891.jpg 304 - - 0.647 ms
[logger] 2021-07-02T09:36:16.203Z GET /temp/images/1625213231186.jpg 304 - - 0.523 ms
[logger] 2021-07-02T09:36:57.102Z GET /temp/images/1625213217693.jpg 304 - - 0.451 ms
[logger] 2021-07-02T09:36:57.105Z GET /temp/images/1625213223891.jpg 304 - - 0.967 ms
[logger] 2021-07-02T09:36:57.105Z GET /temp/images/1625213231186.jpg 304 - - 1.113 ms
[logger] 2021-07-02T09:37:31.943Z GET /temp/images/1625213223891.jpg 304 - - 1.715 ms
[logger] 2021-07-02T09:37:31.943Z GET /temp/images/1625213217693.jpg 304 - - 1.194 ms
[logger] 2021-07-02T09:37:32.331Z GET /temp/images/1625213231186.jpg 304 - - 0.411 ms
[logger] 2021-07-02T09:37:36.092Z GET /temp/images/1625195230064.jpg 304 - - 0.624 ms
[logger] 2021-07-02T09:37:37.518Z GET /temp/images/1625195230064.jpg 304 - - 0.722 ms
[logger] 2021-07-02T09:37:37.519Z GET /temp/images/1625213217693.jpg 304 - - 1.077 ms
[logger] 2021-07-02T09:37:37.520Z GET /temp/images/1625213223891.jpg 304 - - 1.042 ms
[logger] 2021-07-02T09:37:37.521Z GET /temp/images/1625213231186.jpg 304 - - 0.426 ms
[logger] 2021-07-02T09:37:58.310Z GET /temp/images/1625213217693.jpg 304 - - 3.012 ms
[logger] 2021-07-02T09:37:58.311Z GET /temp/images/1625213223891.jpg 304 - - 0.993 ms
[logger] 2021-07-02T09:37:58.311Z GET /temp/images/1625213231186.jpg 304 - - 1.014 ms
[logger] 2021-07-02T09:38:00.059Z GET /temp/images/1625195230064.jpg 304 - - 0.454 ms
[logger] 2021-07-02T09:38:01.275Z GET /temp/images/1625213217693.jpg 304 - - 0.850 ms
[logger] 2021-07-02T09:38:01.276Z GET /temp/images/1625213223891.jpg 304 - - 1.364 ms
[logger] 2021-07-02T09:38:01.277Z GET /temp/images/1625213231186.jpg 304 - - 0.839 ms
[logger] 2021-07-02T09:39:08.882Z GET /temp/images/1625213217693.jpg 304 - - 1.118 ms
[logger] 2021-07-02T09:39:08.883Z GET /temp/images/1625213223891.jpg 304 - - 0.864 ms
[logger] 2021-07-02T09:39:09.315Z GET /temp/images/1625213231186.jpg 304 - - 1.620 ms
[logger] 2021-07-02T09:39:10.774Z GET /temp/images/1625195230064.jpg 304 - - 0.319 ms
[logger] 2021-07-02T09:39:12.495Z GET /temp/images/1625213217693.jpg 304 - - 1.308 ms
[logger] 2021-07-02T09:39:12.497Z GET /temp/images/1625213223891.jpg 304 - - 2.287 ms
[logger] 2021-07-02T09:39:12.498Z GET /temp/images/1625213231186.jpg 304 - - 1.474 ms
[logger] 2021-07-02T09:39:34.500Z GET /temp/images/1625213217693.jpg 304 - - 0.467 ms
[logger] 2021-07-02T09:39:34.598Z GET /temp/images/1625213223891.jpg 304 - - 0.476 ms
[logger] 2021-07-02T09:39:34.620Z GET /temp/images/1625213231186.jpg 304 - - 1.181 ms
[logger] 2021-07-02T09:39:35.754Z GET /temp/images/1625195230064.jpg 304 - - 9.665 ms
[logger] 2021-07-02T09:39:37.673Z GET /temp/images/1625213217693.jpg 304 - - 3.056 ms
[logger] 2021-07-02T09:39:37.674Z GET /temp/images/1625213223891.jpg 304 - - 1.125 ms
[logger] 2021-07-02T09:39:37.675Z GET /temp/images/1625213231186.jpg 304 - - 1.455 ms
[logger] 2021-07-02T09:39:55.175Z GET /temp/images/1625213223891.jpg 304 - - 0.516 ms
[logger] 2021-07-02T09:39:55.176Z GET /temp/images/1625213217693.jpg 304 - - 0.498 ms
[logger] 2021-07-02T09:39:55.551Z GET /temp/images/1625213231186.jpg 304 - - 0.477 ms
[logger] 2021-07-02T09:39:56.888Z GET /temp/images/1625195230064.jpg 304 - - 0.321 ms
[logger] 2021-07-02T09:39:58.195Z GET /temp/images/1625213217693.jpg 304 - - 0.410 ms
[logger] 2021-07-02T09:39:58.196Z GET /temp/images/1625213223891.jpg 304 - - 0.417 ms
[logger] 2021-07-02T09:39:58.197Z GET /temp/images/1625213231186.jpg 304 - - 0.435 ms
[logger] 2021-07-02T09:40:43.138Z GET /temp/images/1625213217693.jpg 304 - - 0.855 ms
[logger] 2021-07-02T09:40:43.139Z GET /temp/images/1625213223891.jpg 304 - - 1.115 ms
[logger] 2021-07-02T09:40:43.140Z GET /temp/images/1625213231186.jpg 304 - - 1.053 ms
[logger] 2021-07-02T09:43:16.154Z GET /temp/images/1625213217693.jpg 304 - - 1.331 ms
[logger] 2021-07-02T09:43:16.155Z GET /temp/images/1625213223891.jpg 304 - - 1.150 ms
[logger] 2021-07-02T09:43:16.156Z GET /temp/images/1625213231186.jpg 304 - - 0.444 ms
[logger] 2021-07-02T09:44:08.848Z GET /temp/images/1625213217693.jpg 304 - - 0.564 ms
[logger] 2021-07-02T09:44:08.854Z GET /temp/images/1625213223891.jpg 304 - - 1.209 ms
[logger] 2021-07-02T09:44:08.858Z GET /temp/images/1625213231186.jpg 304 - - 0.467 ms
[logger] 2021-07-02T09:44:30.402Z GET /temp/images/1625213217693.jpg 304 - - 0.878 ms
[logger] 2021-07-02T09:44:30.404Z GET /temp/images/1625213223891.jpg 304 - - 0.898 ms
[logger] 2021-07-02T09:44:30.405Z GET /temp/images/1625213231186.jpg 304 - - 0.843 ms
[logger] 2021-07-02T09:44:36.282Z GET /temp/images/1625213217693.jpg 304 - - 0.578 ms
[logger] 2021-07-02T09:44:36.284Z GET /temp/images/1625213223891.jpg 304 - - 1.269 ms
[logger] 2021-07-02T09:44:36.284Z GET /temp/images/1625213231186.jpg 304 - - 0.788 ms
[logger] 2021-07-02T09:47:23.455Z GET /temp/images/1625195230064.jpg 304 - - 0.664 ms
[logger] 2021-07-02T09:47:25.032Z GET /temp/images/1625213217693.jpg 304 - - 2.747 ms
[logger] 2021-07-02T09:47:25.044Z GET /temp/images/1625129151631.jpg 200 447787 - 5.299 ms
[logger] 2021-07-02T09:47:25.053Z GET /temp/images/1625129017703.jpg 200 609268 - 6.178 ms
[logger] 2021-07-02T09:47:25.056Z GET /temp/images/1625126325661.jpg 200 1088041 - 7.638 ms
[logger] 2021-07-02T09:47:25.058Z GET /temp/images/1625129015070.jpg 200 1088041 - 5.378 ms
[logger] 2021-07-02T09:47:25.060Z GET /temp/images/1625188640916.jpg 200 1088041 - 6.312 ms
[logger] 2021-07-02T09:47:25.405Z GET /temp/images/1625213223891.jpg 304 - - 0.407 ms
[logger] 2021-07-02T09:47:25.412Z GET /temp/images/1625213231186.jpg 304 - - 0.542 ms
[logger] 2021-07-02T09:47:27.628Z GET /temp/images/1625192294714.jpg 200 1088041 - 0.564 ms
[logger] 2021-07-02T09:49:37.558Z GET /temp/images/1625213217693.jpg 304 - - 0.445 ms
[logger] 2021-07-02T09:49:37.559Z GET /temp/images/1625213223891.jpg 304 - - 0.281 ms
[logger] 2021-07-02T09:49:37.812Z GET /temp/images/1625213231186.jpg 304 - - 0.435 ms
[logger] 2021-07-02T09:49:39.281Z GET /temp/images/1625195230064.jpg 304 - - 0.440 ms
[logger] 2021-07-02T09:49:41.080Z GET /temp/images/1625126325661.jpg 304 - - 0.837 ms
[logger] 2021-07-02T09:49:41.080Z GET /temp/images/1625129015070.jpg 304 - - 0.839 ms
[logger] 2021-07-02T09:49:41.082Z GET /temp/images/1625129151631.jpg 304 - - 0.916 ms
[logger] 2021-07-02T09:49:41.083Z GET /temp/images/1625129017703.jpg 304 - - 1.665 ms
[logger] 2021-07-02T09:49:41.086Z GET /temp/images/1625188640916.jpg 304 - - 3.787 ms
[logger] 2021-07-02T09:49:41.087Z GET /temp/images/1625213217693.jpg 304 - - 4.363 ms
[logger] 2021-07-02T09:49:41.094Z GET /temp/images/1625213223891.jpg 304 - - 0.327 ms
[logger] 2021-07-02T09:49:41.104Z GET /temp/images/1625213231186.jpg 304 - - 2.793 ms
[logger] 2021-07-02T09:49:43.424Z GET /temp/images/1625192294714.jpg 304 - - 0.384 ms
[logger] 2021-07-02T09:50:43.302Z GET /temp/images/1625213223891.jpg 304 - - 0.815 ms
[logger] 2021-07-02T09:50:43.303Z GET /temp/images/1625213217693.jpg 304 - - 0.506 ms
[logger] 2021-07-02T09:50:43.624Z GET /temp/images/1625213231186.jpg 304 - - 0.412 ms
[logger] 2021-07-02T09:50:44.602Z GET /temp/images/1625195230064.jpg 304 - - 0.322 ms
[logger] 2021-07-02T09:50:46.009Z GET /temp/images/1625126325661.jpg 304 - - 0.436 ms
[logger] 2021-07-02T09:50:46.013Z GET /temp/images/1625129015070.jpg 304 - - 0.862 ms
[logger] 2021-07-02T09:50:46.014Z GET /temp/images/1625129017703.jpg 304 - - 0.777 ms
[logger] 2021-07-02T09:50:46.015Z GET /temp/images/1625129151631.jpg 304 - - 0.370 ms
[logger] 2021-07-02T09:50:46.017Z GET /temp/images/1625188640916.jpg 304 - - 0.976 ms
[logger] 2021-07-02T09:50:46.017Z GET /temp/images/1625213217693.jpg 304 - - 0.953 ms
[logger] 2021-07-02T09:50:46.424Z GET /temp/images/1625213223891.jpg 304 - - 0.710 ms
[logger] 2021-07-02T09:50:46.424Z GET /temp/images/1625213231186.jpg 304 - - 0.895 ms
[logger] 2021-07-02T09:51:11.375Z GET /temp/images/1625213217693.jpg 304 - - 0.435 ms
[logger] 2021-07-02T09:51:11.377Z GET /temp/images/1625213223891.jpg 304 - - 0.439 ms
[logger] 2021-07-02T09:51:11.382Z GET /temp/images/1625213231186.jpg 304 - - 0.477 ms
[logger] 2021-07-02T09:51:14.196Z GET /temp/images/1625195230064.jpg 304 - - 0.403 ms
[logger] 2021-07-02T09:51:15.750Z GET /temp/images/1625126325661.jpg 304 - - 1.247 ms
[logger] 2021-07-02T09:51:15.751Z GET /temp/images/1625129015070.jpg 304 - - 0.883 ms
[logger] 2021-07-02T09:51:15.752Z GET /temp/images/1625129017703.jpg 304 - - 0.434 ms
[logger] 2021-07-02T09:51:15.754Z GET /temp/images/1625129151631.jpg 304 - - 0.437 ms
[logger] 2021-07-02T09:51:15.756Z GET /temp/images/1625188640916.jpg 304 - - 0.378 ms
[logger] 2021-07-02T09:51:15.758Z GET /temp/images/1625213217693.jpg 304 - - 0.639 ms
[logger] 2021-07-02T09:51:16.168Z GET /temp/images/1625213223891.jpg 304 - - 0.486 ms
[logger] 2021-07-02T09:51:16.170Z GET /temp/images/1625213231186.jpg 304 - - 0.405 ms
[logger] 2021-07-02T09:51:47.657Z GET /temp/images/1625213217693.jpg 304 - - 1.158 ms
[logger] 2021-07-02T09:51:47.658Z GET /temp/images/1625213223891.jpg 304 - - 0.849 ms
[logger] 2021-07-02T09:51:48.014Z GET /temp/images/1625213231186.jpg 304 - - 0.352 ms
[logger] 2021-07-02T09:51:51.361Z GET /temp/images/1625195230064.jpg 304 - - 0.337 ms
[logger] 2021-07-02T09:51:53.517Z GET /temp/images/1625126325661.jpg 304 - - 0.649 ms
[logger] 2021-07-02T09:51:53.517Z GET /temp/images/1625129015070.jpg 304 - - 0.717 ms
[logger] 2021-07-02T09:51:53.519Z GET /temp/images/1625129017703.jpg 304 - - 1.376 ms
[logger] 2021-07-02T09:51:53.520Z GET /temp/images/1625129151631.jpg 304 - - 1.503 ms
[logger] 2021-07-02T09:51:53.520Z GET /temp/images/1625188640916.jpg 304 - - 1.739 ms
[logger] 2021-07-02T09:51:53.525Z GET /temp/images/1625129026113.jpg 200 1088041 - 2.044 ms
[logger] 2021-07-02T09:51:53.544Z GET /temp/images/1625129028299.jpg 200 886485 - 0.680 ms
[logger] 2021-07-02T09:51:53.630Z GET /temp/images/1625129355330.jpg 200 1088041 - 0.760 ms
[logger] 2021-07-02T09:51:53.631Z GET /temp/images/1625213217693.jpg 304 - - 0.463 ms
[logger] 2021-07-02T09:51:53.634Z GET /temp/images/1625213223891.jpg 304 - - 0.480 ms
[logger] 2021-07-02T09:51:53.727Z GET /temp/images/1625213231186.jpg 304 - - 0.327 ms
[logger] 2021-07-02T09:52:39.334Z GET /temp/images/1625213217693.jpg 304 - - 0.645 ms
[logger] 2021-07-02T09:52:39.336Z GET /temp/images/1625213223891.jpg 304 - - 0.483 ms
[logger] 2021-07-02T09:52:39.337Z GET /temp/images/1625213231186.jpg 304 - - 0.416 ms
[logger] 2021-07-02T09:52:41.118Z GET /temp/images/1625195230064.jpg 304 - - 0.343 ms
[logger] 2021-07-02T09:52:42.533Z GET /temp/images/1625126325661.jpg 304 - - 1.028 ms
[logger] 2021-07-02T09:52:42.534Z GET /temp/images/1625129015070.jpg 304 - - 1.209 ms
[logger] 2021-07-02T09:52:42.535Z GET /temp/images/1625129151631.jpg 304 - - 0.704 ms
[logger] 2021-07-02T09:52:42.536Z GET /temp/images/1625188640916.jpg 304 - - 0.611 ms
[logger] 2021-07-02T09:52:42.543Z GET /temp/images/1625129017703.jpg 304 - - 0.592 ms
[logger] 2021-07-02T09:52:42.934Z GET /temp/images/1625129026113.jpg 304 - - 2.334 ms
[logger] 2021-07-02T09:52:42.934Z GET /temp/images/1625129028299.jpg 304 - - 2.215 ms
[logger] 2021-07-02T09:52:42.935Z GET /temp/images/1625129355330.jpg 304 - - 1.553 ms
[logger] 2021-07-02T09:52:42.935Z GET /temp/images/1625213217693.jpg 304 - - 1.471 ms
[logger] 2021-07-02T09:52:42.935Z GET /temp/images/1625213223891.jpg 304 - - 1.449 ms
[logger] 2021-07-02T09:52:43.366Z GET /temp/images/1625213231186.jpg 304 - - 0.450 ms
[logger] 2021-07-02T10:08:45.987Z GET /temp/images/1625213217693.jpg 304 - - 1.409 ms
[logger] 2021-07-02T10:08:45.987Z GET /temp/images/1625213223891.jpg 304 - - 1.208 ms
[logger] 2021-07-02T10:08:45.987Z GET /temp/images/1625213231186.jpg 304 - - 0.960 ms
[logger] 2021-07-02T10:08:47.637Z GET /temp/images/1625195230064.jpg 304 - - 0.370 ms
[logger] 2021-07-02T10:08:49.058Z GET /temp/images/1625129151631.jpg 304 - - 0.472 ms
[logger] 2021-07-02T10:08:49.059Z GET /temp/images/1625188640916.jpg 304 - - 0.777 ms
[logger] 2021-07-02T10:08:49.062Z GET /temp/images/1625129017703.jpg 304 - - 3.365 ms
[logger] 2021-07-02T10:08:49.064Z GET /temp/images/1625129015070.jpg 304 - - 3.809 ms
[logger] 2021-07-02T10:08:49.066Z GET /temp/images/1625126325661.jpg 304 - - 1.816 ms
[logger] 2021-07-02T10:08:49.415Z GET /temp/images/1625129026113.jpg 304 - - 0.741 ms
[logger] 2021-07-02T10:08:49.415Z GET /temp/images/1625129028299.jpg 304 - - 0.743 ms
[logger] 2021-07-02T10:08:49.417Z GET /temp/images/1625129355330.jpg 304 - - 0.742 ms
[logger] 2021-07-02T10:08:49.418Z GET /temp/images/1625213217693.jpg 304 - - 1.087 ms
[logger] 2021-07-02T10:08:49.418Z GET /temp/images/1625213223891.jpg 304 - - 0.626 ms
[logger] 2021-07-02T10:09:08.716Z POST /file/list?_t=1625220548363 200 922 - 9.815 ms
[logger] 2021-07-02T10:09:08.948Z GET /file/picDownload?fileId=101&downloadFlag=0 200 - - 1.349 ms
[logger] 2021-07-02T10:09:09.067Z GET /file/picDownload?fileId=97&downloadFlag=0 200 - - 1.114 ms
[logger] 2021-07-02T10:09:09.069Z GET /file/picDownload?fileId=96&downloadFlag=0 200 - - 0.991 ms
[logger] 2021-07-02T10:09:15.281Z GET /temp/images/1625213231186.jpg 304 - - 0.358 ms
[logger] 2021-07-02T10:11:07.520Z GET /temp/images/1625213287754.jpg 304 - - 0.554 ms
[logger] 2021-07-02T10:11:07.523Z GET /temp/images/1625213244173.jpg 304 - - 1.249 ms
[logger] 2021-07-02T10:11:07.524Z GET /temp/images/1625213253096.jpg 304 - - 1.125 ms
[logger] 2021-07-02T10:11:07.525Z GET /temp/images/1625213260858.jpg 304 - - 1.514 ms
[logger] 2021-07-02T10:11:07.525Z GET /temp/images/1625213267131.jpg 304 - - 0.883 ms
[logger] 2021-07-02T10:11:07.628Z GET /temp/images/1625213231186.jpg 304 - - 0.960 ms
[logger] 2021-07-02T10:11:08.291Z GET /temp/images/1625213217693.jpg 304 - - 0.370 ms
[logger] 2021-07-02T10:11:08.291Z GET /temp/images/1625213223891.jpg 304 - - 0.256 ms
[logger] 2021-07-02T10:11:10.233Z GET /temp/images/1625195230064.jpg 304 - - 0.358 ms
[logger] 2021-07-02T10:11:15.312Z GET /temp/images/1625213217693.jpg 304 - - 0.984 ms
[logger] 2021-07-02T10:11:15.314Z GET /temp/images/1625213223891.jpg 304 - - 0.955 ms
[logger] 2021-07-02T10:11:15.314Z GET /temp/images/1625213231186.jpg 304 - - 0.672 ms
[logger] 2021-07-02T10:11:33.098Z GET /temp/images/1625213217693.jpg 304 - - 0.553 ms
[logger] 2021-07-02T10:11:33.099Z GET /temp/images/1625213223891.jpg 304 - - 0.330 ms
[logger] 2021-07-02T10:11:33.475Z GET /temp/images/1625213231186.jpg 304 - - 1.378 ms
[logger] 2021-07-02T10:11:34.250Z GET /temp/images/1625213217693.jpg 304 - - 0.820 ms
[logger] 2021-07-02T10:11:34.251Z GET /temp/images/1625213223891.jpg 304 - - 0.964 ms
[logger] 2021-07-02T10:11:34.253Z GET /temp/images/1625213231186.jpg 304 - - 0.504 ms
[logger] 2021-07-02T10:13:24.363Z GET /temp/images/1625213223891.jpg 304 - - 0.533 ms
[logger] 2021-07-02T10:13:24.365Z GET /temp/images/1625213217693.jpg 304 - - 1.172 ms
[logger] 2021-07-02T10:13:24.613Z GET /temp/images/1625213231186.jpg 304 - - 0.419 ms
[logger] 2021-07-02T10:13:25.255Z GET /temp/images/1625213217693.jpg 304 - - 1.291 ms
[logger] 2021-07-02T10:13:25.256Z GET /temp/images/1625213223891.jpg 304 - - 1.070 ms
[logger] 2021-07-02T10:13:25.258Z GET /temp/images/1625213231186.jpg 304 - - 0.441 ms
[logger] 2021-07-02T10:16:34.569Z GET /temp/images/1625195230064.jpg 304 - - 0.329 ms
[logger] 2021-07-02T10:17:40.784Z GET /temp/images/1625213217693.jpg 304 - - 0.481 ms
[logger] 2021-07-02T10:17:40.786Z GET /temp/images/1625213223891.jpg 304 - - 0.502 ms
[logger] 2021-07-02T10:17:40.788Z GET /temp/images/1625213231186.jpg 304 - - 0.668 ms
[logger] 2021-07-02T10:17:50.713Z GET /temp/images/1625213217693.jpg 304 - - 0.601 ms
[logger] 2021-07-02T10:17:50.715Z GET /temp/images/1625213223891.jpg 304 - - 1.827 ms
[logger] 2021-07-02T10:17:50.717Z GET /temp/images/1625213231186.jpg 304 - - 1.285 ms
[logger] 2021-07-02T10:18:28.960Z GET /temp/images/1625213217693.jpg 304 - - 1.310 ms
[logger] 2021-07-02T10:18:28.962Z GET /temp/images/1625213223891.jpg 304 - - 0.804 ms
[logger] 2021-07-02T10:18:28.962Z GET /temp/images/1625213231186.jpg 304 - - 0.624 ms
[logger] 2021-07-02T10:19:23.196Z GET /temp/images/1625213223891.jpg 304 - - 1.079 ms
[logger] 2021-07-02T10:19:23.196Z GET /temp/images/1625213217693.jpg 304 - - 0.983 ms
[logger] 2021-07-02T10:19:23.439Z GET /temp/images/1625213231186.jpg 304 - - 0.381 ms
[logger] 2021-07-02T10:19:24.371Z GET /temp/images/1625213217693.jpg 304 - - 0.421 ms
[logger] 2021-07-02T10:19:24.432Z GET /temp/images/1625213223891.jpg 304 - - 1.128 ms
[logger] 2021-07-02T10:19:24.433Z GET /temp/images/1625213231186.jpg 304 - - 1.116 ms
[logger] 2021-07-02T10:19:38.473Z GET /temp/images/1625195230064.jpg 304 - - 0.482 ms
[logger] 2021-07-02T10:21:16.127Z GET /temp/images/1625213217693.jpg 304 - - 0.831 ms
[logger] 2021-07-02T10:21:16.129Z GET /temp/images/1625213223891.jpg 304 - - 0.601 ms
[logger] 2021-07-02T10:21:16.131Z GET /temp/images/1625213231186.jpg 304 - - 1.062 ms
[logger] 2021-07-02T10:21:17.964Z GET /temp/images/1625213217693.jpg 304 - - 0.515 ms
[logger] 2021-07-02T10:21:18.037Z GET /temp/images/1625213223891.jpg 304 - - 1.082 ms
[logger] 2021-07-02T10:21:18.038Z GET /temp/images/1625213231186.jpg 304 - - 0.864 ms
[logger] 2021-07-02T10:21:52.309Z GET /temp/images/1625213223891.jpg 304 - - 0.681 ms
[logger] 2021-07-02T10:22:34.886Z GET /temp/images/1625213217693.jpg 304 - - 1.218 ms
[logger] 2021-07-02T10:22:34.888Z GET /temp/images/1625213223891.jpg 304 - - 0.745 ms
[logger] 2021-07-02T10:22:34.890Z GET /temp/images/1625213231186.jpg 304 - - 0.412 ms
[logger] 2021-07-02T10:23:00.110Z GET /temp/images/1625213217693.jpg 304 - - 0.712 ms
[logger] 2021-07-02T10:23:00.112Z GET /temp/images/1625213223891.jpg 304 - - 0.516 ms
[logger] 2021-07-02T10:23:00.115Z GET /temp/images/1625213231186.jpg 304 - - 1.789 ms
[logger] 2021-07-02T10:23:35.027Z GET /temp/images/1625213217693.jpg 304 - - 1.163 ms
[logger] 2021-07-02T10:23:35.028Z GET /temp/images/1625213223891.jpg 304 - - 0.786 ms
[logger] 2021-07-02T10:23:35.034Z GET /temp/images/1625213231186.jpg 304 - - 0.489 ms
[logger] 2021-07-02T10:23:40.097Z GET /temp/images/1625213217693.jpg 304 - - 0.456 ms
[logger] 2021-07-02T10:23:40.099Z GET /temp/images/1625213223891.jpg 304 - - 0.743 ms
[logger] 2021-07-02T10:23:40.099Z GET /temp/images/1625213231186.jpg 304 - - 0.786 ms
[logger] 2021-07-02T10:25:56.709Z GET /temp/images/1625213217693.jpg 304 - - 1.339 ms
[logger] 2021-07-02T10:25:56.709Z GET /temp/images/1625213223891.jpg 304 - - 1.054 ms
[logger] 2021-07-02T10:25:56.711Z GET /temp/images/1625213231186.jpg 304 - - 0.616 ms
[logger] 2021-07-02T10:26:06.746Z GET /temp/images/1625213217693.jpg 304 - - 0.457 ms
[logger] 2021-07-02T10:27:38.439Z GET /temp/images/1625213217693.jpg 304 - - 1.403 ms
[logger] 2021-07-02T10:27:38.440Z GET /temp/images/1625213223891.jpg 304 - - 1.109 ms
[logger] 2021-07-02T10:27:38.441Z GET /temp/images/1625213231186.jpg 304 - - 0.487 ms
[logger] 2021-07-02T10:27:54.447Z GET /temp/images/1625213217693.jpg 304 - - 0.464 ms
[logger] 2021-07-02T10:27:54.449Z GET /temp/images/1625213223891.jpg 304 - - 0.624 ms
[logger] 2021-07-02T10:27:54.449Z GET /temp/images/1625213231186.jpg 304 - - 0.657 ms
[logger] 2021-07-02T10:27:56.918Z GET /temp/images/1625213231186.jpg 304 - - 2.705 ms
[logger] 2021-07-02T10:27:56.919Z GET /temp/images/1625213217693.jpg 304 - - 1.602 ms
[logger] 2021-07-02T10:28:51.930Z GET /temp/images/1625213217693.jpg 304 - - 0.421 ms
[logger] 2021-07-02T10:28:51.932Z GET /temp/images/1625213223891.jpg 304 - - 0.890 ms
[logger] 2021-07-02T10:28:51.933Z GET /temp/images/1625213231186.jpg 304 - - 0.985 ms
[logger] 2021-07-02T10:28:53.383Z GET /temp/images/1625213231186.jpg 304 - - 2.670 ms
[logger] 2021-07-02T10:28:53.383Z GET /temp/images/1625213217693.jpg 304 - - 2.664 ms
[logger] 2021-07-02T10:28:53.434Z GET /temp/images/1625213223891.jpg 304 - - 0.991 ms
[logger] 2021-07-02T10:28:54.483Z GET /temp/images/1625213231186.jpg 304 - - 0.458 ms
[logger] 2021-07-02T10:28:54.484Z GET /temp/images/1625213217693.jpg 304 - - 0.412 ms
[logger] 2021-07-02T10:29:15.045Z GET /temp/images/1625213217693.jpg 304 - - 0.757 ms
[logger] 2021-07-02T10:29:15.046Z GET /temp/images/1625213223891.jpg 304 - - 0.424 ms
[logger] 2021-07-02T10:29:15.405Z GET /temp/images/1625213231186.jpg 304 - - 0.424 ms
[logger] 2021-07-02T10:29:17.578Z GET /temp/images/1625213231186.jpg 304 - - 0.450 ms
[logger] 2021-07-02T10:29:17.580Z GET /temp/images/1625213217693.jpg 304 - - 0.463 ms
[logger] 2021-07-02T10:29:17.658Z GET /temp/images/1625213223891.jpg 304 - - 0.799 ms
[logger] 2021-07-02T10:29:19.146Z GET /temp/images/1625213231186.jpg 304 - - 0.576 ms
[logger] 2021-07-02T10:29:19.146Z GET /temp/images/1625213217693.jpg 304 - - 0.552 ms
[logger] 2021-07-02T10:29:30.761Z GET /temp/images/1625213217693.jpg 304 - - 0.607 ms
[logger] 2021-07-02T10:29:30.764Z GET /temp/images/1625213223891.jpg 304 - - 2.330 ms
[logger] 2021-07-02T10:29:30.765Z GET /temp/images/1625213231186.jpg 304 - - 2.907 ms
[logger] 2021-07-02T10:29:33.159Z GET /temp/images/1625213231186.jpg 304 - - 0.437 ms
[logger] 2021-07-02T10:29:33.160Z GET /temp/images/1625213217693.jpg 304 - - 0.418 ms
[logger] 2021-07-02T10:29:33.252Z GET /temp/images/1625213223891.jpg 304 - - 3.151 ms
[logger] 2021-07-02T10:29:34.431Z GET /temp/images/1625213231186.jpg 304 - - 0.827 ms
[logger] 2021-07-02T10:29:34.431Z GET /temp/images/1625213217693.jpg 304 - - 0.778 ms
[logger] 2021-07-02T11:50:49.277Z GET /temp/images/1625213217693.jpg 304 - - 2.830 ms
[logger] 2021-07-02T11:50:49.278Z GET /temp/images/1625213223891.jpg 304 - - 2.677 ms
[logger] 2021-07-02T11:50:49.282Z GET /temp/images/1625213231186.jpg 304 - - 0.723 ms
[logger] 2021-07-02T11:51:40.340Z GET /temp/images/1625213217693.jpg 304 - - 0.509 ms
[logger] 2021-07-02T11:51:40.342Z GET /temp/images/1625213223891.jpg 304 - - 0.403 ms
[logger] 2021-07-02T11:51:40.713Z GET /temp/images/1625213231186.jpg 304 - - 0.339 ms
[logger] 2021-07-02T11:52:45.507Z GET /temp/images/1625213231186.jpg 304 - - 0.544 ms
[logger] 2021-07-02T11:52:45.508Z GET /temp/images/1625213217693.jpg 304 - - 0.360 ms
[logger] 2021-07-02T11:52:45.536Z GET /temp/images/1625213223891.jpg 304 - - 0.554 ms
[logger] 2021-07-02T11:52:47.148Z GET /file/picDownload?fileId=116&downloadFlag=0 200 - - 4.225 ms
[logger] 2021-07-02T11:54:02.432Z GET /file/picDownload?fileId=116&downloadFlag=0 200 - - 1.530 ms
[logger] 2021-07-02T11:54:03.760Z GET /file/picDownload?fileId=116&downloadFlag=0 200 - - 31.761 ms
[logger] 2021-07-02T11:56:45.014Z GET /temp/images/1625213217693.jpg 304 - - 0.634 ms
[logger] 2021-07-02T11:56:45.016Z GET /temp/images/1625213223891.jpg 304 - - 0.804 ms
[logger] 2021-07-02T11:56:45.017Z GET /temp/images/1625213231186.jpg 304 - - 0.828 ms
[logger] 2021-07-02T11:56:46.430Z GET /file/picDownload?fileId=117&downloadFlag=0 200 - - 1.188 ms
[logger] 2021-07-02T11:56:46.432Z GET /file/picDownload?fileId=116&downloadFlag=0 200 - - 1.724 ms
[logger] 2021-07-02T11:57:14.354Z GET /temp/images/1625213217693.jpg 304 - - 0.319 ms
[logger] 2021-07-02T11:57:14.355Z GET /temp/images/1625213223891.jpg 304 - - 0.391 ms
[logger] 2021-07-02T11:57:14.564Z GET /temp/images/1625213231186.jpg 304 - - 0.423 ms
[logger] 2021-07-02T11:57:16.277Z GET /file/picDownload?fileId=117&downloadFlag=0 200 - - 1.012 ms
[logger] 2021-07-02T11:57:16.279Z GET /file/picDownload?fileId=116&downloadFlag=0 200 - - 1.169 ms
[logger] 2021-07-02T11:58:49.159Z GET /temp/images/1625213217693.jpg 304 - - 0.543 ms
[logger] 2021-07-02T11:58:49.161Z GET /temp/images/1625213223891.jpg 304 - - 0.658 ms
[logger] 2021-07-02T11:58:49.161Z GET /temp/images/1625213231186.jpg 304 - - 0.756 ms
[logger] 2021-07-02T11:58:51.127Z GET /file/picDownload?fileId=117&downloadFlag=0 200 - - 3.493 ms
[logger] 2021-07-02T11:58:51.132Z GET /file/picDownload?fileId=116&downloadFlag=0 200 - - 3.882 ms
[logger] 2021-07-02T12:02:11.836Z GET /file/picDownload?fileId=117&downloadFlag=0 200 - - 2.291 ms
[logger] 2021-07-02T12:02:11.839Z GET /file/picDownload?fileId=116&downloadFlag=0 200 - - 1.261 ms
[logger] 2021-07-02T12:02:37.815Z GET /file/picDownload?fileId=117&downloadFlag=0 200 - - 2.432 ms
[logger] 2021-07-02T12:02:37.817Z GET /file/picDownload?fileId=116&downloadFlag=0 200 - - 1.366 ms
[logger] 2021-07-02T12:03:01.613Z GET /file/picDownload?fileId=117&downloadFlag=0 200 - - 1.048 ms
[logger] 2021-07-02T12:03:01.616Z GET /file/picDownload?fileId=116&downloadFlag=0 200 - - 1.002 ms
[logger] 2021-07-02T12:05:18.398Z GET /temp/images/1625213231186.jpg 304 - - 0.659 ms
[logger] 2021-07-02T12:05:18.400Z GET /temp/images/1625213217693.jpg 304 - - 0.945 ms
[logger] 2021-07-02T12:05:18.499Z GET /temp/images/1625213223891.jpg 304 - - 0.907 ms
[logger] 2021-07-02T12:05:21.262Z GET /temp/images/1625213217693.jpg 304 - - 0.420 ms
[logger] 2021-07-02T12:05:22.931Z GET /file/picDownload?fileId=117&downloadFlag=0 200 - - 1.080 ms
[logger] 2021-07-02T12:05:22.934Z GET /file/picDownload?fileId=116&downloadFlag=0 200 - - 1.427 ms
[logger] 2021-07-02T12:07:22.144Z GET /temp/images/1625213217693.jpg 304 - - 0.657 ms
[logger] 2021-07-02T12:07:22.145Z GET /temp/images/1625213223891.jpg 304 - - 0.470 ms
[logger] 2021-07-02T12:07:22.147Z GET /temp/images/1625213231186.jpg 304 - - 0.469 ms
[logger] 2021-07-02T12:07:28.066Z GET /temp/images/1625213217693.jpg 304 - - 0.377 ms
[logger] 2021-07-02T12:07:28.067Z GET /temp/images/1625213223891.jpg 304 - - 0.311 ms
[logger] 2021-07-02T12:07:28.413Z GET /temp/images/1625213231186.jpg 304 - - 0.417 ms
[logger] 2021-07-02T12:07:30.546Z GET /file/picDownload?fileId=116&downloadFlag=0 200 - - 3.781 ms
[logger] 2021-07-02T12:07:30.675Z GET /file/picDownload?fileId=7&downloadFlag=0 200 - - 0.827 ms
[logger] 2021-07-02T12:07:30.688Z GET /file/picDownload?fileId=1&downloadFlag=0 200 - - 1.819 ms
[logger] 2021-07-02T12:07:30.700Z GET /file/picDownload?fileId=6&downloadFlag=0 200 - - 1.078 ms
[logger] 2021-07-02T12:08:09.016Z GET /temp/images/1625213217693.jpg 304 - - 1.205 ms
[logger] 2021-07-02T12:08:09.021Z GET /temp/images/1625213223891.jpg 304 - - 0.930 ms
[logger] 2021-07-02T12:08:09.028Z GET /temp/images/1625213231186.jpg 304 - - 0.713 ms
[logger] 2021-07-02T12:08:21.045Z GET /temp/images/1625213217693.jpg 304 - - 0.989 ms
[logger] 2021-07-02T12:08:21.047Z GET /temp/images/1625213223891.jpg 304 - - 0.455 ms
[logger] 2021-07-02T12:08:21.049Z GET /temp/images/1625213231186.jpg 304 - - 0.467 ms
[logger] 2021-07-02T12:08:58.357Z GET /temp/images/1625213223891.jpg 304 - - 0.424 ms
[logger] 2021-07-02T12:08:58.360Z GET /temp/images/1625213217693.jpg 304 - - 2.222 ms
[logger] 2021-07-02T12:08:58.509Z GET /temp/images/1625213231186.jpg 304 - - 0.381 ms
[logger] 2021-07-02T12:09:00.249Z GET /file/picDownload?fileId=117&downloadFlag=0 200 - - 0.803 ms
[logger] 2021-07-02T12:09:00.251Z GET /file/picDownload?fileId=116&downloadFlag=0 200 - - 1.087 ms
[logger] 2021-07-02T12:09:24.245Z GET /temp/images/1625213217693.jpg 304 - - 0.415 ms
[logger] 2021-07-02T12:09:24.247Z GET /temp/images/1625213223891.jpg 304 - - 1.137 ms
[logger] 2021-07-02T12:09:24.248Z GET /temp/images/1625213231186.jpg 304 - - 1.179 ms
[logger] 2021-07-02T12:09:36.010Z GET /temp/images/1625213217693.jpg 304 - - 0.454 ms
[logger] 2021-07-02T12:09:36.011Z GET /temp/images/1625213223891.jpg 304 - - 0.679 ms
[logger] 2021-07-02T12:09:36.012Z GET /temp/images/1625213231186.jpg 304 - - 0.812 ms
[logger] 2021-07-02T12:11:24.651Z GET /temp/images/1625213231186.jpg 304 - - 0.612 ms
[logger] 2021-07-02T12:11:24.653Z GET /temp/images/1625213217693.jpg 304 - - 1.165 ms
[logger] 2021-07-02T12:11:24.657Z GET /temp/images/1625213223891.jpg 304 - - 0.439 ms
[logger] 2021-07-02T12:11:26.786Z GET /file/picDownload?fileId=116&downloadFlag=0 200 - - 1.138 ms
[logger] 2021-07-02T12:11:27.153Z GET /file/picDownload?fileId=117&downloadFlag=0 200 - - 0.793 ms
[logger] 2021-07-02T12:11:28.664Z GET /temp/images/1625213217693.jpg 304 - - 11.254 ms
[logger] 2021-07-02T12:11:28.664Z GET /temp/images/1625213223891.jpg 304 - - 7.043 ms
[logger] 2021-07-02T12:11:28.665Z GET /temp/images/1625213231186.jpg 304 - - 1.886 ms
[logger] 2021-07-02T12:11:53.059Z GET /file/picDownload?fileId=&downloadFlag=0 - - - - ms
[logger] 2021-07-02T12:11:58.451Z GET /temp/images/1625213217693.jpg 304 - - 1.433 ms
[logger] 2021-07-02T12:11:58.452Z GET /temp/images/1625213223891.jpg 304 - - 1.185 ms
[logger] 2021-07-02T12:11:58.453Z GET /temp/images/1625213231186.jpg 304 - - 0.402 ms
[logger] 2021-07-02T12:12:01.583Z GET /file/picDownload?fileId=117&downloadFlag=0 200 - - 1.807 ms
[logger] 2021-07-02T12:12:01.586Z GET /file/picDownload?fileId=116&downloadFlag=0 200 - - 2.095 ms
[logger] 2021-07-02T12:12:03.518Z GET /temp/images/1625213217693.jpg 304 - - 0.451 ms
[logger] 2021-07-02T12:12:03.520Z GET /file/picDownload?fileId=117&downloadFlag=0 200 - - 1.369 ms
[logger] 2021-07-02T12:12:03.521Z GET /temp/images/1625213223891.jpg 304 - - 1.874 ms
[logger] 2021-07-02T12:12:03.522Z GET /temp/images/1625213231186.jpg 304 - - 1.193 ms
[logger] 2021-07-02T12:12:03.528Z GET /file/picDownload?fileId=116&downloadFlag=0 200 - - 1.603 ms
[logger] 2021-07-02T12:12:11.969Z GET /file/picDownload?fileId=116&downloadFlag=0 200 - - 0.823 ms
[logger] 2021-07-02T12:12:12.337Z GET /temp/images/1625213217693.jpg 304 - - 0.426 ms
[logger] 2021-07-02T12:12:12.339Z GET /temp/images/1625213223891.jpg 304 - - 0.706 ms
[logger] 2021-07-02T12:12:12.339Z GET /temp/images/1625213231186.jpg 304 - - 0.947 ms
[logger] 2021-07-02T12:12:19.520Z GET /temp/images/1625213231186.jpg 304 - - 0.434 ms
[logger] 2021-07-02T12:12:19.595Z GET /temp/images/1625213217693.jpg 304 - - 1.117 ms
[logger] 2021-07-02T12:12:19.596Z GET /temp/images/1625213223891.jpg 304 - - 1.123 ms
[logger] 2021-07-02T12:12:21.683Z GET /temp/images/1625213231186.jpg 304 - - 0.343 ms
[logger] 2021-07-02T12:13:46.368Z GET /temp/images/1625213217693.jpg 304 - - 1.557 ms
[logger] 2021-07-02T12:13:46.373Z GET /temp/images/1625213223891.jpg 304 - - 1.068 ms
[logger] 2021-07-02T12:13:46.373Z GET /temp/images/1625213231186.jpg 304 - - 0.945 ms
[logger] 2021-07-02T12:13:48.092Z GET /temp/images/1625213231186.jpg 304 - - 0.661 ms
[logger] 2021-07-02T12:13:48.189Z GET /temp/images/1625213217693.jpg 304 - - 0.517 ms
[logger] 2021-07-02T12:13:48.190Z GET /temp/images/1625213223891.jpg 304 - - 0.372 ms
[logger] 2021-07-02T12:13:49.313Z GET /file/picDownload?fileId=118&downloadFlag=0 200 - - 0.950 ms
[logger] 2021-07-02T12:14:46.216Z GET /file/picDownload?fileId=118&downloadFlag=0 200 - - 0.955 ms
[logger] 2021-07-02T12:15:15.442Z GET /temp/images/1625213217693.jpg 304 - - 0.446 ms
[logger] 2021-07-02T12:15:15.443Z GET /temp/images/1625213223891.jpg 304 - - 0.431 ms
[logger] 2021-07-02T12:15:15.444Z GET /temp/images/1625213231186.jpg 304 - - 0.411 ms
[logger] 2021-07-02T12:15:25.247Z GET /temp/images/1625195230064.jpg 304 - - 0.434 ms
[logger] 2021-07-02T12:15:32.466Z GET /temp/images/1625126325661.jpg 304 - - 0.375 ms
[logger] 2021-07-02T12:15:32.469Z GET /temp/images/1625129015070.jpg 304 - - 1.030 ms
[logger] 2021-07-02T12:15:32.469Z GET /temp/images/1625129017703.jpg 304 - - 0.960 ms
[logger] 2021-07-02T12:15:32.471Z GET /temp/images/1625129151631.jpg 304 - - 2.527 ms
[logger] 2021-07-02T12:15:32.472Z GET /temp/images/1625188640916.jpg 304 - - 2.289 ms
[logger] 2021-07-02T12:15:32.476Z GET /temp/images/1625129026113.jpg 304 - - 5.167 ms
[logger] 2021-07-02T12:15:32.503Z GET /temp/images/1625129028299.jpg 304 - - 1.382 ms
[logger] 2021-07-02T12:15:32.506Z GET /temp/images/1625129355330.jpg 304 - - 1.024 ms
[logger] 2021-07-02T12:15:32.508Z GET /temp/images/1625213217693.jpg 304 - - 1.095 ms
[logger] 2021-07-02T12:15:32.509Z GET /temp/images/1625213223891.jpg 304 - - 1.296 ms
[logger] 2021-07-02T12:15:34.500Z GET /temp/images/1625213231186.jpg 304 - - 0.416 ms
[logger] 2021-07-02T12:17:19.391Z GET /temp/images/1625213217693.jpg 304 - - 0.544 ms
[logger] 2021-07-02T12:17:19.394Z GET /temp/images/1625213223891.jpg 304 - - 1.515 ms
[logger] 2021-07-02T12:17:19.402Z GET /temp/images/1625213231186.jpg 304 - - 1.628 ms
[logger] 2021-07-02T12:17:19.404Z GET /file/picDownload?fileId=118&downloadFlag=0 200 - - 1.265 ms
[logger] 2021-07-02T12:17:19.413Z GET /file/picDownload?fileId=115&downloadFlag=0 200 - - 2.032 ms
[logger] 2021-07-02T12:17:21.193Z GET /file/picDownload?fileId=118&downloadFlag=0 200 - - 1.814 ms
[logger] 2021-07-02T12:17:21.198Z GET /file/picDownload?fileId=115&downloadFlag=0 200 - - 1.116 ms
[logger] 2021-07-02T12:17:21.281Z GET /temp/images/1625213217693.jpg 304 - - 0.575 ms
[logger] 2021-07-02T12:17:21.285Z GET /temp/images/1625213223891.jpg 304 - - 2.489 ms
[logger] 2021-07-02T12:17:21.288Z GET /temp/images/1625213231186.jpg 304 - - 1.237 ms
[logger] 2021-07-02T12:26:22.521Z GET /file/picDownload?fileId=117&downloadFlag=0 200 - - 3.562 ms
[logger] 2021-07-02T12:26:22.524Z GET /file/picDownload?fileId=116&downloadFlag=0 200 - - 4.007 ms
[logger] 2021-07-02T12:26:22.672Z GET /file/picDownload?fileId=118&downloadFlag=0 200 - - 1.046 ms
[logger] 2021-07-02T12:26:22.675Z GET /file/picDownload?fileId=115&downloadFlag=0 200 - - 0.826 ms
[logger] 2021-07-02T12:28:34.029Z GET /file/picDownload?fileId=116&downloadFlag=0 200 - - 2.672 ms
[logger] 2021-07-02T12:28:34.036Z GET /file/picDownload?fileId=117&downloadFlag=0 200 - - 1.058 ms
[logger] 2021-07-02T12:28:34.038Z GET /file/picDownload?fileId=118&downloadFlag=0 200 - - 2.082 ms
[logger] 2021-07-02T12:28:34.044Z GET /file/picDownload?fileId=115&downloadFlag=0 200 - - 1.497 ms
[logger] 2021-07-02T12:29:01.117Z GET /file/picDownload?fileId=117&downloadFlag=0 200 - - 1.014 ms
[logger] 2021-07-02T12:29:01.119Z GET /file/picDownload?fileId=116&downloadFlag=0 200 - - 0.964 ms
[logger] 2021-07-02T12:29:01.131Z GET /file/picDownload?fileId=118&downloadFlag=0 200 - - 5.327 ms
[logger] 2021-07-02T12:29:01.134Z GET /file/picDownload?fileId=115&downloadFlag=0 200 - - 1.698 ms
[logger] 2021-07-02T12:29:22.989Z GET /file/picDownload?fileId=116&downloadFlag=0 200 - - 0.926 ms
[logger] 2021-07-02T12:29:22.998Z GET /file/picDownload?fileId=117&downloadFlag=0 200 - - 1.221 ms
[logger] 2021-07-02T12:29:23.001Z GET /file/picDownload?fileId=118&downloadFlag=0 200 - - 2.859 ms
[logger] 2021-07-02T12:29:23.005Z GET /file/picDownload?fileId=115&downloadFlag=0 200 - - 3.046 ms
[logger] 2021-07-02T12:30:06.839Z GET /file/picDownload?fileId=117&downloadFlag=0 200 - - 2.236 ms
[logger] 2021-07-02T12:30:06.841Z GET /file/picDownload?fileId=116&downloadFlag=0 200 - - 1.065 ms
[logger] 2021-07-02T12:30:06.843Z GET /file/picDownload?fileId=118&downloadFlag=0 200 - - 1.503 ms
[logger] 2021-07-02T12:30:06.846Z GET /file/picDownload?fileId=115&downloadFlag=0 200 - - 1.025 ms
[logger] 2021-07-02T12:30:12.709Z GET /file/picDownload?fileId=116&downloadFlag=0 200 - - 1.016 ms
[logger] 2021-07-02T12:30:12.724Z GET /file/picDownload?fileId=117&downloadFlag=0 200 - - 1.031 ms
[logger] 2021-07-02T12:30:12.731Z GET /file/picDownload?fileId=124&downloadFlag=0 200 - - 5.960 ms
[logger] 2021-07-02T12:30:12.733Z GET /file/picDownload?fileId=118&downloadFlag=0 200 - - 6.185 ms
[logger] 2021-07-02T12:30:12.735Z GET /file/picDownload?fileId=120&downloadFlag=0 200 - - 5.090 ms
[logger] 2021-07-02T12:30:12.737Z GET /file/picDownload?fileId=121&downloadFlag=0 200 - - 4.881 ms
[logger] 2021-07-02T12:30:12.743Z GET /file/picDownload?fileId=122&downloadFlag=0 200 - - 2.782 ms
[logger] 2021-07-02T12:30:12.814Z GET /file/picDownload?fileId=123&downloadFlag=0 200 - - 2.710 ms
[logger] 2021-07-02T12:30:20.459Z GET /file/picDownload?fileId=118&downloadFlag=0 200 - - 1.984 ms
[logger] 2021-07-02T12:30:20.463Z GET /file/picDownload?fileId=115&downloadFlag=0 200 - - 1.110 ms
[logger] 2021-07-02T12:30:20.528Z GET /file/picDownload?fileId=117&downloadFlag=0 200 - - 1.036 ms
[logger] 2021-07-02T12:30:20.531Z GET /file/picDownload?fileId=116&downloadFlag=0 200 - - 1.260 ms
[logger] 2021-07-02T12:30:24.376Z GET /file/picDownload?fileId=117&downloadFlag=0 200 - - 0.924 ms
[logger] 2021-07-02T12:30:24.378Z GET /file/picDownload?fileId=116&downloadFlag=0 200 - - 1.291 ms
[logger] 2021-07-02T12:30:26.122Z GET /file/picDownload?fileId=117&downloadFlag=0 200 - - 2.644 ms
[logger] 2021-07-02T12:30:26.125Z GET /file/picDownload?fileId=116&downloadFlag=0 200 - - 1.378 ms
[logger] 2021-07-02T12:30:26.127Z GET /file/picDownload?fileId=118&downloadFlag=0 200 - - 1.636 ms
[logger] 2021-07-02T12:30:32.253Z GET /file/picDownload?fileId=118&downloadFlag=0 200 - - 1.572 ms
[logger] 2021-07-02T12:30:32.257Z GET /file/picDownload?fileId=115&downloadFlag=0 200 - - 1.039 ms
[logger] 2021-07-02T12:30:40.174Z GET /temp/images/1625129026113.jpg 304 - - 1.013 ms
[logger] 2021-07-02T12:30:55.169Z GET /temp/images/1625129028299.jpg 304 - - 1.188 ms
[logger] 2021-07-02T12:30:55.176Z GET /temp/images/1625129355330.jpg 304 - - 1.249 ms
[logger] 2021-07-02T12:30:55.184Z GET /file/picDownload?fileId=116&downloadFlag=0 200 - - 1.651 ms
[logger] 2021-07-02T12:30:55.196Z GET /file/picDownload?fileId=117&downloadFlag=0 200 - - 1.056 ms
[logger] 2021-07-02T12:31:45.004Z GET /file/picDownload?fileId=/temp/images/1625126325661.jpg&downloadFlag=0 - - - - ms
[logger] 2021-07-02T12:31:45.005Z GET /file/picDownload?fileId=/temp/images/1625129015070.jpg&downloadFlag=0 - - - - ms
[logger] 2021-07-02T12:31:45.006Z GET /file/picDownload?fileId=/temp/images/1625129151631.jpg&downloadFlag=0 - - - - ms
[logger] 2021-07-02T12:31:45.006Z GET /file/picDownload?fileId=/temp/images/1625188640916.jpg&downloadFlag=0 - - - - ms
[logger] 2021-07-02T12:31:45.007Z GET /file/picDownload?fileId=/temp/images/1625129017703.jpg&downloadFlag=0 - - - - ms
[logger] 2021-07-02T12:31:47.504Z GET /file/picDownload?fileId=100&downloadFlag=0 200 - - 0.844 ms
[logger] 2021-07-02T12:31:47.509Z GET /file/picDownload?fileId=103&downloadFlag=0 200 - - 1.047 ms
[logger] 2021-07-02T12:31:47.511Z GET /temp/images/1625129026113.jpg 304 - - 0.512 ms
[logger] 2021-07-02T12:31:47.513Z GET /file/picDownload?fileId=102&downloadFlag=0 200 - - 1.301 ms
[logger] 2021-07-02T12:31:47.515Z GET /file/picDownload?fileId=95&downloadFlag=0 200 - - 0.946 ms
[logger] 2021-07-02T12:31:47.517Z GET /temp/images/1625129028299.jpg 304 - - 0.478 ms
[logger] 2021-07-02T12:31:47.521Z GET /file/picDownload?fileId=94&downloadFlag=0 200 - - 3.340 ms
[logger] 2021-07-02T12:31:47.926Z GET /temp/images/1625129355330.jpg 304 - - 2.621 ms
[logger] 2021-07-02T12:31:47.929Z GET /file/picDownload?fileId=117&downloadFlag=0 200 - - 1.200 ms
[logger] 2021-07-02T12:31:47.931Z GET /file/picDownload?fileId=116&downloadFlag=0 200 - - 3.555 ms
[logger] 2021-07-02T12:33:01.815Z GET /file/picDownload?fileId=117&downloadFlag=0 200 - - 2.348 ms
[logger] 2021-07-02T12:33:01.820Z GET /file/picDownload?fileId=116&downloadFlag=0 200 - - 2.806 ms
[logger] 2021-07-02T12:33:01.827Z GET /file/picDownload?fileId=118&downloadFlag=0 200 - - 2.012 ms
[logger] 2021-07-02T12:33:01.831Z GET /file/picDownload?fileId=115&downloadFlag=0 200 - - 1.639 ms
[logger] 2021-07-02T12:33:06.950Z GET /file/picDownload?fileId=118&downloadFlag=0 200 - - 1.501 ms
[logger] 2021-07-02T12:33:06.954Z GET /file/picDownload?fileId=115&downloadFlag=0 200 - - 1.455 ms
[logger] 2021-07-02T12:33:07.048Z GET /file/picDownload?fileId=117&downloadFlag=0 200 - - 1.167 ms
[logger] 2021-07-02T12:33:07.050Z GET /file/picDownload?fileId=116&downloadFlag=0 200 - - 1.768 ms
[logger] 2021-07-02T12:33:08.604Z GET /file/picDownload?fileId=103&downloadFlag=0 200 - - 0.890 ms
[logger] 2021-07-02T12:33:08.607Z GET /file/picDownload?fileId=100&downloadFlag=0 200 - - 1.678 ms
[logger] 2021-07-02T12:33:08.610Z GET /file/picDownload?fileId=102&downloadFlag=0 200 - - 0.976 ms
[logger] 2021-07-02T12:33:08.620Z GET /file/picDownload?fileId=95&downloadFlag=0 200 - - 1.213 ms
[logger] 2021-07-02T12:33:08.624Z GET /file/picDownload?fileId=94&downloadFlag=0 200 - - 2.521 ms
[logger] 2021-07-02T12:33:08.630Z GET /file/picDownload?fileId=101&downloadFlag=0 200 - - 2.297 ms
[logger] 2021-07-02T12:33:09.094Z GET /file/picDownload?fileId=117&downloadFlag=0 200 - - 1.414 ms
[logger] 2021-07-02T12:33:09.096Z GET /file/picDownload?fileId=116&downloadFlag=0 200 - - 2.893 ms
[logger] 2021-07-02T12:33:09.098Z GET /file/picDownload?fileId=97&downloadFlag=0 200 - - 2.115 ms
[logger] 2021-07-02T12:33:09.099Z GET /file/picDownload?fileId=96&downloadFlag=0 200 - - 2.952 ms
[logger] 2021-07-02T12:33:10.693Z GET /file/picDownload?fileId=118&downloadFlag=0 200 - - 1.047 ms
[logger] 2021-07-02T12:33:50.562Z GET /file/picDownload?fileId=123&downloadFlag=0 200 - - 0.738 ms
[logger] 2021-07-02T12:33:50.563Z GET /file/picDownload?fileId=124&downloadFlag=0 200 - - 1.737 ms
[logger] 2021-07-02T12:33:50.565Z GET /file/picDownload?fileId=118&downloadFlag=0 200 - - 2.836 ms
[logger] 2021-07-02T12:33:50.567Z GET /file/picDownload?fileId=120&downloadFlag=0 200 - - 1.820 ms
[logger] 2021-07-02T12:33:50.569Z GET /file/picDownload?fileId=121&downloadFlag=0 200 - - 1.551 ms
[logger] 2021-07-02T12:33:50.572Z GET /file/picDownload?fileId=122&downloadFlag=0 200 - - 1.525 ms
[logger] 2021-07-02T12:33:51.557Z GET /file/picDownload?fileId=117&downloadFlag=0 200 - - 1.101 ms
[logger] 2021-07-02T12:33:51.559Z GET /file/picDownload?fileId=116&downloadFlag=0 200 - - 1.198 ms
[logger] 2021-07-02T12:33:52.543Z GET /file/picDownload?fileId=115&downloadFlag=0 200 - - 0.767 ms
